2023-01-28 22:05:44.228 +02:00 [INF] E:\desktop\Projects\BuildingGame\bin\Debug\net6.0-windows\Logs/Latest.log
2023-01-28 22:05:45.099 +02:00 [INF] Hello from game!
2023-01-28 22:05:51.298 +02:00 [INF] Subscribed packet of type TileAction
2023-01-28 22:05:51.304 +02:00 [DBG] Client ready to use
2023-01-28 22:05:51.320 +02:00 [DBG] Trying connect to 127.0.0.1:1928...
2023-01-28 22:05:53.244 +02:00 [INF] Packet PlayerConnect received
2023-01-28 22:05:53.250 +02:00 [INF] Packet PlayerConnect received
2023-01-28 22:07:43.403 +02:00 [INF] E:\desktop\Projects\BuildingGame\bin\Debug\net6.0-windows\Logs/Latest.log
2023-01-28 22:07:44.929 +02:00 [INF] Hello from game!
2023-01-28 22:07:51.326 +02:00 [DBG] Server will be hosted at 127.0.0.1:1928
2023-01-28 22:07:51.333 +02:00 [INF] Subscribed packet of type TileAction
2023-01-28 22:07:51.342 +02:00 [DBG] Client ready to use
2023-01-28 22:07:51.351 +02:00 [DBG] Client info:
	- Username: player
	- Server: 127.0.0.1:1928
2023-01-28 22:07:51.372 +02:00 [DBG] Server listening at 127.0.0.1:1928
2023-01-28 22:07:51.390 +02:00 [DBG] Must to send packet PlayerConnect
2023-01-28 22:07:51.424 +02:00 [DBG] Trying connect to 127.0.0.1:1928...
2023-01-28 22:07:51.538 +02:00 [DBG] PlayerConnect
2023-01-28 22:07:51.552 +02:00 [INF] Packet PlayerConnect received
2023-01-28 22:07:51.564 +02:00 [DBG] Resending PlayerConnect
2023-01-28 22:07:51.569 +02:00 [INF] Packet PlayerConnect received
2023-01-28 22:07:54.424 +02:00 [DBG] Must to send packet TileAction
2023-01-28 22:07:54.435 +02:00 [DBG] Must to send packet TileAction
2023-01-28 22:07:54.459 +02:00 [DBG] Must to send packet TileAction
2023-01-28 22:07:54.467 +02:00 [DBG] Must to send packet TileAction
2023-01-28 22:07:54.490 +02:00 [DBG] Must to send packet TileAction
2023-01-28 22:07:54.940 +02:00 [DBG] Must to send packet TileAction
2023-01-28 22:07:54.956 +02:00 [DBG] Must to send packet TileAction
2023-01-28 22:07:54.972 +02:00 [DBG] Must to send packet TileAction
2023-01-28 22:07:54.988 +02:00 [DBG] Must to send packet TileAction
2023-01-28 22:07:55.004 +02:00 [DBG] Must to send packet TileAction
2023-01-28 22:07:55.020 +02:00 [DBG] Must to send packet TileAction
2023-01-28 22:07:55.034 +02:00 [DBG] Must to send packet TileAction
2023-01-28 22:07:55.052 +02:00 [DBG] Must to send packet TileAction
2023-01-28 22:07:55.067 +02:00 [DBG] Must to send packet TileAction
2023-01-28 22:07:55.084 +02:00 [DBG] Must to send packet TileAction
2023-01-28 22:07:56.418 +02:00 [DBG] Must to send packet TileAction
2023-01-28 22:07:56.434 +02:00 [DBG] Must to send packet TileAction
2023-01-28 22:07:56.451 +02:00 [DBG] Must to send packet TileAction
2023-01-28 22:07:56.467 +02:00 [DBG] Must to send packet TileAction
2023-01-28 22:07:56.484 +02:00 [DBG] Must to send packet TileAction
2023-01-28 22:07:56.500 +02:00 [DBG] Must to send packet TileAction
2023-01-28 22:07:56.518 +02:00 [DBG] Must to send packet TileAction
2023-01-28 22:07:56.535 +02:00 [DBG] Must to send packet TileAction
2023-01-28 22:07:56.551 +02:00 [DBG] Must to send packet TileAction
2023-01-28 22:07:56.568 +02:00 [DBG] Must to send packet TileAction
2023-01-28 22:07:56.584 +02:00 [DBG] Must to send packet TileAction
2023-01-28 22:07:56.602 +02:00 [DBG] Must to send packet TileAction
2023-01-28 22:07:56.619 +02:00 [DBG] Must to send packet TileAction
2023-01-28 22:07:56.635 +02:00 [DBG] Must to send packet TileAction
2023-01-28 22:07:56.651 +02:00 [DBG] Must to send packet TileAction
2023-01-28 22:07:56.668 +02:00 [DBG] Must to send packet TileAction
2023-01-28 22:07:56.685 +02:00 [DBG] Must to send packet TileAction
2023-01-28 22:07:56.701 +02:00 [DBG] Must to send packet TileAction
2023-01-28 22:07:56.721 +02:00 [DBG] Must to send packet TileAction
2023-01-28 22:07:56.736 +02:00 [DBG] Must to send packet TileAction
2023-01-28 22:07:56.750 +02:00 [DBG] Must to send packet TileAction
2023-01-28 22:07:56.768 +02:00 [DBG] Must to send packet TileAction
2023-01-28 22:07:56.785 +02:00 [DBG] Must to send packet TileAction
2023-01-28 22:07:56.802 +02:00 [DBG] Must to send packet TileAction
2023-01-28 22:07:56.817 +02:00 [DBG] Must to send packet TileAction
2023-01-28 22:07:56.834 +02:00 [DBG] Must to send packet TileAction
2023-01-28 22:07:56.851 +02:00 [DBG] Must to send packet TileAction
2023-01-28 22:07:56.867 +02:00 [DBG] Must to send packet TileAction
2023-01-28 22:07:56.884 +02:00 [DBG] Must to send packet TileAction
2023-01-28 22:07:56.900 +02:00 [DBG] Must to send packet TileAction
2023-01-28 22:07:56.917 +02:00 [DBG] Must to send packet TileAction
2023-01-28 22:07:56.934 +02:00 [DBG] Must to send packet TileAction
2023-01-28 22:07:56.951 +02:00 [DBG] Must to send packet TileAction
2023-01-28 22:07:56.967 +02:00 [DBG] Must to send packet TileAction
2023-01-28 22:07:56.984 +02:00 [DBG] Must to send packet TileAction
2023-01-28 22:07:57.001 +02:00 [DBG] Must to send packet TileAction
2023-01-28 22:07:57.017 +02:00 [DBG] Must to send packet TileAction
2023-01-28 22:07:57.036 +02:00 [DBG] Must to send packet TileAction
2023-01-28 22:07:57.053 +02:00 [DBG] Must to send packet TileAction
2023-01-28 22:07:57.069 +02:00 [DBG] Must to send packet TileAction
2023-01-28 22:07:57.084 +02:00 [DBG] Must to send packet TileAction
2023-01-28 22:07:57.103 +02:00 [DBG] Must to send packet TileAction
2023-01-28 22:07:57.117 +02:00 [DBG] Must to send packet TileAction
2023-01-28 22:07:57.136 +02:00 [DBG] Must to send packet TileAction
2023-01-28 22:07:57.152 +02:00 [DBG] Must to send packet TileAction
2023-01-28 22:07:57.169 +02:00 [DBG] Must to send packet TileAction
2023-01-28 22:07:57.185 +02:00 [DBG] Must to send packet TileAction
2023-01-28 22:07:57.201 +02:00 [DBG] Must to send packet TileAction
2023-01-28 22:07:57.218 +02:00 [DBG] Must to send packet TileAction
2023-01-28 22:07:57.234 +02:00 [DBG] Must to send packet TileAction
2023-01-28 22:07:57.252 +02:00 [DBG] Must to send packet TileAction
2023-01-28 22:07:57.267 +02:00 [DBG] Must to send packet TileAction
2023-01-28 22:07:57.284 +02:00 [DBG] Must to send packet TileAction
2023-01-28 22:07:57.301 +02:00 [DBG] Must to send packet TileAction
2023-01-28 22:07:57.318 +02:00 [DBG] Must to send packet TileAction
2023-01-28 22:07:57.334 +02:00 [DBG] Must to send packet TileAction
2023-01-28 22:07:57.351 +02:00 [DBG] Must to send packet TileAction
2023-01-28 22:07:57.367 +02:00 [DBG] Must to send packet TileAction
2023-01-28 22:07:57.386 +02:00 [DBG] Must to send packet TileAction
2023-01-28 22:07:57.401 +02:00 [DBG] Must to send packet TileAction
2023-01-28 22:07:57.417 +02:00 [DBG] Must to send packet TileAction
2023-01-28 22:07:57.434 +02:00 [DBG] Must to send packet TileAction
2023-01-28 22:07:57.451 +02:00 [DBG] Must to send packet TileAction
2023-01-28 22:07:57.467 +02:00 [DBG] Must to send packet TileAction
2023-01-28 22:07:57.484 +02:00 [DBG] Must to send packet TileAction
2023-01-28 22:07:57.500 +02:00 [DBG] Must to send packet TileAction
2023-01-28 22:07:57.519 +02:00 [DBG] Must to send packet TileAction
2023-01-28 22:07:57.534 +02:00 [DBG] Must to send packet TileAction
2023-01-28 22:07:57.551 +02:00 [DBG] Must to send packet TileAction
2023-01-28 22:07:57.568 +02:00 [DBG] Must to send packet TileAction
2023-01-28 22:07:57.585 +02:00 [DBG] Must to send packet TileAction
2023-01-28 22:07:57.603 +02:00 [DBG] Must to send packet TileAction
2023-01-28 22:07:57.618 +02:00 [DBG] Must to send packet TileAction
2023-01-28 22:07:57.636 +02:00 [DBG] Must to send packet TileAction
2023-01-28 22:07:57.652 +02:00 [DBG] Must to send packet TileAction
2023-01-28 22:07:57.668 +02:00 [DBG] Must to send packet TileAction
2023-01-28 22:07:57.684 +02:00 [DBG] Must to send packet TileAction
2023-01-28 22:07:57.701 +02:00 [DBG] Must to send packet TileAction
2023-01-28 22:07:57.722 +02:00 [DBG] Must to send packet TileAction
2023-01-28 22:07:57.752 +02:00 [DBG] Must to send packet TileAction
2023-01-28 22:07:57.758 +02:00 [DBG] Must to send packet TileAction
2023-01-28 22:07:57.775 +02:00 [DBG] Must to send packet TileAction
2023-01-28 22:07:57.788 +02:00 [DBG] Must to send packet TileAction
2023-01-28 22:07:57.803 +02:00 [DBG] Must to send packet TileAction
2023-01-28 22:07:57.818 +02:00 [DBG] Must to send packet TileAction
2023-01-28 22:07:57.836 +02:00 [DBG] Must to send packet TileAction
2023-01-28 22:07:57.852 +02:00 [DBG] Must to send packet TileAction
2023-01-28 22:07:57.868 +02:00 [DBG] Must to send packet TileAction
2023-01-28 22:07:57.884 +02:00 [DBG] Must to send packet TileAction
2023-01-28 22:07:57.904 +02:00 [DBG] Must to send packet TileAction
2023-01-28 22:07:57.918 +02:00 [DBG] Must to send packet TileAction
2023-01-28 22:07:57.937 +02:00 [DBG] Must to send packet TileAction
2023-01-28 22:07:57.952 +02:00 [DBG] Must to send packet TileAction
2023-01-28 22:07:57.968 +02:00 [DBG] Must to send packet TileAction
2023-01-28 22:07:57.985 +02:00 [DBG] Must to send packet TileAction
2023-01-28 22:07:58.002 +02:00 [DBG] Must to send packet TileAction
2023-01-28 22:07:58.018 +02:00 [DBG] Must to send packet TileAction
2023-01-28 22:07:58.036 +02:00 [DBG] Must to send packet TileAction
2023-01-28 22:07:58.054 +02:00 [DBG] Must to send packet TileAction
2023-01-28 22:07:58.068 +02:00 [DBG] Must to send packet TileAction
2023-01-28 22:07:58.086 +02:00 [DBG] Must to send packet TileAction
2023-01-28 22:07:58.101 +02:00 [DBG] Must to send packet TileAction
2023-01-28 22:07:58.118 +02:00 [DBG] Must to send packet TileAction
2023-01-28 22:07:58.138 +02:00 [DBG] Must to send packet TileAction
2023-01-28 22:07:58.153 +02:00 [DBG] Must to send packet TileAction
2023-01-28 22:07:58.168 +02:00 [DBG] Must to send packet TileAction
2023-01-28 22:07:58.187 +02:00 [DBG] Must to send packet TileAction
2023-01-28 22:07:58.202 +02:00 [DBG] Must to send packet TileAction
2023-01-28 22:07:58.220 +02:00 [DBG] Must to send packet TileAction
2023-01-28 22:07:58.236 +02:00 [DBG] Must to send packet TileAction
2023-01-28 22:07:58.251 +02:00 [DBG] Must to send packet TileAction
2023-01-28 22:07:58.268 +02:00 [DBG] Must to send packet TileAction
2023-01-28 22:07:58.285 +02:00 [DBG] Must to send packet TileAction
2023-01-28 22:07:58.301 +02:00 [DBG] Must to send packet TileAction
2023-01-28 22:07:58.318 +02:00 [DBG] Must to send packet TileAction
2023-01-28 22:07:58.334 +02:00 [DBG] Must to send packet TileAction
2023-01-28 22:07:58.353 +02:00 [DBG] Must to send packet TileAction
2023-01-28 22:07:58.368 +02:00 [DBG] Must to send packet TileAction
2023-01-28 22:07:58.386 +02:00 [DBG] Must to send packet TileAction
2023-01-28 22:07:58.402 +02:00 [DBG] Must to send packet TileAction
2023-01-28 22:07:58.418 +02:00 [DBG] Must to send packet TileAction
2023-01-28 22:07:58.435 +02:00 [DBG] Must to send packet TileAction
2023-01-28 22:07:58.452 +02:00 [DBG] Must to send packet TileAction
2023-01-28 22:07:58.468 +02:00 [DBG] Must to send packet TileAction
2023-01-28 22:07:58.484 +02:00 [DBG] Must to send packet TileAction
2023-01-28 22:07:58.500 +02:00 [DBG] Must to send packet TileAction
2023-01-28 22:07:58.519 +02:00 [DBG] Must to send packet TileAction
2023-01-28 22:07:58.534 +02:00 [DBG] Must to send packet TileAction
2023-01-28 22:07:58.551 +02:00 [DBG] Must to send packet TileAction
2023-01-28 22:07:58.568 +02:00 [DBG] Must to send packet TileAction
2023-01-28 22:07:58.585 +02:00 [DBG] Must to send packet TileAction
2023-01-28 22:07:58.601 +02:00 [DBG] Must to send packet TileAction
2023-01-28 22:07:58.622 +02:00 [DBG] Must to send packet TileAction
2023-01-28 22:07:58.635 +02:00 [DBG] Must to send packet TileAction
2023-01-28 22:07:58.653 +02:00 [DBG] Must to send packet TileAction
2023-01-28 22:07:58.669 +02:00 [DBG] Must to send packet TileAction
2023-01-28 22:07:58.685 +02:00 [DBG] Must to send packet TileAction
2023-01-28 22:07:58.705 +02:00 [DBG] Must to send packet TileAction
2023-01-28 22:07:58.724 +02:00 [DBG] Must to send packet TileAction
2023-01-28 22:07:58.741 +02:00 [DBG] Must to send packet TileAction
2023-01-28 22:07:58.757 +02:00 [DBG] Must to send packet TileAction
2023-01-28 22:07:58.788 +02:00 [DBG] Must to send packet TileAction
2023-01-28 22:07:58.792 +02:00 [DBG] Must to send packet TileAction
2023-01-28 22:07:58.802 +02:00 [DBG] Must to send packet TileAction
2023-01-28 22:07:58.818 +02:00 [DBG] Must to send packet TileAction
2023-01-28 22:07:58.836 +02:00 [DBG] Must to send packet TileAction
2023-01-28 22:07:58.852 +02:00 [DBG] Must to send packet TileAction
2023-01-28 22:07:58.868 +02:00 [DBG] Must to send packet TileAction
2023-01-28 22:07:58.886 +02:00 [DBG] Must to send packet TileAction
2023-01-28 22:07:58.901 +02:00 [DBG] Must to send packet TileAction
2023-01-28 22:07:58.919 +02:00 [DBG] Must to send packet TileAction
2023-01-28 22:07:58.935 +02:00 [DBG] Must to send packet TileAction
2023-01-28 22:07:58.952 +02:00 [DBG] Must to send packet TileAction
2023-01-28 22:07:58.968 +02:00 [DBG] Must to send packet TileAction
2023-01-28 22:07:58.986 +02:00 [DBG] Must to send packet TileAction
2023-01-28 22:07:59.002 +02:00 [DBG] Must to send packet TileAction
2023-01-28 22:07:59.019 +02:00 [DBG] Must to send packet TileAction
2023-01-28 22:07:59.037 +02:00 [DBG] Must to send packet TileAction
2023-01-28 22:07:59.053 +02:00 [DBG] Must to send packet TileAction
2023-01-28 22:07:59.069 +02:00 [DBG] Must to send packet TileAction
2023-01-28 22:07:59.085 +02:00 [DBG] Must to send packet TileAction
2023-01-28 22:07:59.103 +02:00 [DBG] Must to send packet TileAction
2023-01-28 22:07:59.119 +02:00 [DBG] Must to send packet TileAction
2023-01-28 22:07:59.136 +02:00 [DBG] Must to send packet TileAction
2023-01-28 22:07:59.153 +02:00 [DBG] Must to send packet TileAction
2023-01-28 22:07:59.170 +02:00 [DBG] Must to send packet TileAction
2023-01-28 22:07:59.186 +02:00 [DBG] Must to send packet TileAction
2023-01-28 22:07:59.202 +02:00 [DBG] Must to send packet TileAction
2023-01-28 22:07:59.218 +02:00 [DBG] Must to send packet TileAction
2023-01-28 22:07:59.234 +02:00 [DBG] Must to send packet TileAction
2023-01-28 22:07:59.254 +02:00 [DBG] Must to send packet TileAction
2023-01-28 22:07:59.268 +02:00 [DBG] Must to send packet TileAction
2023-01-28 22:07:59.285 +02:00 [DBG] Must to send packet TileAction
2023-01-28 22:07:59.302 +02:00 [DBG] Must to send packet TileAction
2023-01-28 22:07:59.319 +02:00 [DBG] Must to send packet TileAction
2023-01-28 22:07:59.335 +02:00 [DBG] Must to send packet TileAction
2023-01-28 22:07:59.352 +02:00 [DBG] Must to send packet TileAction
2023-01-28 22:07:59.369 +02:00 [DBG] Must to send packet TileAction
2023-01-28 22:07:59.386 +02:00 [DBG] Must to send packet TileAction
2023-01-28 22:07:59.401 +02:00 [DBG] Must to send packet TileAction
2023-01-28 22:07:59.418 +02:00 [DBG] Must to send packet TileAction
2023-01-28 22:07:59.436 +02:00 [DBG] Must to send packet TileAction
2023-01-28 22:07:59.451 +02:00 [DBG] Must to send packet TileAction
2023-01-28 22:07:59.467 +02:00 [DBG] Must to send packet TileAction
2023-01-28 22:07:59.484 +02:00 [DBG] Must to send packet TileAction
2023-01-28 22:07:59.500 +02:00 [DBG] Must to send packet TileAction
2023-01-28 22:07:59.517 +02:00 [DBG] Must to send packet TileAction
2023-01-28 22:07:59.535 +02:00 [DBG] Must to send packet TileAction
2023-01-28 22:07:59.552 +02:00 [DBG] Must to send packet TileAction
2023-01-28 22:07:59.569 +02:00 [DBG] Must to send packet TileAction
2023-01-28 22:07:59.586 +02:00 [DBG] Must to send packet TileAction
2023-01-28 22:07:59.601 +02:00 [DBG] Must to send packet TileAction
2023-01-28 22:07:59.619 +02:00 [DBG] Must to send packet TileAction
2023-01-28 22:07:59.638 +02:00 [DBG] Must to send packet TileAction
2023-01-28 22:07:59.653 +02:00 [DBG] Must to send packet TileAction
2023-01-28 22:07:59.669 +02:00 [DBG] Must to send packet TileAction
2023-01-28 22:07:59.685 +02:00 [DBG] Must to send packet TileAction
2023-01-28 22:07:59.708 +02:00 [DBG] Must to send packet TileAction
2023-01-28 22:07:59.721 +02:00 [DBG] Must to send packet TileAction
2023-01-28 22:07:59.754 +02:00 [DBG] Must to send packet TileAction
2023-01-28 22:07:59.760 +02:00 [DBG] Must to send packet TileAction
2023-01-28 22:07:59.772 +02:00 [DBG] Must to send packet TileAction
2023-01-28 22:07:59.786 +02:00 [DBG] Must to send packet TileAction
2023-01-28 22:07:59.802 +02:00 [DBG] Must to send packet TileAction
2023-01-28 22:07:59.819 +02:00 [DBG] Must to send packet TileAction
2023-01-28 22:07:59.837 +02:00 [DBG] Must to send packet TileAction
2023-01-28 22:07:59.852 +02:00 [DBG] Must to send packet TileAction
2023-01-28 22:07:59.868 +02:00 [DBG] Must to send packet TileAction
2023-01-28 22:07:59.888 +02:00 [DBG] Must to send packet TileAction
2023-01-28 22:07:59.902 +02:00 [DBG] Must to send packet TileAction
2023-01-28 22:07:59.919 +02:00 [DBG] Must to send packet TileAction
2023-01-28 22:07:59.936 +02:00 [DBG] Must to send packet TileAction
2023-01-28 22:07:59.953 +02:00 [DBG] Must to send packet TileAction
2023-01-28 22:07:59.969 +02:00 [DBG] Must to send packet TileAction
2023-01-28 22:07:59.985 +02:00 [DBG] Must to send packet TileAction
2023-01-28 22:08:00.003 +02:00 [DBG] Must to send packet TileAction
2023-01-28 22:08:00.036 +02:00 [DBG] Must to send packet TileAction
2023-01-28 22:08:00.054 +02:00 [DBG] Must to send packet TileAction
2023-01-28 22:08:00.060 +02:00 [DBG] Must to send packet TileAction
2023-01-28 22:08:00.073 +02:00 [DBG] Must to send packet TileAction
2023-01-28 22:08:00.087 +02:00 [DBG] Must to send packet TileAction
2023-01-28 22:08:00.104 +02:00 [DBG] Must to send packet TileAction
2023-01-28 22:08:00.670 +02:00 [DBG] Must to send packet TileAction
2023-01-28 22:08:00.685 +02:00 [DBG] Must to send packet TileAction
2023-01-28 22:08:00.704 +02:00 [DBG] Must to send packet TileAction
2023-01-28 22:08:00.719 +02:00 [DBG] Must to send packet TileAction
2023-01-28 22:08:00.737 +02:00 [DBG] Must to send packet TileAction
2023-01-28 22:08:00.760 +02:00 [DBG] Must to send packet TileAction
2023-01-28 22:08:00.774 +02:00 [DBG] Must to send packet TileAction
2023-01-28 22:08:00.790 +02:00 [DBG] Must to send packet TileAction
2023-01-28 22:08:00.803 +02:00 [DBG] Must to send packet TileAction
2023-01-28 22:08:00.819 +02:00 [DBG] Must to send packet TileAction
2023-01-28 22:08:00.837 +02:00 [DBG] Must to send packet TileAction
2023-01-28 22:08:00.852 +02:00 [DBG] Must to send packet TileAction
2023-01-28 22:08:00.870 +02:00 [DBG] Must to send packet TileAction
2023-01-28 22:08:00.885 +02:00 [DBG] Must to send packet TileAction
2023-01-28 22:08:00.902 +02:00 [DBG] Must to send packet TileAction
2023-01-28 22:08:00.920 +02:00 [DBG] Must to send packet TileAction
2023-01-28 22:08:00.936 +02:00 [DBG] Must to send packet TileAction
2023-01-28 22:08:00.953 +02:00 [DBG] Must to send packet TileAction
2023-01-28 22:08:00.969 +02:00 [DBG] Must to send packet TileAction
2023-01-28 22:08:00.987 +02:00 [DBG] Must to send packet TileAction
2023-01-28 22:08:01.003 +02:00 [DBG] Must to send packet TileAction
2023-01-28 22:08:01.019 +02:00 [DBG] Must to send packet TileAction
2023-01-28 22:08:01.040 +02:00 [DBG] Must to send packet TileAction
2023-01-28 22:08:01.054 +02:00 [DBG] Must to send packet TileAction
2023-01-28 22:08:01.071 +02:00 [DBG] Must to send packet TileAction
2023-01-28 22:08:01.086 +02:00 [DBG] Must to send packet TileAction
2023-01-28 22:08:01.105 +02:00 [DBG] Must to send packet TileAction
2023-01-28 22:08:01.120 +02:00 [DBG] Must to send packet TileAction
2023-01-28 22:08:01.141 +02:00 [DBG] Must to send packet TileAction
2023-01-28 22:08:01.154 +02:00 [DBG] Must to send packet TileAction
2023-01-28 22:08:01.179 +02:00 [DBG] Must to send packet TileAction
2023-01-28 22:08:01.202 +02:00 [DBG] Must to send packet TileAction
2023-01-28 22:08:01.207 +02:00 [DBG] Must to send packet TileAction
2023-01-28 22:08:01.220 +02:00 [DBG] Must to send packet TileAction
2023-01-28 22:08:01.237 +02:00 [DBG] Must to send packet TileAction
2023-01-28 22:08:01.253 +02:00 [DBG] Must to send packet TileAction
2023-01-28 22:08:01.269 +02:00 [DBG] Must to send packet TileAction
2023-01-28 22:08:01.287 +02:00 [DBG] Must to send packet TileAction
2023-01-28 22:08:01.304 +02:00 [DBG] Must to send packet TileAction
2023-01-28 22:08:01.321 +02:00 [DBG] Must to send packet TileAction
2023-01-28 22:08:01.336 +02:00 [DBG] Must to send packet TileAction
2023-01-28 22:08:01.353 +02:00 [DBG] Must to send packet TileAction
2023-01-28 22:08:01.369 +02:00 [DBG] Must to send packet TileAction
2023-01-28 22:08:01.387 +02:00 [DBG] Must to send packet TileAction
2023-01-28 22:08:01.402 +02:00 [DBG] Must to send packet TileAction
2023-01-28 22:08:01.419 +02:00 [DBG] Must to send packet TileAction
2023-01-28 22:08:01.434 +02:00 [DBG] Must to send packet TileAction
2023-01-28 22:08:01.458 +02:00 [DBG] Must to send packet TileAction
2023-01-28 22:08:01.470 +02:00 [DBG] Must to send packet TileAction
2023-01-28 22:08:01.486 +02:00 [DBG] Must to send packet TileAction
2023-01-28 22:08:01.502 +02:00 [DBG] Must to send packet TileAction
2023-01-28 22:09:12.843 +02:00 [INF] E:\desktop\Projects\BuildingGame\bin\Debug\net6.0-windows\Logs/Latest.log
2023-01-28 22:09:14.351 +02:00 [INF] Hello from game!
2023-01-28 22:09:16.753 +02:00 [DBG] Server will be hosted at 127.0.0.1:1928
2023-01-28 22:09:16.758 +02:00 [INF] Subscribed packet of type TileAction
2023-01-28 22:09:16.763 +02:00 [DBG] Client ready to use
2023-01-28 22:09:16.771 +02:00 [DBG] Client info:
	- Username: player
	- Server: 127.0.0.1:1928
2023-01-28 22:09:16.780 +02:00 [DBG] Server listening at 127.0.0.1:1928
2023-01-28 22:09:16.799 +02:00 [DBG] Must to send packet PlayerConnect
2023-01-28 22:09:16.827 +02:00 [DBG] Trying connect to 127.0.0.1:1928...
2023-01-28 22:09:16.938 +02:00 [DBG] PlayerConnect
2023-01-28 22:09:16.943 +02:00 [INF] Packet PlayerConnect received
2023-01-28 22:09:16.952 +02:00 [DBG] Resending PlayerConnect
2023-01-28 22:09:16.961 +02:00 [INF] Packet PlayerConnect received
2023-01-28 22:09:17.339 +02:00 [DBG] Must to send packet TileAction
2023-01-28 22:09:17.347 +02:00 [DBG] Must to send packet TileAction
2023-01-28 22:09:17.367 +02:00 [DBG] Must to send packet TileAction
2023-01-28 22:09:17.383 +02:00 [DBG] Must to send packet TileAction
2023-01-28 22:09:17.398 +02:00 [DBG] Must to send packet TileAction
2023-01-28 22:09:17.413 +02:00 [DBG] Must to send packet TileAction
2023-01-28 22:09:17.430 +02:00 [DBG] Must to send packet TileAction
2023-01-28 22:09:17.460 +02:00 [DBG] Must to send packet TileAction
2023-01-28 22:09:17.469 +02:00 [DBG] Must to send packet TileAction
2023-01-28 22:09:17.487 +02:00 [DBG] Must to send packet TileAction
2023-01-28 22:09:17.504 +02:00 [DBG] Must to send packet TileAction
2023-01-28 22:09:17.524 +02:00 [DBG] Must to send packet TileAction
2023-01-28 22:09:17.541 +02:00 [DBG] Must to send packet TileAction
2023-01-28 22:09:17.555 +02:00 [DBG] Must to send packet TileAction
2023-01-28 22:09:17.572 +02:00 [DBG] Must to send packet TileAction
2023-01-28 22:09:17.592 +02:00 [DBG] Must to send packet TileAction
2023-01-28 22:09:17.604 +02:00 [DBG] Must to send packet TileAction
2023-01-28 22:09:17.622 +02:00 [DBG] Must to send packet TileAction
2023-01-28 22:09:17.638 +02:00 [DBG] Must to send packet TileAction
2023-01-28 22:09:17.656 +02:00 [DBG] Must to send packet TileAction
2023-01-28 22:09:17.672 +02:00 [DBG] Must to send packet TileAction
2023-01-28 22:09:17.688 +02:00 [DBG] Must to send packet TileAction
2023-01-28 22:09:17.711 +02:00 [DBG] Must to send packet TileAction
2023-01-28 22:09:17.725 +02:00 [DBG] Must to send packet TileAction
2023-01-28 22:09:17.744 +02:00 [DBG] Must to send packet TileAction
2023-01-28 22:09:17.758 +02:00 [DBG] Must to send packet TileAction
2023-01-28 22:09:17.774 +02:00 [DBG] Must to send packet TileAction
2023-01-28 22:09:17.791 +02:00 [DBG] Must to send packet TileAction
2023-01-28 22:09:17.804 +02:00 [DBG] Must to send packet TileAction
2023-01-28 22:09:17.821 +02:00 [DBG] Must to send packet TileAction
2023-01-28 22:09:17.838 +02:00 [DBG] Must to send packet TileAction
2023-01-28 22:09:17.855 +02:00 [DBG] Must to send packet TileAction
2023-01-28 22:09:17.872 +02:00 [DBG] Must to send packet TileAction
2023-01-28 22:09:17.889 +02:00 [DBG] Must to send packet TileAction
2023-01-28 22:09:17.904 +02:00 [DBG] Must to send packet TileAction
2023-01-28 22:09:17.921 +02:00 [DBG] Must to send packet TileAction
2023-01-28 22:09:17.935 +02:00 [DBG] Must to send packet TileAction
2023-01-28 22:09:17.954 +02:00 [DBG] Must to send packet TileAction
2023-01-28 22:09:17.971 +02:00 [DBG] Must to send packet TileAction
2023-01-28 22:09:17.989 +02:00 [DBG] Must to send packet TileAction
2023-01-28 22:09:18.004 +02:00 [DBG] Must to send packet TileAction
2023-01-28 22:09:18.023 +02:00 [DBG] Must to send packet TileAction
2023-01-28 22:09:18.040 +02:00 [DBG] Must to send packet TileAction
2023-01-28 22:09:18.057 +02:00 [DBG] Must to send packet TileAction
2023-01-28 22:09:18.072 +02:00 [DBG] Must to send packet TileAction
2023-01-28 22:09:18.090 +02:00 [DBG] Must to send packet TileAction
2023-01-28 22:09:18.103 +02:00 [DBG] Must to send packet TileAction
2023-01-28 22:09:18.123 +02:00 [DBG] Must to send packet TileAction
2023-01-28 22:09:18.138 +02:00 [DBG] Must to send packet TileAction
2023-01-28 22:09:18.155 +02:00 [DBG] Must to send packet TileAction
2023-01-28 22:09:18.195 +02:00 [DBG] Must to send packet TileAction
2023-01-28 22:09:18.202 +02:00 [DBG] Must to send packet TileAction
2023-01-28 22:09:18.206 +02:00 [DBG] Must to send packet TileAction
2023-01-28 22:09:18.218 +02:00 [DBG] Must to send packet TileAction
2023-01-28 22:09:18.236 +02:00 [DBG] Must to send packet TileAction
2023-01-28 22:09:18.254 +02:00 [DBG] Must to send packet TileAction
2023-01-28 22:09:18.268 +02:00 [DBG] Must to send packet TileAction
2023-01-28 22:09:18.288 +02:00 [DBG] Must to send packet TileAction
2023-01-28 22:09:18.306 +02:00 [DBG] Must to send packet TileAction
2023-01-28 22:09:18.323 +02:00 [DBG] Must to send packet TileAction
2023-01-28 22:09:18.337 +02:00 [DBG] Must to send packet TileAction
2023-01-28 22:09:18.355 +02:00 [DBG] Must to send packet TileAction
2023-01-28 22:09:18.372 +02:00 [DBG] Must to send packet TileAction
2023-01-28 22:09:18.388 +02:00 [DBG] Must to send packet TileAction
2023-01-28 22:09:18.404 +02:00 [DBG] Must to send packet TileAction
2023-01-28 22:09:18.423 +02:00 [DBG] Must to send packet TileAction
2023-01-28 22:09:18.438 +02:00 [DBG] Must to send packet TileAction
2023-01-28 22:09:18.455 +02:00 [DBG] Must to send packet TileAction
2023-01-28 22:09:18.471 +02:00 [DBG] Must to send packet TileAction
2023-01-28 22:09:18.488 +02:00 [DBG] Must to send packet TileAction
2023-01-28 22:09:18.503 +02:00 [DBG] Must to send packet TileAction
2023-01-28 22:09:18.522 +02:00 [DBG] Must to send packet TileAction
2023-01-28 22:09:18.537 +02:00 [DBG] Must to send packet TileAction
2023-01-28 22:09:18.554 +02:00 [DBG] Must to send packet TileAction
2023-01-28 22:09:18.570 +02:00 [DBG] Must to send packet TileAction
2023-01-28 22:09:18.588 +02:00 [DBG] Must to send packet TileAction
2023-01-28 22:09:18.606 +02:00 [DBG] Must to send packet TileAction
2023-01-28 22:09:18.622 +02:00 [DBG] Must to send packet TileAction
2023-01-28 22:09:18.637 +02:00 [DBG] Must to send packet TileAction
2023-01-28 22:09:18.657 +02:00 [DBG] Must to send packet TileAction
2023-01-28 22:09:18.673 +02:00 [DBG] Must to send packet TileAction
2023-01-28 22:09:18.690 +02:00 [DBG] Must to send packet TileAction
2023-01-28 22:09:18.709 +02:00 [DBG] Must to send packet TileAction
2023-01-28 22:09:18.723 +02:00 [DBG] Must to send packet TileAction
2023-01-28 22:09:18.739 +02:00 [DBG] Must to send packet TileAction
2023-01-28 22:09:18.756 +02:00 [DBG] Must to send packet TileAction
2023-01-28 22:09:18.772 +02:00 [DBG] Must to send packet TileAction
2023-01-28 22:09:18.789 +02:00 [DBG] Must to send packet TileAction
2023-01-28 22:09:18.805 +02:00 [DBG] Must to send packet TileAction
2023-01-28 22:09:18.822 +02:00 [DBG] Must to send packet TileAction
2023-01-28 22:09:18.839 +02:00 [DBG] Must to send packet TileAction
2023-01-28 22:09:18.855 +02:00 [DBG] Must to send packet TileAction
2023-01-28 22:09:18.874 +02:00 [DBG] Must to send packet TileAction
2023-01-28 22:09:18.890 +02:00 [DBG] Must to send packet TileAction
2023-01-28 22:09:18.904 +02:00 [DBG] Must to send packet TileAction
2023-01-28 22:09:18.922 +02:00 [DBG] Must to send packet TileAction
2023-01-28 22:09:18.939 +02:00 [DBG] Must to send packet TileAction
2023-01-28 22:09:18.955 +02:00 [DBG] Must to send packet TileAction
2023-01-28 22:09:18.972 +02:00 [DBG] Must to send packet TileAction
2023-01-28 22:09:18.988 +02:00 [DBG] Must to send packet TileAction
2023-01-28 22:09:19.006 +02:00 [DBG] Must to send packet TileAction
2023-01-28 22:09:19.021 +02:00 [DBG] Must to send packet TileAction
2023-01-28 22:09:19.040 +02:00 [DBG] Must to send packet TileAction
2023-01-28 22:09:19.057 +02:00 [DBG] Must to send packet TileAction
2023-01-28 22:09:19.072 +02:00 [DBG] Must to send packet TileAction
2023-01-28 22:09:19.090 +02:00 [DBG] Must to send packet TileAction
2023-01-28 22:09:19.106 +02:00 [DBG] Must to send packet TileAction
2023-01-28 22:09:19.124 +02:00 [DBG] Must to send packet TileAction
2023-01-28 22:09:19.139 +02:00 [DBG] Must to send packet TileAction
2023-01-28 22:09:19.160 +02:00 [DBG] Must to send packet TileAction
2023-01-28 22:09:19.172 +02:00 [DBG] Must to send packet TileAction
2023-01-28 22:09:19.236 +02:00 [DBG] Must to send packet TileAction
2023-01-28 22:09:19.297 +02:00 [DBG] Must to send packet TileAction
2023-01-28 22:09:19.307 +02:00 [DBG] Must to send packet TileAction
2023-01-28 22:09:19.312 +02:00 [DBG] Must to send packet TileAction
2023-01-28 22:09:19.319 +02:00 [DBG] Must to send packet TileAction
2023-01-28 22:09:19.344 +02:00 [DBG] Must to send packet TileAction
2023-01-28 22:09:19.353 +02:00 [DBG] Must to send packet TileAction
2023-01-28 22:09:19.359 +02:00 [DBG] Must to send packet TileAction
2023-01-28 22:09:19.368 +02:00 [DBG] Must to send packet TileAction
2023-01-28 22:09:19.372 +02:00 [DBG] Must to send packet TileAction
2023-01-28 22:09:19.376 +02:00 [DBG] Must to send packet TileAction
2023-01-28 22:09:19.381 +02:00 [DBG] Must to send packet TileAction
2023-01-28 22:09:19.392 +02:00 [DBG] Must to send packet TileAction
2023-01-28 22:09:19.408 +02:00 [DBG] Must to send packet TileAction
2023-01-28 22:09:19.421 +02:00 [DBG] Must to send packet TileAction
2023-01-28 22:09:19.438 +02:00 [DBG] Must to send packet TileAction
2023-01-28 22:09:19.455 +02:00 [DBG] Must to send packet TileAction
2023-01-28 22:09:19.471 +02:00 [DBG] Must to send packet TileAction
2023-01-28 22:09:19.487 +02:00 [DBG] Must to send packet TileAction
2023-01-28 22:09:19.504 +02:00 [DBG] Must to send packet TileAction
2023-01-28 22:09:19.521 +02:00 [DBG] Must to send packet TileAction
2023-01-28 22:09:19.537 +02:00 [DBG] Must to send packet TileAction
2023-01-28 22:09:19.555 +02:00 [DBG] Must to send packet TileAction
2023-01-28 22:09:19.572 +02:00 [DBG] Must to send packet TileAction
2023-01-28 22:09:19.590 +02:00 [DBG] Must to send packet TileAction
2023-01-28 22:09:19.606 +02:00 [DBG] Must to send packet TileAction
2023-01-28 22:09:19.623 +02:00 [DBG] Must to send packet TileAction
2023-01-28 22:09:19.644 +02:00 [DBG] Must to send packet TileAction
2023-01-28 22:09:19.660 +02:00 [DBG] Must to send packet TileAction
2023-01-28 22:09:19.675 +02:00 [DBG] Must to send packet TileAction
2023-01-28 22:09:19.689 +02:00 [DBG] Must to send packet TileAction
2023-01-28 22:09:19.724 +02:00 [DBG] Must to send packet TileAction
2023-01-28 22:09:19.742 +02:00 [DBG] Must to send packet TileAction
2023-01-28 22:09:19.760 +02:00 [DBG] Must to send packet TileAction
2023-01-28 22:09:19.771 +02:00 [DBG] Must to send packet TileAction
2023-01-28 22:09:19.781 +02:00 [DBG] Must to send packet TileAction
2023-01-28 22:09:21.910 +02:00 [DBG] Must to send packet TileAction
2023-01-28 22:09:21.914 +02:00 [DBG] Must to send packet TileAction
2023-01-28 22:09:21.923 +02:00 [DBG] Must to send packet TileAction
2023-01-28 22:09:21.927 +02:00 [DBG] Must to send packet TileAction
2023-01-28 22:09:21.939 +02:00 [DBG] Must to send packet TileAction
2023-01-28 22:09:21.955 +02:00 [DBG] Must to send packet TileAction
2023-01-28 22:09:21.972 +02:00 [DBG] Must to send packet TileAction
2023-01-28 22:09:21.990 +02:00 [DBG] Must to send packet TileAction
2023-01-28 22:09:22.005 +02:00 [DBG] Must to send packet TileAction
2023-01-28 22:09:22.023 +02:00 [DBG] Must to send packet TileAction
2023-01-28 22:09:22.041 +02:00 [DBG] Must to send packet TileAction
2023-01-28 22:09:22.056 +02:00 [DBG] Must to send packet TileAction
2023-01-28 22:09:22.071 +02:00 [DBG] Must to send packet TileAction
2023-01-28 22:09:22.090 +02:00 [DBG] Must to send packet TileAction
2023-01-28 22:09:22.105 +02:00 [DBG] Must to send packet TileAction
2023-01-28 22:09:22.123 +02:00 [DBG] Must to send packet TileAction
2023-01-28 22:09:22.138 +02:00 [DBG] Must to send packet TileAction
2023-01-28 22:09:22.157 +02:00 [DBG] Must to send packet TileAction
2023-01-28 22:09:22.172 +02:00 [DBG] Must to send packet TileAction
2023-01-28 22:09:22.189 +02:00 [DBG] Must to send packet TileAction
2023-01-28 22:09:22.204 +02:00 [DBG] Must to send packet TileAction
2023-01-28 22:09:22.222 +02:00 [DBG] Must to send packet TileAction
2023-01-28 22:09:22.239 +02:00 [DBG] Must to send packet TileAction
2023-01-28 22:09:22.256 +02:00 [DBG] Must to send packet TileAction
2023-01-28 22:09:22.272 +02:00 [DBG] Must to send packet TileAction
2023-01-28 22:09:22.289 +02:00 [DBG] Must to send packet TileAction
2023-01-28 22:09:22.306 +02:00 [DBG] Must to send packet TileAction
2023-01-28 22:09:22.322 +02:00 [DBG] Must to send packet TileAction
2023-01-28 22:09:22.339 +02:00 [DBG] Must to send packet TileAction
2023-01-28 22:09:22.356 +02:00 [DBG] Must to send packet TileAction
2023-01-28 22:09:22.373 +02:00 [DBG] Must to send packet TileAction
2023-01-28 22:09:22.390 +02:00 [DBG] Must to send packet TileAction
2023-01-28 22:09:22.406 +02:00 [DBG] Must to send packet TileAction
2023-01-28 22:09:22.422 +02:00 [DBG] Must to send packet TileAction
2023-01-28 22:09:22.438 +02:00 [DBG] Must to send packet TileAction
2023-01-28 22:09:22.455 +02:00 [DBG] Must to send packet TileAction
2023-01-28 22:09:22.471 +02:00 [DBG] Must to send packet TileAction
2023-01-28 22:09:22.489 +02:00 [DBG] Must to send packet TileAction
2023-01-28 22:09:22.505 +02:00 [DBG] Must to send packet TileAction
2023-01-28 22:09:22.523 +02:00 [DBG] Must to send packet TileAction
2023-01-28 22:09:22.539 +02:00 [DBG] Must to send packet TileAction
2023-01-28 22:09:22.556 +02:00 [DBG] Must to send packet TileAction
2023-01-28 22:09:22.573 +02:00 [DBG] Must to send packet TileAction
2023-01-28 22:09:22.590 +02:00 [DBG] Must to send packet TileAction
2023-01-28 22:09:22.606 +02:00 [DBG] Must to send packet TileAction
2023-01-28 22:09:22.622 +02:00 [DBG] Must to send packet TileAction
2023-01-28 22:09:22.641 +02:00 [DBG] Must to send packet TileAction
2023-01-28 22:09:22.659 +02:00 [DBG] Must to send packet TileAction
2023-01-28 22:09:22.673 +02:00 [DBG] Must to send packet TileAction
2023-01-28 22:09:22.689 +02:00 [DBG] Must to send packet TileAction
2023-01-28 22:09:22.713 +02:00 [DBG] Must to send packet TileAction
2023-01-28 22:09:22.724 +02:00 [DBG] Must to send packet TileAction
2023-01-28 22:09:22.742 +02:00 [DBG] Must to send packet TileAction
2023-01-28 22:09:22.759 +02:00 [DBG] Must to send packet TileAction
2023-01-28 22:09:22.779 +02:00 [DBG] Must to send packet TileAction
2023-01-28 22:09:22.793 +02:00 [DBG] Must to send packet TileAction
2023-01-28 22:09:22.824 +02:00 [DBG] Must to send packet TileAction
2023-01-28 22:09:22.828 +02:00 [DBG] Must to send packet TileAction
2023-01-28 22:09:22.839 +02:00 [DBG] Must to send packet TileAction
2023-01-28 22:09:22.857 +02:00 [DBG] Must to send packet TileAction
2023-01-28 22:09:22.875 +02:00 [DBG] Must to send packet TileAction
2023-01-28 22:09:22.889 +02:00 [DBG] Must to send packet TileAction
2023-01-28 22:09:22.906 +02:00 [DBG] Must to send packet TileAction
2023-01-28 22:09:22.924 +02:00 [DBG] Must to send packet TileAction
2023-01-28 22:09:22.939 +02:00 [DBG] Must to send packet TileAction
2023-01-28 22:09:22.956 +02:00 [DBG] Must to send packet TileAction
2023-01-28 22:09:22.973 +02:00 [DBG] Must to send packet TileAction
2023-01-28 22:09:22.989 +02:00 [DBG] Must to send packet TileAction
2023-01-28 22:09:23.006 +02:00 [DBG] Must to send packet TileAction
2023-01-28 22:09:23.023 +02:00 [DBG] Must to send packet TileAction
2023-01-28 22:09:23.041 +02:00 [DBG] Must to send packet TileAction
2023-01-28 22:09:23.058 +02:00 [DBG] Must to send packet TileAction
2023-01-28 22:09:23.073 +02:00 [DBG] Must to send packet TileAction
2023-01-28 22:09:23.090 +02:00 [DBG] Must to send packet TileAction
2023-01-28 22:09:23.105 +02:00 [DBG] Must to send packet TileAction
2023-01-28 22:09:23.127 +02:00 [DBG] Must to send packet TileAction
2023-01-28 22:09:23.140 +02:00 [DBG] Must to send packet TileAction
2023-01-28 22:09:23.157 +02:00 [DBG] Must to send packet TileAction
2023-01-28 22:09:23.173 +02:00 [DBG] Must to send packet TileAction
2023-01-28 22:09:23.194 +02:00 [DBG] Must to send packet TileAction
2023-01-28 22:09:23.209 +02:00 [DBG] Must to send packet TileAction
2023-01-28 22:09:23.223 +02:00 [DBG] Must to send packet TileAction
2023-01-28 22:09:23.241 +02:00 [DBG] Must to send packet TileAction
2023-01-28 22:09:23.257 +02:00 [DBG] Must to send packet TileAction
2023-01-28 22:09:23.274 +02:00 [DBG] Must to send packet TileAction
2023-01-28 22:09:23.295 +02:00 [DBG] Must to send packet TileAction
2023-01-28 22:09:23.307 +02:00 [DBG] Must to send packet TileAction
2023-01-28 22:09:23.352 +02:00 [DBG] Must to send packet TileAction
2023-01-28 22:09:23.357 +02:00 [DBG] Must to send packet TileAction
2023-01-28 22:09:23.362 +02:00 [DBG] Must to send packet TileAction
2023-01-28 22:09:23.371 +02:00 [DBG] Must to send packet TileAction
2023-01-28 22:09:23.389 +02:00 [DBG] Must to send packet TileAction
2023-01-28 22:09:23.406 +02:00 [DBG] Must to send packet TileAction
2023-01-28 22:09:23.423 +02:00 [DBG] Must to send packet TileAction
2023-01-28 22:09:23.439 +02:00 [DBG] Must to send packet TileAction
2023-01-28 22:09:23.457 +02:00 [DBG] Must to send packet TileAction
2023-01-28 22:09:23.473 +02:00 [DBG] Must to send packet TileAction
2023-01-28 22:09:23.490 +02:00 [DBG] Must to send packet TileAction
2023-01-28 22:09:23.507 +02:00 [DBG] Must to send packet TileAction
2023-01-28 22:09:23.524 +02:00 [DBG] Must to send packet TileAction
2023-01-28 22:09:23.540 +02:00 [DBG] Must to send packet TileAction
2023-01-28 22:09:23.556 +02:00 [DBG] Must to send packet TileAction
2023-01-28 22:09:23.572 +02:00 [DBG] Must to send packet TileAction
2023-01-28 22:09:23.589 +02:00 [DBG] Must to send packet TileAction
2023-01-28 22:09:23.605 +02:00 [DBG] Must to send packet TileAction
2023-01-28 22:09:23.623 +02:00 [DBG] Must to send packet TileAction
2023-01-28 22:09:23.641 +02:00 [DBG] Must to send packet TileAction
2023-01-28 22:09:23.658 +02:00 [DBG] Must to send packet TileAction
2023-01-28 22:09:23.673 +02:00 [DBG] Must to send packet TileAction
2023-01-28 22:09:23.690 +02:00 [DBG] Must to send packet TileAction
2023-01-28 22:09:23.711 +02:00 [DBG] Must to send packet TileAction
2023-01-28 22:09:23.724 +02:00 [DBG] Must to send packet TileAction
2023-01-28 22:09:23.742 +02:00 [DBG] Must to send packet TileAction
2023-01-28 22:09:23.760 +02:00 [DBG] Must to send packet TileAction
2023-01-28 22:09:23.779 +02:00 [DBG] Must to send packet TileAction
2023-01-28 22:09:23.792 +02:00 [DBG] Must to send packet TileAction
2023-01-28 22:09:23.806 +02:00 [DBG] Must to send packet TileAction
2023-01-28 22:09:23.823 +02:00 [DBG] Must to send packet TileAction
2023-01-28 22:09:23.840 +02:00 [DBG] Must to send packet TileAction
2023-01-28 22:09:23.856 +02:00 [DBG] Must to send packet TileAction
2023-01-28 22:09:23.874 +02:00 [DBG] Must to send packet TileAction
2023-01-28 22:09:23.890 +02:00 [DBG] Must to send packet TileAction
2023-01-28 22:09:23.907 +02:00 [DBG] Must to send packet TileAction
2023-01-28 22:09:23.924 +02:00 [DBG] Must to send packet TileAction
2023-01-28 22:09:23.939 +02:00 [DBG] Must to send packet TileAction
2023-01-28 22:09:23.956 +02:00 [DBG] Must to send packet TileAction
2023-01-28 22:09:23.974 +02:00 [DBG] Must to send packet TileAction
2023-01-28 22:09:23.990 +02:00 [DBG] Must to send packet TileAction
2023-01-28 22:09:24.008 +02:00 [DBG] Must to send packet TileAction
2023-01-28 22:09:24.023 +02:00 [DBG] Must to send packet TileAction
2023-01-28 22:09:24.041 +02:00 [DBG] Must to send packet TileAction
2023-01-28 22:09:24.057 +02:00 [DBG] Must to send packet TileAction
2023-01-28 22:09:24.074 +02:00 [DBG] Must to send packet TileAction
2023-01-28 22:09:24.090 +02:00 [DBG] Must to send packet TileAction
2023-01-28 22:09:24.109 +02:00 [DBG] Must to send packet TileAction
2023-01-28 22:09:24.124 +02:00 [DBG] Must to send packet TileAction
2023-01-28 22:09:24.140 +02:00 [DBG] Must to send packet TileAction
2023-01-28 22:09:24.155 +02:00 [DBG] Must to send packet TileAction
2023-01-28 22:09:24.172 +02:00 [DBG] Must to send packet TileAction
2023-01-28 22:09:24.190 +02:00 [DBG] Must to send packet TileAction
2023-01-28 22:09:24.207 +02:00 [DBG] Must to send packet TileAction
2023-01-28 22:09:24.223 +02:00 [DBG] Must to send packet TileAction
2023-01-28 22:09:24.239 +02:00 [DBG] Must to send packet TileAction
2023-01-28 22:09:24.257 +02:00 [DBG] Must to send packet TileAction
2023-01-28 22:09:24.273 +02:00 [DBG] Must to send packet TileAction
2023-01-28 22:09:24.291 +02:00 [DBG] Must to send packet TileAction
2023-01-28 22:09:24.307 +02:00 [DBG] Must to send packet TileAction
2023-01-28 22:09:24.324 +02:00 [DBG] Must to send packet TileAction
2023-01-28 22:09:24.339 +02:00 [DBG] Must to send packet TileAction
2023-01-28 22:09:24.357 +02:00 [DBG] Must to send packet TileAction
2023-01-28 22:09:24.373 +02:00 [DBG] Must to send packet TileAction
2023-01-28 22:09:24.391 +02:00 [DBG] Must to send packet TileAction
2023-01-28 22:09:24.407 +02:00 [DBG] Must to send packet TileAction
2023-01-28 22:09:24.424 +02:00 [DBG] Must to send packet TileAction
2023-01-28 22:09:24.441 +02:00 [DBG] Must to send packet TileAction
2023-01-28 22:09:24.457 +02:00 [DBG] Must to send packet TileAction
2023-01-28 22:09:24.473 +02:00 [DBG] Must to send packet TileAction
2023-01-28 22:09:24.490 +02:00 [DBG] Must to send packet TileAction
2023-01-28 22:09:24.506 +02:00 [DBG] Must to send packet TileAction
2023-01-28 22:09:24.524 +02:00 [DBG] Must to send packet TileAction
2023-01-28 22:09:24.539 +02:00 [DBG] Must to send packet TileAction
2023-01-28 22:09:24.561 +02:00 [DBG] Must to send packet TileAction
2023-01-28 22:09:24.574 +02:00 [DBG] Must to send packet TileAction
2023-01-28 22:09:24.592 +02:00 [DBG] Must to send packet TileAction
2023-01-28 22:09:24.606 +02:00 [DBG] Must to send packet TileAction
2023-01-28 22:09:24.624 +02:00 [DBG] Must to send packet TileAction
2023-01-28 22:09:24.640 +02:00 [DBG] Must to send packet TileAction
2023-01-28 22:09:24.659 +02:00 [DBG] Must to send packet TileAction
2023-01-28 22:09:24.673 +02:00 [DBG] Must to send packet TileAction
2023-01-28 22:09:24.690 +02:00 [DBG] Must to send packet TileAction
2023-01-28 22:09:24.714 +02:00 [DBG] Must to send packet TileAction
2023-01-28 22:09:24.728 +02:00 [DBG] Must to send packet TileAction
2023-01-28 22:09:24.745 +02:00 [DBG] Must to send packet TileAction
2023-01-28 22:09:24.759 +02:00 [DBG] Must to send packet TileAction
2023-01-28 22:09:24.776 +02:00 [DBG] Must to send packet TileAction
2023-01-28 22:09:24.792 +02:00 [DBG] Must to send packet TileAction
2023-01-28 22:09:24.807 +02:00 [DBG] Must to send packet TileAction
2023-01-28 22:09:24.824 +02:00 [DBG] Must to send packet TileAction
2023-01-28 22:09:24.841 +02:00 [DBG] Must to send packet TileAction
2023-01-28 22:09:24.857 +02:00 [DBG] Must to send packet TileAction
2023-01-28 22:09:24.873 +02:00 [DBG] Must to send packet TileAction
2023-01-28 22:09:24.890 +02:00 [DBG] Must to send packet TileAction
2023-01-28 22:09:24.907 +02:00 [DBG] Must to send packet TileAction
2023-01-28 22:09:24.923 +02:00 [DBG] Must to send packet TileAction
2023-01-28 22:09:24.940 +02:00 [DBG] Must to send packet TileAction
2023-01-28 22:09:24.957 +02:00 [DBG] Must to send packet TileAction
2023-01-28 22:09:24.974 +02:00 [DBG] Must to send packet TileAction
2023-01-28 22:09:24.993 +02:00 [DBG] Must to send packet TileAction
2023-01-28 22:09:25.007 +02:00 [DBG] Must to send packet TileAction
2023-01-28 22:09:25.024 +02:00 [DBG] Must to send packet TileAction
2023-01-28 22:09:25.042 +02:00 [DBG] Must to send packet TileAction
2023-01-28 22:09:25.058 +02:00 [DBG] Must to send packet TileAction
2023-01-28 22:09:25.073 +02:00 [DBG] Must to send packet TileAction
2023-01-28 22:09:25.091 +02:00 [DBG] Must to send packet TileAction
2023-01-28 22:09:25.111 +02:00 [DBG] Must to send packet TileAction
2023-01-28 22:09:25.124 +02:00 [DBG] Must to send packet TileAction
2023-01-28 22:09:25.142 +02:00 [DBG] Must to send packet TileAction
2023-01-28 22:09:25.160 +02:00 [DBG] Must to send packet TileAction
2023-01-28 22:09:25.175 +02:00 [DBG] Must to send packet TileAction
2023-01-28 22:09:25.192 +02:00 [DBG] Must to send packet TileAction
2023-01-28 22:09:25.208 +02:00 [DBG] Must to send packet TileAction
2023-01-28 22:09:25.224 +02:00 [DBG] Must to send packet TileAction
2023-01-28 22:09:25.240 +02:00 [DBG] Must to send packet TileAction
2023-01-28 22:09:25.257 +02:00 [DBG] Must to send packet TileAction
2023-01-28 22:09:25.274 +02:00 [DBG] Must to send packet TileAction
2023-01-28 22:09:25.291 +02:00 [DBG] Must to send packet TileAction
2023-01-28 22:09:25.307 +02:00 [DBG] Must to send packet TileAction
2023-01-28 22:09:25.324 +02:00 [DBG] Must to send packet TileAction
2023-01-28 22:09:25.340 +02:00 [DBG] Must to send packet TileAction
2023-01-28 22:09:25.357 +02:00 [DBG] Must to send packet TileAction
2023-01-28 22:09:25.374 +02:00 [DBG] Must to send packet TileAction
2023-01-28 22:09:25.391 +02:00 [DBG] Must to send packet TileAction
2023-01-28 22:09:25.407 +02:00 [DBG] Must to send packet TileAction
2023-01-28 22:09:25.424 +02:00 [DBG] Must to send packet TileAction
2023-01-28 22:09:25.440 +02:00 [DBG] Must to send packet TileAction
2023-01-28 22:09:25.456 +02:00 [DBG] Must to send packet TileAction
2023-01-28 22:09:25.474 +02:00 [DBG] Must to send packet TileAction
2023-01-28 22:09:25.491 +02:00 [DBG] Must to send packet TileAction
2023-01-28 22:09:25.506 +02:00 [DBG] Must to send packet TileAction
2023-01-28 22:09:25.526 +02:00 [DBG] Must to send packet TileAction
2023-01-28 22:09:25.539 +02:00 [DBG] Must to send packet TileAction
2023-01-28 22:09:25.557 +02:00 [DBG] Must to send packet TileAction
2023-01-28 22:09:25.575 +02:00 [DBG] Must to send packet TileAction
2023-01-28 22:09:25.591 +02:00 [DBG] Must to send packet TileAction
2023-01-28 22:09:25.608 +02:00 [DBG] Must to send packet TileAction
2023-01-28 22:09:25.623 +02:00 [DBG] Must to send packet TileAction
2023-01-28 22:09:25.640 +02:00 [DBG] Must to send packet TileAction
2023-01-28 22:09:25.658 +02:00 [DBG] Must to send packet TileAction
2023-01-28 22:09:25.675 +02:00 [DBG] Must to send packet TileAction
2023-01-28 22:09:25.691 +02:00 [DBG] Must to send packet TileAction
2023-01-28 22:09:25.711 +02:00 [DBG] Must to send packet TileAction
2023-01-28 22:09:25.724 +02:00 [DBG] Must to send packet TileAction
2023-01-28 22:09:25.742 +02:00 [DBG] Must to send packet TileAction
2023-01-28 22:09:25.759 +02:00 [DBG] Must to send packet TileAction
2023-01-28 22:09:25.775 +02:00 [DBG] Must to send packet TileAction
2023-01-28 22:09:25.791 +02:00 [DBG] Must to send packet TileAction
2023-01-28 22:09:25.808 +02:00 [DBG] Must to send packet TileAction
2023-01-28 22:09:25.824 +02:00 [DBG] Must to send packet TileAction
2023-01-28 22:09:25.841 +02:00 [DBG] Must to send packet TileAction
2023-01-28 22:09:25.858 +02:00 [DBG] Must to send packet TileAction
2023-01-28 22:09:25.874 +02:00 [DBG] Must to send packet TileAction
2023-01-28 22:09:25.891 +02:00 [DBG] Must to send packet TileAction
2023-01-28 22:09:25.909 +02:00 [DBG] Must to send packet TileAction
2023-01-28 22:09:25.924 +02:00 [DBG] Must to send packet TileAction
2023-01-28 22:09:25.941 +02:00 [DBG] Must to send packet TileAction
2023-01-28 22:09:25.959 +02:00 [DBG] Must to send packet TileAction
2023-01-28 22:09:25.975 +02:00 [DBG] Must to send packet TileAction
2023-01-28 22:09:25.991 +02:00 [DBG] Must to send packet TileAction
2023-01-28 22:09:26.007 +02:00 [DBG] Must to send packet TileAction
2023-01-28 22:09:26.024 +02:00 [DBG] Must to send packet TileAction
2023-01-28 22:09:26.042 +02:00 [DBG] Must to send packet TileAction
2023-01-28 22:09:26.058 +02:00 [DBG] Must to send packet TileAction
2023-01-28 22:09:26.075 +02:00 [DBG] Must to send packet TileAction
2023-01-28 22:09:26.091 +02:00 [DBG] Must to send packet TileAction
2023-01-28 22:09:26.109 +02:00 [DBG] Must to send packet TileAction
2023-01-28 22:09:26.126 +02:00 [DBG] Must to send packet TileAction
2023-01-28 22:09:26.142 +02:00 [DBG] Must to send packet TileAction
2023-01-28 22:09:26.159 +02:00 [DBG] Must to send packet TileAction
2023-01-28 22:09:26.175 +02:00 [DBG] Must to send packet TileAction
2023-01-28 22:09:26.191 +02:00 [DBG] Must to send packet TileAction
2023-01-28 22:09:26.208 +02:00 [DBG] Must to send packet TileAction
2023-01-28 22:09:26.225 +02:00 [DBG] Must to send packet TileAction
2023-01-28 22:09:26.241 +02:00 [DBG] Must to send packet TileAction
2023-01-28 22:09:26.257 +02:00 [DBG] Must to send packet TileAction
2023-01-28 22:09:26.274 +02:00 [DBG] Must to send packet TileAction
2023-01-28 22:09:26.291 +02:00 [DBG] Must to send packet TileAction
2023-01-28 22:09:26.308 +02:00 [DBG] Must to send packet TileAction
2023-01-28 22:09:26.324 +02:00 [DBG] Must to send packet TileAction
2023-01-28 22:09:26.341 +02:00 [DBG] Must to send packet TileAction
2023-01-28 22:09:26.357 +02:00 [DBG] Must to send packet TileAction
2023-01-28 22:09:26.374 +02:00 [DBG] Must to send packet TileAction
2023-01-28 22:09:26.392 +02:00 [DBG] Must to send packet TileAction
2023-01-28 22:09:26.407 +02:00 [DBG] Must to send packet TileAction
2023-01-28 22:09:26.844 +02:00 [DBG] Must to send packet TileAction
2023-01-28 22:09:26.858 +02:00 [DBG] Must to send packet TileAction
2023-01-28 22:09:26.874 +02:00 [DBG] Must to send packet TileAction
2023-01-28 22:09:26.891 +02:00 [DBG] Must to send packet TileAction
2023-01-28 22:09:26.909 +02:00 [DBG] Must to send packet TileAction
2023-01-28 22:09:26.924 +02:00 [DBG] Must to send packet TileAction
2023-01-28 22:09:26.941 +02:00 [DBG] Must to send packet TileAction
2023-01-28 22:09:26.959 +02:00 [DBG] Must to send packet TileAction
2023-01-28 22:09:26.974 +02:00 [DBG] Must to send packet TileAction
2023-01-28 22:09:26.991 +02:00 [DBG] Must to send packet TileAction
2023-01-28 22:09:27.008 +02:00 [DBG] Must to send packet TileAction
2023-01-28 22:09:27.024 +02:00 [DBG] Must to send packet TileAction
2023-01-28 22:09:27.042 +02:00 [DBG] Must to send packet TileAction
2023-01-28 22:09:27.059 +02:00 [DBG] Must to send packet TileAction
2023-01-28 22:09:27.075 +02:00 [DBG] Must to send packet TileAction
2023-01-28 22:09:27.091 +02:00 [DBG] Must to send packet TileAction
2023-01-28 22:09:27.110 +02:00 [DBG] Must to send packet TileAction
2023-01-28 22:09:27.125 +02:00 [DBG] Must to send packet TileAction
2023-01-28 22:09:27.142 +02:00 [DBG] Must to send packet TileAction
2023-01-28 22:09:27.159 +02:00 [DBG] Must to send packet TileAction
2023-01-28 22:09:27.177 +02:00 [DBG] Must to send packet TileAction
2023-01-28 22:09:27.192 +02:00 [DBG] Must to send packet TileAction
2023-01-28 22:09:27.208 +02:00 [DBG] Must to send packet TileAction
2023-01-28 22:09:27.227 +02:00 [DBG] Must to send packet TileAction
2023-01-28 22:09:27.241 +02:00 [DBG] Must to send packet TileAction
2023-01-28 22:09:27.258 +02:00 [DBG] Must to send packet TileAction
2023-01-28 22:09:27.275 +02:00 [DBG] Must to send packet TileAction
2023-01-28 22:09:27.294 +02:00 [DBG] Must to send packet TileAction
2023-01-28 22:09:27.307 +02:00 [DBG] Must to send packet TileAction
2023-01-28 22:09:27.325 +02:00 [DBG] Must to send packet TileAction
2023-01-28 22:09:27.341 +02:00 [DBG] Must to send packet TileAction
2023-01-28 22:09:27.359 +02:00 [DBG] Must to send packet TileAction
2023-01-28 22:09:27.376 +02:00 [DBG] Must to send packet TileAction
2023-01-28 22:09:27.392 +02:00 [DBG] Must to send packet TileAction
2023-01-28 22:09:27.408 +02:00 [DBG] Must to send packet TileAction
2023-01-28 22:09:27.425 +02:00 [DBG] Must to send packet TileAction
2023-01-28 22:09:27.442 +02:00 [DBG] Must to send packet TileAction
2023-01-28 22:09:27.458 +02:00 [DBG] Must to send packet TileAction
2023-01-28 22:09:27.475 +02:00 [DBG] Must to send packet TileAction
2023-01-28 22:09:27.492 +02:00 [DBG] Must to send packet TileAction
2023-01-28 22:09:27.507 +02:00 [DBG] Must to send packet TileAction
2023-01-28 22:09:27.525 +02:00 [DBG] Must to send packet TileAction
2023-01-28 22:09:27.540 +02:00 [DBG] Must to send packet TileAction
2023-01-28 22:09:27.559 +02:00 [DBG] Must to send packet TileAction
2023-01-28 22:09:27.574 +02:00 [DBG] Must to send packet TileAction
2023-01-28 22:09:27.593 +02:00 [DBG] Must to send packet TileAction
2023-01-28 22:09:27.608 +02:00 [DBG] Must to send packet TileAction
2023-01-28 22:09:27.625 +02:00 [DBG] Must to send packet TileAction
2023-01-28 22:09:27.642 +02:00 [DBG] Must to send packet TileAction
2023-01-28 22:09:27.661 +02:00 [DBG] Must to send packet TileAction
2023-01-28 22:09:27.683 +02:00 [DBG] Must to send packet TileAction
2023-01-28 22:09:27.693 +02:00 [DBG] Must to send packet TileAction
2023-01-28 22:09:27.726 +02:00 [DBG] Must to send packet TileAction
2023-01-28 22:09:27.732 +02:00 [DBG] Must to send packet TileAction
2023-01-28 22:09:27.745 +02:00 [DBG] Must to send packet TileAction
2023-01-28 22:09:27.759 +02:00 [DBG] Must to send packet TileAction
2023-01-28 22:09:27.779 +02:00 [DBG] Must to send packet TileAction
2023-01-28 22:09:27.793 +02:00 [DBG] Must to send packet TileAction
2023-01-28 22:09:27.809 +02:00 [DBG] Must to send packet TileAction
2023-01-28 22:09:27.826 +02:00 [DBG] Must to send packet TileAction
2023-01-28 22:09:27.843 +02:00 [DBG] Must to send packet TileAction
2023-01-28 22:09:27.861 +02:00 [DBG] Must to send packet TileAction
2023-01-28 22:09:27.875 +02:00 [DBG] Must to send packet TileAction
2023-01-28 22:09:27.892 +02:00 [DBG] Must to send packet TileAction
2023-01-28 22:09:27.909 +02:00 [DBG] Must to send packet TileAction
2023-01-28 22:09:27.925 +02:00 [DBG] Must to send packet TileAction
2023-01-28 22:09:27.942 +02:00 [DBG] Must to send packet TileAction
2023-01-28 22:09:27.958 +02:00 [DBG] Must to send packet TileAction
2023-01-28 22:09:27.975 +02:00 [DBG] Must to send packet TileAction
2023-01-28 22:09:27.992 +02:00 [DBG] Must to send packet TileAction
2023-01-28 22:09:28.008 +02:00 [DBG] Must to send packet TileAction
2023-01-28 22:09:28.026 +02:00 [DBG] Must to send packet TileAction
2023-01-28 22:09:28.043 +02:00 [DBG] Must to send packet TileAction
2023-01-28 22:09:28.060 +02:00 [DBG] Must to send packet TileAction
2023-01-28 22:09:28.076 +02:00 [DBG] Must to send packet TileAction
2023-01-28 22:09:28.092 +02:00 [DBG] Must to send packet TileAction
2023-01-28 22:09:28.110 +02:00 [DBG] Must to send packet TileAction
2023-01-28 22:09:28.126 +02:00 [DBG] Must to send packet TileAction
2023-01-28 22:09:28.141 +02:00 [DBG] Must to send packet TileAction
2023-01-28 22:09:28.159 +02:00 [DBG] Must to send packet TileAction
2023-01-28 22:09:28.175 +02:00 [DBG] Must to send packet TileAction
2023-01-28 22:09:28.193 +02:00 [DBG] Must to send packet TileAction
2023-01-28 22:09:28.209 +02:00 [DBG] Must to send packet TileAction
2023-01-28 22:09:28.226 +02:00 [DBG] Must to send packet TileAction
2023-01-28 22:09:28.242 +02:00 [DBG] Must to send packet TileAction
2023-01-28 22:09:28.258 +02:00 [DBG] Must to send packet TileAction
2023-01-28 22:09:28.274 +02:00 [DBG] Must to send packet TileAction
2023-01-28 22:09:28.291 +02:00 [DBG] Must to send packet TileAction
2023-01-28 22:09:28.306 +02:00 [DBG] Must to send packet TileAction
2023-01-28 22:09:28.323 +02:00 [DBG] Must to send packet TileAction
2023-01-28 22:09:28.341 +02:00 [DBG] Must to send packet TileAction
2023-01-28 22:09:28.359 +02:00 [DBG] Must to send packet TileAction
2023-01-28 22:09:28.376 +02:00 [DBG] Must to send packet TileAction
2023-01-28 22:09:28.392 +02:00 [DBG] Must to send packet TileAction
2023-01-28 22:09:28.409 +02:00 [DBG] Must to send packet TileAction
2023-01-28 22:09:28.425 +02:00 [DBG] Must to send packet TileAction
2023-01-28 22:09:28.441 +02:00 [DBG] Must to send packet TileAction
2023-01-28 22:09:28.458 +02:00 [DBG] Must to send packet TileAction
2023-01-28 22:09:28.476 +02:00 [DBG] Must to send packet TileAction
2023-01-28 22:09:28.491 +02:00 [DBG] Must to send packet TileAction
2023-01-28 22:09:28.509 +02:00 [DBG] Must to send packet TileAction
2023-01-28 22:09:28.525 +02:00 [DBG] Must to send packet TileAction
2023-01-28 22:09:28.541 +02:00 [DBG] Must to send packet TileAction
2023-01-28 22:09:28.559 +02:00 [DBG] Must to send packet TileAction
2023-01-28 22:09:28.575 +02:00 [DBG] Must to send packet TileAction
2023-01-28 22:09:28.592 +02:00 [DBG] Must to send packet TileAction
2023-01-28 22:09:28.609 +02:00 [DBG] Must to send packet TileAction
2023-01-28 22:09:28.624 +02:00 [DBG] Must to send packet TileAction
2023-01-28 22:09:28.674 +02:00 [DBG] Must to send packet TileAction
2023-01-28 22:09:29.027 +02:00 [DBG] Must to send packet TileAction
2023-01-28 22:09:29.043 +02:00 [DBG] Must to send packet TileAction
2023-01-28 22:09:29.060 +02:00 [DBG] Must to send packet TileAction
2023-01-28 22:09:29.076 +02:00 [DBG] Must to send packet TileAction
2023-01-28 22:09:29.093 +02:00 [DBG] Must to send packet TileAction
2023-01-28 22:09:29.109 +02:00 [DBG] Must to send packet TileAction
2023-01-28 22:09:29.128 +02:00 [DBG] Must to send packet TileAction
2023-01-28 22:09:29.142 +02:00 [DBG] Must to send packet TileAction
2023-01-28 22:09:29.159 +02:00 [DBG] Must to send packet TileAction
2023-01-28 22:09:29.176 +02:00 [DBG] Must to send packet TileAction
2023-01-28 22:09:29.193 +02:00 [DBG] Must to send packet TileAction
2023-01-28 22:09:29.209 +02:00 [DBG] Must to send packet TileAction
2023-01-28 22:09:29.229 +02:00 [DBG] Must to send packet TileAction
2023-01-28 22:09:29.243 +02:00 [DBG] Must to send packet TileAction
2023-01-28 22:09:29.259 +02:00 [DBG] Must to send packet TileAction
2023-01-28 22:09:29.276 +02:00 [DBG] Must to send packet TileAction
2023-01-28 22:09:29.293 +02:00 [DBG] Must to send packet TileAction
2023-01-28 22:09:29.310 +02:00 [DBG] Must to send packet TileAction
2023-01-28 22:09:29.326 +02:00 [DBG] Must to send packet TileAction
2023-01-28 22:09:29.343 +02:00 [DBG] Must to send packet TileAction
2023-01-28 22:09:29.359 +02:00 [DBG] Must to send packet TileAction
2023-01-28 22:09:29.376 +02:00 [DBG] Must to send packet TileAction
2023-01-28 22:09:29.393 +02:00 [DBG] Must to send packet TileAction
2023-01-28 22:09:29.409 +02:00 [DBG] Must to send packet TileAction
2023-01-28 22:09:29.426 +02:00 [DBG] Must to send packet TileAction
2023-01-28 22:09:29.441 +02:00 [DBG] Must to send packet TileAction
2023-01-28 22:09:29.460 +02:00 [DBG] Must to send packet TileAction
2023-01-28 22:09:29.475 +02:00 [DBG] Must to send packet TileAction
2023-01-28 22:09:29.492 +02:00 [DBG] Must to send packet TileAction
2023-01-28 22:09:29.509 +02:00 [DBG] Must to send packet TileAction
2023-01-28 22:09:29.526 +02:00 [DBG] Must to send packet TileAction
2023-01-28 22:09:29.543 +02:00 [DBG] Must to send packet TileAction
2023-01-28 22:09:29.560 +02:00 [DBG] Must to send packet TileAction
2023-01-28 22:09:29.590 +02:00 [DBG] Must to send packet TileAction
2023-01-28 22:09:29.641 +02:00 [DBG] Must to send packet TileAction
2023-01-28 22:09:29.692 +02:00 [DBG] Must to send packet TileAction
2023-01-28 22:09:29.732 +02:00 [DBG] Must to send packet TileAction
2023-01-28 22:09:29.736 +02:00 [DBG] Must to send packet TileAction
2023-01-28 22:09:29.744 +02:00 [DBG] Must to send packet TileAction
2023-01-28 22:09:29.748 +02:00 [DBG] Must to send packet TileAction
2023-01-28 22:09:29.782 +02:00 [DBG] Must to send packet TileAction
2023-01-28 22:09:29.808 +02:00 [DBG] Must to send packet TileAction
2023-01-28 22:09:29.814 +02:00 [DBG] Must to send packet TileAction
2023-01-28 22:09:29.818 +02:00 [DBG] Must to send packet TileAction
2023-01-28 22:09:29.828 +02:00 [DBG] Must to send packet TileAction
2023-01-28 22:09:29.835 +02:00 [DBG] Must to send packet TileAction
2023-01-28 22:09:29.844 +02:00 [DBG] Must to send packet TileAction
2023-01-28 22:09:29.852 +02:00 [DBG] Must to send packet TileAction
2023-01-28 22:09:29.862 +02:00 [DBG] Must to send packet TileAction
2023-01-28 22:09:29.869 +02:00 [DBG] Must to send packet TileAction
2023-01-28 22:09:29.879 +02:00 [DBG] Must to send packet TileAction
2023-01-28 22:09:29.885 +02:00 [DBG] Must to send packet TileAction
2023-01-28 22:09:29.894 +02:00 [DBG] Must to send packet TileAction
2023-01-28 22:09:29.909 +02:00 [DBG] Must to send packet TileAction
2023-01-28 22:09:29.926 +02:00 [DBG] Must to send packet TileAction
2023-01-28 22:09:29.943 +02:00 [DBG] Must to send packet TileAction
2023-01-28 22:09:29.960 +02:00 [DBG] Must to send packet TileAction
2023-01-28 22:09:29.976 +02:00 [DBG] Must to send packet TileAction
2023-01-28 22:09:29.993 +02:00 [DBG] Must to send packet TileAction
2023-01-28 22:09:30.010 +02:00 [DBG] Must to send packet TileAction
2023-01-28 22:09:30.026 +02:00 [DBG] Must to send packet TileAction
2023-01-28 22:09:30.043 +02:00 [DBG] Must to send packet TileAction
2023-01-28 22:09:30.060 +02:00 [DBG] Must to send packet TileAction
2023-01-28 22:09:30.075 +02:00 [DBG] Must to send packet TileAction
2023-01-28 22:09:30.092 +02:00 [DBG] Must to send packet TileAction
2023-01-28 22:09:30.107 +02:00 [DBG] Must to send packet TileAction
2023-01-28 22:09:30.126 +02:00 [DBG] Must to send packet TileAction
2023-01-28 22:09:30.142 +02:00 [DBG] Must to send packet TileAction
2023-01-28 22:09:30.158 +02:00 [DBG] Must to send packet TileAction
2023-01-28 22:09:30.176 +02:00 [DBG] Must to send packet TileAction
2023-01-28 22:09:30.193 +02:00 [DBG] Must to send packet TileAction
2023-01-28 22:09:30.209 +02:00 [DBG] Must to send packet TileAction
2023-01-28 22:09:30.226 +02:00 [DBG] Must to send packet TileAction
2023-01-28 22:09:30.242 +02:00 [DBG] Must to send packet TileAction
2023-01-28 22:09:30.259 +02:00 [DBG] Must to send packet TileAction
2023-01-28 22:09:30.276 +02:00 [DBG] Must to send packet TileAction
2023-01-28 22:09:30.293 +02:00 [DBG] Must to send packet TileAction
2023-01-28 22:09:30.359 +02:00 [DBG] Must to send packet TileAction
2023-01-28 22:09:30.363 +02:00 [DBG] Must to send packet TileAction
2023-01-28 22:09:30.366 +02:00 [DBG] Must to send packet TileAction
2023-01-28 22:09:30.370 +02:00 [DBG] Must to send packet TileAction
2023-01-28 22:09:30.376 +02:00 [DBG] Must to send packet TileAction
2023-01-28 22:09:30.381 +02:00 [DBG] Must to send packet TileAction
2023-01-28 22:09:30.397 +02:00 [DBG] Must to send packet TileAction
2023-01-28 22:09:30.412 +02:00 [DBG] Must to send packet TileAction
2023-01-28 22:09:30.443 +02:00 [DBG] Must to send packet TileAction
2023-01-28 22:09:30.448 +02:00 [DBG] Must to send packet TileAction
2023-01-28 22:09:30.474 +02:00 [DBG] Must to send packet TileAction
2023-01-28 22:09:30.479 +02:00 [DBG] Must to send packet TileAction
2023-01-28 22:09:30.506 +02:00 [DBG] Must to send packet TileAction
2023-01-28 22:09:30.512 +02:00 [DBG] Must to send packet TileAction
2023-01-28 22:09:30.536 +02:00 [DBG] Must to send packet TileAction
2023-01-28 22:09:30.550 +02:00 [DBG] Must to send packet TileAction
2023-01-28 22:09:30.566 +02:00 [DBG] Must to send packet TileAction
2023-01-28 22:09:30.581 +02:00 [DBG] Must to send packet TileAction
2023-01-28 22:09:30.598 +02:00 [DBG] Must to send packet TileAction
2023-01-28 22:09:30.613 +02:00 [DBG] Must to send packet TileAction
2023-01-28 22:09:30.629 +02:00 [DBG] Must to send packet TileAction
2023-01-28 22:09:30.659 +02:00 [DBG] Must to send packet TileAction
2023-01-28 22:09:30.665 +02:00 [DBG] Must to send packet TileAction
2023-01-28 22:09:30.694 +02:00 [DBG] Must to send packet TileAction
2023-01-28 22:09:30.701 +02:00 [DBG] Must to send packet TileAction
2023-01-28 22:09:30.726 +02:00 [DBG] Must to send packet TileAction
2023-01-28 22:09:30.745 +02:00 [DBG] Must to send packet TileAction
2023-01-28 22:09:30.760 +02:00 [DBG] Must to send packet TileAction
2023-01-28 22:09:30.777 +02:00 [DBG] Must to send packet TileAction
2023-01-28 22:09:30.793 +02:00 [DBG] Must to send packet TileAction
2023-01-28 22:09:30.810 +02:00 [DBG] Must to send packet TileAction
2023-01-28 22:09:30.826 +02:00 [DBG] Must to send packet TileAction
2023-01-28 22:09:30.843 +02:00 [DBG] Must to send packet TileAction
2023-01-28 22:09:30.859 +02:00 [DBG] Must to send packet TileAction
2023-01-28 22:09:30.876 +02:00 [DBG] Must to send packet TileAction
2023-01-28 22:09:30.893 +02:00 [DBG] Must to send packet TileAction
2023-01-28 22:09:30.909 +02:00 [DBG] Must to send packet TileAction
2023-01-28 22:09:30.927 +02:00 [DBG] Must to send packet TileAction
2023-01-28 22:09:30.942 +02:00 [DBG] Must to send packet TileAction
2023-01-28 22:09:30.960 +02:00 [DBG] Must to send packet TileAction
2023-01-28 22:09:30.976 +02:00 [DBG] Must to send packet TileAction
2023-01-28 22:09:30.993 +02:00 [DBG] Must to send packet TileAction
2023-01-28 22:09:31.009 +02:00 [DBG] Must to send packet TileAction
2023-01-28 22:09:31.027 +02:00 [DBG] Must to send packet TileAction
2023-01-28 22:09:31.044 +02:00 [DBG] Must to send packet TileAction
2023-01-28 22:09:31.060 +02:00 [DBG] Must to send packet TileAction
2023-01-28 22:09:31.076 +02:00 [DBG] Must to send packet TileAction
2023-01-28 22:09:31.092 +02:00 [DBG] Must to send packet TileAction
2023-01-28 22:09:31.108 +02:00 [DBG] Must to send packet TileAction
2023-01-28 22:09:31.126 +02:00 [DBG] Must to send packet TileAction
2023-01-28 22:09:31.142 +02:00 [DBG] Must to send packet TileAction
2023-01-28 22:09:31.159 +02:00 [DBG] Must to send packet TileAction
2023-01-28 22:09:31.176 +02:00 [DBG] Must to send packet TileAction
2023-01-28 22:09:31.193 +02:00 [DBG] Must to send packet TileAction
2023-01-28 22:09:31.209 +02:00 [DBG] Must to send packet TileAction
2023-01-28 22:09:31.227 +02:00 [DBG] Must to send packet TileAction
2023-01-28 22:09:31.242 +02:00 [DBG] Must to send packet TileAction
2023-01-28 22:09:31.259 +02:00 [DBG] Must to send packet TileAction
2023-01-28 22:09:31.276 +02:00 [DBG] Must to send packet TileAction
2023-01-28 22:09:31.292 +02:00 [DBG] Must to send packet TileAction
2023-01-28 22:09:31.309 +02:00 [DBG] Must to send packet TileAction
2023-01-28 22:09:31.326 +02:00 [DBG] Must to send packet TileAction
2023-01-28 22:09:31.342 +02:00 [DBG] Must to send packet TileAction
2023-01-28 22:09:31.400 +02:00 [DBG] Must to send packet TileAction
2023-01-28 22:09:31.403 +02:00 [DBG] Must to send packet TileAction
2023-01-28 22:09:31.408 +02:00 [DBG] Must to send packet TileAction
2023-01-28 22:09:31.411 +02:00 [DBG] Must to send packet TileAction
2023-01-28 22:09:31.425 +02:00 [DBG] Must to send packet TileAction
2023-01-28 22:09:31.442 +02:00 [DBG] Must to send packet TileAction
2023-01-28 22:09:31.460 +02:00 [DBG] Must to send packet TileAction
2023-01-28 22:09:31.476 +02:00 [DBG] Must to send packet TileAction
2023-01-28 22:09:31.493 +02:00 [DBG] Must to send packet TileAction
2023-01-28 22:09:31.509 +02:00 [DBG] Must to send packet TileAction
2023-01-28 22:09:31.526 +02:00 [DBG] Must to send packet TileAction
2023-01-28 22:09:31.543 +02:00 [DBG] Must to send packet TileAction
2023-01-28 22:09:31.560 +02:00 [DBG] Must to send packet TileAction
2023-01-28 22:09:31.575 +02:00 [DBG] Must to send packet TileAction
2023-01-28 22:09:31.594 +02:00 [DBG] Must to send packet TileAction
2023-01-28 22:09:31.608 +02:00 [DBG] Must to send packet TileAction
2023-01-28 22:09:31.627 +02:00 [DBG] Must to send packet TileAction
2023-01-28 22:09:31.644 +02:00 [DBG] Must to send packet TileAction
2023-01-28 22:09:31.660 +02:00 [DBG] Must to send packet TileAction
2023-01-28 22:12:06.458 +02:00 [INF] E:\desktop\Projects\BuildingGame\bin\Debug\net6.0-windows\Logs/Latest.log
2023-01-28 22:12:07.673 +02:00 [INF] Hello from game!
2023-01-28 22:12:10.419 +02:00 [DBG] Server will be hosted at 127.0.0.1:1928
2023-01-28 22:12:10.423 +02:00 [INF] Subscribed packet of type TileAction
2023-01-28 22:12:10.431 +02:00 [DBG] Client ready to use
2023-01-28 22:12:10.434 +02:00 [DBG] Client info:
	- Username: player
	- Server: 127.0.0.1:1928
2023-01-28 22:12:10.442 +02:00 [DBG] Server listening at 127.0.0.1:1928
2023-01-28 22:12:10.449 +02:00 [DBG] Must send packet PlayerConnect
2023-01-28 22:12:10.453 +02:00 [DBG] Trying connect to 127.0.0.1:1928...
2023-01-28 22:12:10.553 +02:00 [DBG] PlayerConnect
2023-01-28 22:12:10.562 +02:00 [INF] Packet PlayerConnect received
2023-01-28 22:12:10.570 +02:00 [DBG] Resending PlayerConnect
2023-01-28 22:12:10.587 +02:00 [INF] Packet PlayerConnect received
2023-01-28 22:12:10.802 +02:00 [DBG] Must send packet TileAction
2023-01-28 22:12:10.817 +02:00 [DBG] Must send packet TileAction
2023-01-28 22:12:10.833 +02:00 [DBG] Must send packet TileAction
2023-01-28 22:12:10.848 +02:00 [DBG] Must send packet TileAction
2023-01-28 22:12:10.866 +02:00 [DBG] Must send packet TileAction
2023-01-28 22:12:10.880 +02:00 [DBG] Must send packet TileAction
2023-01-28 22:12:10.899 +02:00 [DBG] Must send packet TileAction
2023-01-28 22:12:10.918 +02:00 [DBG] Must send packet TileAction
2023-01-28 22:12:10.934 +02:00 [DBG] Must send packet TileAction
2023-01-28 22:12:10.949 +02:00 [DBG] Must send packet TileAction
2023-01-28 22:12:10.965 +02:00 [DBG] Must send packet TileAction
2023-01-28 22:12:10.982 +02:00 [DBG] Must send packet TileAction
2023-01-28 22:12:10.999 +02:00 [DBG] Must send packet TileAction
2023-01-28 22:12:11.016 +02:00 [DBG] Must send packet TileAction
2023-01-28 22:12:11.034 +02:00 [DBG] Must send packet TileAction
2023-01-28 22:12:11.048 +02:00 [DBG] Must send packet TileAction
2023-01-28 22:12:11.063 +02:00 [DBG] Must send packet TileAction
2023-01-28 22:12:11.080 +02:00 [DBG] Must send packet TileAction
2023-01-28 22:12:11.097 +02:00 [DBG] Must send packet TileAction
2023-01-28 22:12:11.115 +02:00 [DBG] Must send packet TileAction
2023-01-28 22:12:11.134 +02:00 [DBG] Must send packet TileAction
2023-01-28 22:12:11.150 +02:00 [DBG] Must send packet TileAction
2023-01-28 22:12:11.167 +02:00 [DBG] Must send packet TileAction
2023-01-28 22:12:11.182 +02:00 [DBG] Must send packet TileAction
2023-01-28 22:12:11.199 +02:00 [DBG] Must send packet TileAction
2023-01-28 22:12:11.215 +02:00 [DBG] Must send packet TileAction
2023-01-28 22:12:11.233 +02:00 [DBG] Must send packet TileAction
2023-01-28 22:12:11.246 +02:00 [DBG] Must send packet TileAction
2023-01-28 22:12:11.835 +02:00 [DBG] Must send packet TileAction
2023-01-28 22:12:11.849 +02:00 [DBG] Must send packet TileAction
2023-01-28 22:12:11.869 +02:00 [DBG] Must send packet TileAction
2023-01-28 22:12:11.884 +02:00 [DBG] Must send packet TileAction
2023-01-28 22:12:11.903 +02:00 [DBG] Must send packet TileAction
2023-01-28 22:12:11.919 +02:00 [DBG] Must send packet TileAction
2023-01-28 22:12:11.953 +02:00 [DBG] Must send packet TileAction
2023-01-28 22:12:11.984 +02:00 [DBG] Must send packet TileAction
2023-01-28 22:12:11.990 +02:00 [DBG] Must send packet TileAction
2023-01-28 22:12:12.002 +02:00 [DBG] Must send packet TileAction
2023-01-28 22:12:12.016 +02:00 [DBG] Must send packet TileAction
2023-01-28 22:12:12.025 +02:00 [DBG] Must send packet TileAction
2023-01-28 22:12:12.042 +02:00 [DBG] Must send packet TileAction
2023-01-28 22:12:12.055 +02:00 [DBG] Must send packet TileAction
2023-01-28 22:12:12.068 +02:00 [DBG] Must send packet TileAction
2023-01-28 22:12:12.083 +02:00 [DBG] Must send packet TileAction
2023-01-28 22:12:12.099 +02:00 [DBG] Must send packet TileAction
2023-01-28 22:12:12.584 +02:00 [DBG] Must send packet TileAction
2023-01-28 22:12:12.603 +02:00 [DBG] Must send packet TileAction
2023-01-28 22:12:12.616 +02:00 [DBG] Must send packet TileAction
2023-01-28 22:12:12.633 +02:00 [DBG] Must send packet TileAction
2023-01-28 22:12:12.652 +02:00 [DBG] Must send packet TileAction
2023-01-28 22:12:12.669 +02:00 [DBG] Must send packet TileAction
2023-01-28 22:12:12.685 +02:00 [DBG] Must send packet TileAction
2023-01-28 22:12:12.705 +02:00 [DBG] Must send packet TileAction
2023-01-28 22:12:12.721 +02:00 [DBG] Must send packet TileAction
2023-01-28 22:12:12.734 +02:00 [DBG] Must send packet TileAction
2023-01-28 22:12:12.754 +02:00 [DBG] Must send packet TileAction
2023-01-28 22:12:12.771 +02:00 [DBG] Must send packet TileAction
2023-01-28 22:12:12.785 +02:00 [DBG] Must send packet TileAction
2023-01-28 22:12:12.802 +02:00 [DBG] Must send packet TileAction
2023-01-28 22:12:16.059 +02:00 [DBG] Must send packet TileAction
2023-01-28 22:12:16.067 +02:00 [DBG] Must send packet TileAction
2023-01-28 22:12:16.072 +02:00 [DBG] Must send packet TileAction
2023-01-28 22:12:16.076 +02:00 [DBG] Must send packet TileAction
2023-01-28 22:12:16.082 +02:00 [DBG] Must send packet TileAction
2023-01-28 22:12:16.085 +02:00 [DBG] Must send packet TileAction
2023-01-28 22:12:16.089 +02:00 [DBG] Must send packet TileAction
2023-01-28 22:12:16.092 +02:00 [DBG] Must send packet TileAction
2023-01-28 22:12:16.099 +02:00 [DBG] Must send packet TileAction
2023-01-28 22:12:16.103 +02:00 [DBG] Must send packet TileAction
2023-01-28 22:12:16.136 +02:00 [DBG] Must send packet TileAction
2023-01-28 22:12:16.140 +02:00 [DBG] Must send packet TileAction
2023-01-28 22:12:16.144 +02:00 [DBG] Must send packet TileAction
2023-01-28 22:12:16.152 +02:00 [DBG] Must send packet TileAction
2023-01-28 22:12:16.187 +02:00 [DBG] Must send packet TileAction
2023-01-28 22:12:16.202 +02:00 [DBG] Must send packet TileAction
2023-01-28 22:12:16.210 +02:00 [DBG] Must send packet TileAction
2023-01-28 22:12:16.241 +02:00 [DBG] Must send packet TileAction
2023-01-28 22:12:16.250 +02:00 [DBG] Must send packet TileAction
2023-01-28 22:12:16.255 +02:00 [DBG] Must send packet TileAction
2023-01-28 22:12:16.287 +02:00 [DBG] Must send packet TileAction
2023-01-28 22:12:16.291 +02:00 [DBG] Must send packet TileAction
2023-01-28 22:12:16.296 +02:00 [DBG] Must send packet TileAction
2023-01-28 22:12:16.319 +02:00 [DBG] Must send packet TileAction
2023-01-28 22:12:16.323 +02:00 [DBG] Must send packet TileAction
2023-01-28 22:12:16.350 +02:00 [DBG] Must send packet TileAction
2023-01-28 22:12:16.359 +02:00 [DBG] Must send packet TileAction
2023-01-28 22:12:16.423 +02:00 [DBG] Must send packet TileAction
2023-01-28 22:12:16.438 +02:00 [DBG] Must send packet TileAction
2023-01-28 22:12:16.455 +02:00 [DBG] Must send packet TileAction
2023-01-28 22:12:16.461 +02:00 [DBG] Must send packet TileAction
2023-01-28 22:12:16.534 +02:00 [DBG] Must send packet TileAction
2023-01-28 22:12:16.543 +02:00 [DBG] Must send packet TileAction
2023-01-28 22:12:16.572 +02:00 [DBG] Must send packet TileAction
2023-01-28 22:12:16.582 +02:00 [DBG] Must send packet TileAction
2023-01-28 22:12:16.591 +02:00 [DBG] Must send packet TileAction
2023-01-28 22:12:16.618 +02:00 [DBG] Must send packet TileAction
2023-01-28 22:12:16.623 +02:00 [DBG] Must send packet TileAction
2023-01-28 22:12:16.633 +02:00 [DBG] Must send packet TileAction
2023-01-28 22:12:16.638 +02:00 [DBG] Must send packet TileAction
2023-01-28 22:12:16.654 +02:00 [DBG] Must send packet TileAction
2023-01-28 22:12:16.660 +02:00 [DBG] Must send packet TileAction
2023-01-28 22:12:16.672 +02:00 [DBG] Must send packet TileAction
2023-01-28 22:12:16.691 +02:00 [DBG] Must send packet TileAction
2023-01-28 22:12:16.720 +02:00 [DBG] Must send packet TileAction
2023-01-28 22:12:16.726 +02:00 [DBG] Must send packet TileAction
2023-01-28 22:12:16.735 +02:00 [DBG] Must send packet TileAction
2023-01-28 22:12:16.755 +02:00 [DBG] Must send packet TileAction
2023-01-28 22:12:16.777 +02:00 [DBG] Must send packet TileAction
2023-01-28 22:12:16.789 +02:00 [DBG] Must send packet TileAction
2023-01-28 22:12:16.828 +02:00 [DBG] Must send packet TileAction
2023-01-28 22:12:16.870 +02:00 [DBG] Must send packet TileAction
2023-01-28 22:12:16.875 +02:00 [DBG] Must send packet TileAction
2023-01-28 22:12:16.888 +02:00 [DBG] Must send packet TileAction
2023-01-28 22:12:16.893 +02:00 [DBG] Must send packet TileAction
2023-01-28 22:12:16.905 +02:00 [DBG] Must send packet TileAction
2023-01-28 22:12:16.911 +02:00 [DBG] Must send packet TileAction
2023-01-28 22:12:16.921 +02:00 [DBG] Must send packet TileAction
2023-01-28 22:12:16.940 +02:00 [DBG] Must send packet TileAction
2023-01-28 22:12:16.947 +02:00 [DBG] Must send packet TileAction
2023-01-28 22:12:16.957 +02:00 [DBG] Must send packet TileAction
2023-01-28 22:12:16.966 +02:00 [DBG] Must send packet TileAction
2023-01-28 22:12:16.987 +02:00 [DBG] Must send packet TileAction
2023-01-28 22:12:16.994 +02:00 [DBG] Must send packet TileAction
2023-01-28 22:12:17.004 +02:00 [DBG] Must send packet TileAction
2023-01-28 22:12:17.036 +02:00 [DBG] Must send packet TileAction
2023-01-28 22:12:17.042 +02:00 [DBG] Must send packet TileAction
2023-01-28 22:12:17.051 +02:00 [DBG] Must send packet TileAction
2023-01-28 22:12:17.068 +02:00 [DBG] Must send packet TileAction
2023-01-28 22:12:17.073 +02:00 [DBG] Must send packet TileAction
2023-01-28 22:12:17.100 +02:00 [DBG] Must send packet TileAction
2023-01-28 22:12:17.105 +02:00 [DBG] Must send packet TileAction
2023-01-28 22:12:17.136 +02:00 [DBG] Must send packet TileAction
2023-01-28 22:12:17.143 +02:00 [DBG] Must send packet TileAction
2023-01-28 22:12:17.167 +02:00 [DBG] Must send packet TileAction
2023-01-28 22:12:17.175 +02:00 [DBG] Must send packet TileAction
2023-01-28 22:12:36.415 +02:00 [DBG] TileAction
2023-01-28 22:12:36.417 +02:00 [INF] Packet TileAction received
2023-01-28 22:12:36.421 +02:00 [DBG] Resending TileAction
2023-01-28 22:12:36.430 +02:00 [DBG] Resending TileAction
2023-01-28 22:12:36.442 +02:00 [DBG] PlayerConnect
2023-01-28 22:12:36.445 +02:00 [INF] Packet PlayerConnect received
2023-01-28 22:12:36.449 +02:00 [DBG] Resending PlayerConnect
2023-01-28 22:12:36.453 +02:00 [DBG] Resending PlayerConnect
2023-01-28 22:12:36.460 +02:00 [INF] Packet TileAction received
2023-01-28 22:12:36.468 +02:00 [INF] Packet TileAction received
2023-01-28 22:12:41.297 +02:00 [DBG] Must send packet TileAction
2023-01-28 22:12:41.312 +02:00 [DBG] Must send packet TileAction
2023-01-28 22:12:41.329 +02:00 [DBG] Must send packet TileAction
2023-01-28 22:12:41.344 +02:00 [DBG] Must send packet TileAction
2023-01-28 22:12:41.362 +02:00 [DBG] Must send packet TileAction
2023-01-28 22:12:41.378 +02:00 [DBG] Must send packet TileAction
2023-01-28 22:12:41.398 +02:00 [DBG] Must send packet TileAction
2023-01-28 22:12:41.413 +02:00 [DBG] Must send packet TileAction
2023-01-28 22:12:41.432 +02:00 [DBG] Must send packet TileAction
2023-01-28 22:12:41.444 +02:00 [DBG] Must send packet TileAction
2023-01-28 22:12:41.466 +02:00 [DBG] Must send packet TileAction
2023-01-28 22:12:41.483 +02:00 [DBG] Must send packet TileAction
2023-01-28 22:12:41.497 +02:00 [DBG] Must send packet TileAction
2023-01-28 22:12:41.513 +02:00 [DBG] Must send packet TileAction
2023-01-28 22:12:41.532 +02:00 [DBG] Must send packet TileAction
2023-01-28 22:12:41.545 +02:00 [DBG] Must send packet TileAction
2023-01-28 22:12:41.564 +02:00 [DBG] Must send packet TileAction
2023-01-28 22:12:41.581 +02:00 [DBG] Must send packet TileAction
2023-01-28 22:12:41.597 +02:00 [DBG] Must send packet TileAction
2023-01-28 22:12:41.614 +02:00 [DBG] Must send packet TileAction
2023-01-28 22:12:41.629 +02:00 [DBG] Must send packet TileAction
2023-01-28 22:12:41.646 +02:00 [DBG] Must send packet TileAction
2023-01-28 22:12:41.662 +02:00 [DBG] Must send packet TileAction
2023-01-28 22:12:41.680 +02:00 [DBG] Must send packet TileAction
2023-01-28 22:12:41.695 +02:00 [DBG] Must send packet TileAction
2023-01-28 22:12:41.717 +02:00 [DBG] Must send packet TileAction
2023-01-28 22:12:41.732 +02:00 [DBG] Must send packet TileAction
2023-01-28 22:12:41.751 +02:00 [DBG] Must send packet TileAction
2023-01-28 22:12:41.766 +02:00 [DBG] Must send packet TileAction
2023-01-28 22:12:41.779 +02:00 [DBG] Must send packet TileAction
2023-01-28 22:12:41.798 +02:00 [DBG] Must send packet TileAction
2023-01-28 22:12:41.815 +02:00 [DBG] Must send packet TileAction
2023-01-28 22:12:41.831 +02:00 [DBG] Must send packet TileAction
2023-01-28 22:12:41.847 +02:00 [DBG] Must send packet TileAction
2023-01-28 22:12:41.864 +02:00 [DBG] Must send packet TileAction
2023-01-28 22:12:41.879 +02:00 [DBG] Must send packet TileAction
2023-01-28 22:12:41.930 +02:00 [DBG] Must send packet TileAction
2023-01-28 22:12:41.936 +02:00 [DBG] Must send packet TileAction
2023-01-28 22:12:41.943 +02:00 [DBG] Must send packet TileAction
2023-01-28 22:12:41.964 +02:00 [DBG] Must send packet TileAction
2023-01-28 22:12:41.969 +02:00 [DBG] Must send packet TileAction
2023-01-28 22:12:41.982 +02:00 [DBG] Must send packet TileAction
2023-01-28 22:12:41.997 +02:00 [DBG] Must send packet TileAction
2023-01-28 22:12:42.016 +02:00 [DBG] Must send packet TileAction
2023-01-28 22:12:42.032 +02:00 [DBG] Must send packet TileAction
2023-01-28 22:12:42.050 +02:00 [DBG] Must send packet TileAction
