2023-01-28 11:04:47.892 +02:00 [INF] E:\desktop\Projects\BuildingGame\bin\Debug\net6.0-windows\Logs/Latest.log
2023-01-28 11:04:59.545 +02:00 [INF] Hello from game!
2023-01-28 11:05:12.514 +02:00 [INF] Subscribed packet of type PlayerConnect
2023-01-28 11:05:12.528 +02:00 [DBG] Server will be hosted at 127.0.0.1:1928
2023-01-28 11:05:12.541 +02:00 [INF] Subscribed packet of type TileAction
2023-01-28 11:05:12.549 +02:00 [DBG] Client ready to use
2023-01-28 11:05:12.557 +02:00 [DBG] Client info:
	- Username: player
	- Server: 127.0.0.1:1928
2023-01-28 11:05:12.620 +02:00 [DBG] Server listening at 127.0.0.1:1928
2023-01-28 11:05:12.670 +02:00 [DBG] Trying connect to 127.0.0.1:1928...
2023-01-28 11:10:56.306 +02:00 [INF] E:\desktop\Projects\BuildingGame\bin\Debug\net6.0-windows\Logs/Latest.log
2023-01-28 11:10:57.833 +02:00 [INF] Hello from game!
2023-01-28 11:11:02.932 +02:00 [INF] Subscribed packet of type PlayerConnect
2023-01-28 11:11:02.939 +02:00 [DBG] Server will be hosted at 127.0.0.1:1928
2023-01-28 11:11:02.943 +02:00 [INF] Subscribed packet of type TileAction
2023-01-28 11:11:02.945 +02:00 [DBG] Client ready to use
2023-01-28 11:11:02.948 +02:00 [DBG] Client info:
	- Username: player
	- Server: 127.0.0.1:1928
2023-01-28 11:11:02.956 +02:00 [DBG] Server listening at 127.0.0.1:1928
2023-01-28 11:11:02.963 +02:00 [DBG] Trying connect to 127.0.0.1:1928...
2023-01-28 11:17:05.430 +02:00 [INF] E:\desktop\Projects\BuildingGame\bin\Debug\net6.0-windows\Logs/Latest.log
2023-01-28 11:17:06.597 +02:00 [INF] Hello from game!
2023-01-28 11:17:08.982 +02:00 [INF] Subscribed packet of type PlayerConnect
2023-01-28 11:17:08.989 +02:00 [DBG] Server will be hosted at 127.0.0.1:1928
2023-01-28 11:17:08.993 +02:00 [INF] Subscribed packet of type TileAction
2023-01-28 11:17:08.997 +02:00 [DBG] Client ready to use
2023-01-28 11:17:09.000 +02:00 [DBG] Client info:
	- Username: player
	- Server: 127.0.0.1:1928
2023-01-28 11:17:09.013 +02:00 [DBG] Server listening at 127.0.0.1:1928
2023-01-28 11:17:09.023 +02:00 [DBG] Trying connect to 127.0.0.1:1928...
2023-01-28 11:18:14.110 +02:00 [INF] E:\desktop\Projects\BuildingGame\bin\Debug\net6.0-windows\Logs/Latest.log
2023-01-28 11:18:15.236 +02:00 [INF] Hello from game!
2023-01-28 11:18:17.491 +02:00 [INF] Subscribed packet of type PlayerConnect
2023-01-28 11:18:17.498 +02:00 [DBG] Server will be hosted at 127.0.0.1:1928
2023-01-28 11:18:17.508 +02:00 [INF] Subscribed packet of type TileAction
2023-01-28 11:18:17.512 +02:00 [DBG] Client ready to use
2023-01-28 11:18:17.518 +02:00 [DBG] Client info:
	- Username: player
	- Server: 127.0.0.1:1928
2023-01-28 11:18:17.529 +02:00 [DBG] Server listening at 127.0.0.1:1928
2023-01-28 11:18:17.544 +02:00 [DBG] Trying connect to 127.0.0.1:1928...
2023-01-28 11:19:32.637 +02:00 [INF] E:\desktop\Projects\BuildingGame\bin\Debug\net6.0-windows\Logs/Latest.log
2023-01-28 11:19:33.829 +02:00 [INF] Hello from game!
2023-01-28 11:19:36.303 +02:00 [INF] Subscribed packet of type PlayerConnect
2023-01-28 11:19:36.311 +02:00 [DBG] Server will be hosted at 127.0.0.1:1928
2023-01-28 11:19:36.317 +02:00 [INF] Subscribed packet of type TileAction
2023-01-28 11:19:36.340 +02:00 [DBG] Client ready to use
2023-01-28 11:19:36.349 +02:00 [DBG] Client info:
	- Username: player
	- Server: 127.0.0.1:1928
2023-01-28 11:19:36.366 +02:00 [DBG] Server listening at 127.0.0.1:1928
2023-01-28 11:19:36.394 +02:00 [DBG] Trying connect to 127.0.0.1:1928...
2023-01-28 11:19:36.597 +02:00 [DBG] PlayerConnect
2023-01-28 11:19:36.621 +02:00 [INF] Packet PlayerConnect received
2023-01-28 11:21:21.521 +02:00 [INF] E:\desktop\Projects\BuildingGame\bin\Debug\net6.0-windows\Logs/Latest.log
2023-01-28 11:21:22.705 +02:00 [INF] Hello from game!
2023-01-28 11:21:25.312 +02:00 [DBG] Server will be hosted at 127.0.0.1:1928
2023-01-28 11:21:25.317 +02:00 [INF] Subscribed packet of type TileAction
2023-01-28 11:21:25.323 +02:00 [DBG] Client ready to use
2023-01-28 11:21:25.326 +02:00 [DBG] Client info:
	- Username: player
	- Server: 127.0.0.1:1928
2023-01-28 11:21:25.334 +02:00 [DBG] Server listening at 127.0.0.1:1928
2023-01-28 11:21:25.342 +02:00 [DBG] Trying connect to 127.0.0.1:1928...
2023-01-28 11:21:25.438 +02:00 [DBG] PlayerConnect
2023-01-28 11:21:25.445 +02:00 [INF] Packet PlayerConnect received
2023-01-28 11:35:07.919 +02:00 [INF] E:\desktop\Projects\BuildingGame\bin\Debug\net6.0-windows\Logs/Latest.log
2023-01-28 11:35:09.329 +02:00 [INF] Hello from game!
2023-01-28 11:46:43.826 +02:00 [DBG] Server will be hosted at 127.0.0.1:1928
2023-01-28 11:46:43.857 +02:00 [INF] Subscribed packet of type TileAction
2023-01-28 11:46:43.864 +02:00 [DBG] Client ready to use
2023-01-28 11:46:43.871 +02:00 [DBG] Client info:
	- Username: player
	- Server: 127.0.0.1:1928
2023-01-28 11:46:44.413 +02:00 [FTL] System.Net.Sockets.SocketException (10048): Only one usage of each socket address (protocol/network address/port) is normally permitted.
   at System.Net.Sockets.Socket.UpdateStatusAfterSocketErrorAndThrowException(SocketError error, String callerName)
   at System.Net.Sockets.Socket.DoBind(EndPoint endPointSnapshot, SocketAddress socketAddress)
   at System.Net.Sockets.Socket.Bind(EndPoint localEP)
   at System.Net.Sockets.TcpListener.Start(Int32 backlog)
   at System.Net.Sockets.TcpListener.Start()
   at BuildingGame.Net.Server.Init() in E:\desktop\Projects\BuildingGame\Net\Server.cs:line 64
   at BuildingGame.Game.<>c__DisplayClass39_0.<LoadContent>b__1(Object sender, EventArgs ev) in E:\desktop\Projects\BuildingGame\Game.cs:line 102
   at Myra.Graphics2D.UI.ButtonBase`1.OnTouchUp()
   at Myra.Utility.InputHelpers.ProcessTouchUp(List`1 widgets)
   at Myra.Utility.InputHelpers.ProcessTouchUp(List`1 widgets)
   at Myra.Utility.InputHelpers.ProcessTouchUp(List`1 widgets)
   at Myra.Utility.InputHelpers.ProcessTouchUp(List`1 widgets)
   at Myra.Graphics2D.UI.Desktop.UpdateMouseInput()
   at Myra.Graphics2D.UI.Desktop.UpdateInput()
   at Myra.Graphics2D.UI.Desktop.Render()
   at BuildingGame.Game.Draw(GameTime gameTime) in E:\desktop\Projects\BuildingGame\Game.cs:line 249
   at Microsoft.Xna.Framework.Game.DoDraw(GameTime gameTime)
   at Microsoft.Xna.Framework.Game.Tick()
   at MonoGame.Framework.WinFormsGameWindow.TickOnIdle(Object sender, EventArgs e)
   at System.Windows.Forms.Application.ThreadContext.Interop.Mso.IMsoComponent.FDoIdle(msoidlef grfidlef)
   at System.Windows.Forms.Application.ComponentManager.Interop.Mso.IMsoComponentManager.FPushMessageLoop(UIntPtr dwComponentID, msoloop uReason, Void* pvLoopData)
   at System.Windows.Forms.Application.ThreadContext.RunMessageLoopInner(msoloop reason, ApplicationContext context)
   at System.Windows.Forms.Application.ThreadContext.RunMessageLoop(msoloop reason, ApplicationContext context)
   at System.Windows.Forms.Application.Run(Form mainForm)
   at MonoGame.Framework.WinFormsGameWindow.RunLoop()
   at Microsoft.Xna.Framework.Game.Run(GameRunBehavior runBehavior)
   at Program.<Main>$(String[] args) in E:\desktop\Projects\BuildingGame\Program.cs:line 21
2023-01-28 11:59:55.263 +02:00 [INF] E:\desktop\Projects\BuildingGame\bin\Debug\net6.0-windows\Logs/Latest.log
2023-01-28 12:00:00.106 +02:00 [INF] Hello from game!
2023-01-28 12:00:04.263 +02:00 [DBG] Server will be hosted at 0.0.0.0:1928
2023-01-28 12:00:04.268 +02:00 [INF] Subscribed packet of type TileAction
2023-01-28 12:00:04.277 +02:00 [DBG] Client ready to use
2023-01-28 12:00:04.281 +02:00 [DBG] Client info:
	- Username: player
	- Server: 127.0.0.1:1928
2023-01-28 12:00:04.545 +02:00 [FTL] System.Net.Internals.SocketExceptionFactory+ExtendedSocketException (10049): The requested address is not valid in its context. 0.0.0.0:1928
   at System.Net.Sockets.Socket.DoConnect(EndPoint endPointSnapshot, SocketAddress socketAddress)
   at System.Net.Sockets.Socket.Connect(EndPoint remoteEP)
   at BuildingGame.Net.Server.Init() in E:\desktop\Projects\BuildingGame\Net\Server.cs:line 65
   at BuildingGame.Game.<>c__DisplayClass39_0.<LoadContent>b__1(Object sender, EventArgs ev) in E:\desktop\Projects\BuildingGame\Game.cs:line 102
   at Myra.Graphics2D.UI.ButtonBase`1.OnTouchUp()
   at Myra.Utility.InputHelpers.ProcessTouchUp(List`1 widgets)
   at Myra.Utility.InputHelpers.ProcessTouchUp(List`1 widgets)
   at Myra.Utility.InputHelpers.ProcessTouchUp(List`1 widgets)
   at Myra.Utility.InputHelpers.ProcessTouchUp(List`1 widgets)
   at Myra.Graphics2D.UI.Desktop.UpdateMouseInput()
   at Myra.Graphics2D.UI.Desktop.UpdateInput()
   at Myra.Graphics2D.UI.Desktop.Render()
   at BuildingGame.Game.Draw(GameTime gameTime) in E:\desktop\Projects\BuildingGame\Game.cs:line 249
   at Microsoft.Xna.Framework.Game.DoDraw(GameTime gameTime)
   at Microsoft.Xna.Framework.Game.Tick()
   at MonoGame.Framework.WinFormsGameWindow.TickOnIdle(Object sender, EventArgs e)
   at System.Windows.Forms.Application.ThreadContext.Interop.Mso.IMsoComponent.FDoIdle(msoidlef grfidlef)
   at System.Windows.Forms.Application.ComponentManager.Interop.Mso.IMsoComponentManager.FPushMessageLoop(UIntPtr dwComponentID, msoloop uReason, Void* pvLoopData)
   at System.Windows.Forms.Application.ThreadContext.RunMessageLoopInner(msoloop reason, ApplicationContext context)
   at System.Windows.Forms.Application.ThreadContext.RunMessageLoop(msoloop reason, ApplicationContext context)
   at System.Windows.Forms.Application.Run(Form mainForm)
   at MonoGame.Framework.WinFormsGameWindow.RunLoop()
   at Microsoft.Xna.Framework.Game.Run(GameRunBehavior runBehavior)
   at Program.<Main>$(String[] args) in E:\desktop\Projects\BuildingGame\Program.cs:line 21
2023-01-28 12:03:29.285 +02:00 [INF] E:\desktop\Projects\BuildingGame\bin\Debug\net6.0-windows\Logs/Latest.log
2023-01-28 12:03:30.894 +02:00 [INF] Hello from game!
2023-01-28 12:04:27.565 +02:00 [DBG] Server will be hosted at 127.0.0.1:1928
2023-01-28 12:04:27.576 +02:00 [INF] Subscribed packet of type TileAction
2023-01-28 12:04:27.594 +02:00 [DBG] Client ready to use
2023-01-28 12:04:27.610 +02:00 [DBG] Client info:
	- Username: player
	- Server: 127.0.0.1:1928
2023-01-28 12:04:29.896 +02:00 [FTL] System.Net.Internals.SocketExceptionFactory+ExtendedSocketException (10061): No connection could be made because the target machine actively refused it. 127.0.0.1:1928
   at System.Net.Sockets.Socket.DoConnect(EndPoint endPointSnapshot, SocketAddress socketAddress)
   at System.Net.Sockets.Socket.Connect(EndPoint remoteEP)
   at BuildingGame.Net.Server.Init() in E:\desktop\Projects\BuildingGame\Net\Server.cs:line 65
   at BuildingGame.Game.<>c__DisplayClass39_0.<LoadContent>b__1(Object sender, EventArgs ev) in E:\desktop\Projects\BuildingGame\Game.cs:line 102
   at Myra.Graphics2D.UI.ButtonBase`1.OnTouchUp()
   at Myra.Utility.InputHelpers.ProcessTouchUp(List`1 widgets)
   at Myra.Utility.InputHelpers.ProcessTouchUp(List`1 widgets)
   at Myra.Utility.InputHelpers.ProcessTouchUp(List`1 widgets)
   at Myra.Utility.InputHelpers.ProcessTouchUp(List`1 widgets)
   at Myra.Graphics2D.UI.Desktop.UpdateMouseInput()
   at Myra.Graphics2D.UI.Desktop.UpdateInput()
   at Myra.Graphics2D.UI.Desktop.Render()
   at BuildingGame.Game.Draw(GameTime gameTime) in E:\desktop\Projects\BuildingGame\Game.cs:line 249
   at Microsoft.Xna.Framework.Game.DoDraw(GameTime gameTime)
   at Microsoft.Xna.Framework.Game.Tick()
   at MonoGame.Framework.WinFormsGameWindow.TickOnIdle(Object sender, EventArgs e)
   at System.Windows.Forms.Application.ThreadContext.Interop.Mso.IMsoComponent.FDoIdle(msoidlef grfidlef)
   at System.Windows.Forms.Application.ComponentManager.Interop.Mso.IMsoComponentManager.FPushMessageLoop(UIntPtr dwComponentID, msoloop uReason, Void* pvLoopData)
   at System.Windows.Forms.Application.ThreadContext.RunMessageLoopInner(msoloop reason, ApplicationContext context)
   at System.Windows.Forms.Application.ThreadContext.RunMessageLoop(msoloop reason, ApplicationContext context)
   at System.Windows.Forms.Application.Run(Form mainForm)
   at MonoGame.Framework.WinFormsGameWindow.RunLoop()
   at Microsoft.Xna.Framework.Game.Run(GameRunBehavior runBehavior)
   at Program.<Main>$(String[] args) in E:\desktop\Projects\BuildingGame\Program.cs:line 21
2023-01-28 12:05:30.443 +02:00 [INF] E:\desktop\Projects\BuildingGame\bin\Debug\net6.0-windows\Logs/Latest.log
2023-01-28 12:05:32.261 +02:00 [INF] Hello from game!
2023-01-28 12:05:35.467 +02:00 [DBG] Server will be hosted at 127.0.0.1:1928
2023-01-28 12:05:35.474 +02:00 [INF] Subscribed packet of type TileAction
2023-01-28 12:05:35.490 +02:00 [DBG] Client ready to use
2023-01-28 12:05:35.495 +02:00 [DBG] Client info:
	- Username: player
	- Server: 127.0.0.1:1928
2023-01-28 12:05:35.510 +02:00 [DBG] Server listening at 127.0.0.1:1928
2023-01-28 12:05:35.670 +02:00 [DBG] Trying connect to 127.0.0.1:1928...
2023-01-28 12:05:35.822 +02:00 [DBG] PlayerConnect
2023-01-28 12:05:35.828 +02:00 [INF] Packet PlayerConnect received
2023-01-28 12:05:35.838 +02:00 [INF] Packet PlayerConnect received
2023-01-28 12:06:01.726 +02:00 [DBG] PlayerConnect
2023-01-28 12:06:01.730 +02:00 [INF] Packet PlayerConnect received
2023-01-28 12:06:01.747 +02:00 [DBG] PlayerConnect
2023-01-28 12:06:01.754 +02:00 [INF] Packet PlayerConnect received
2023-01-28 12:06:01.762 +02:00 [INF] Packet PlayerConnect received
2023-01-28 12:06:01.768 +02:00 [INF] Packet PlayerConnect received
