2023-01-28 12:16:25.129 +02:00 [INF] E:\desktop\Projects\BuildingGame\bin\Debug\net6.0-windows\Logs/Latest.log
2023-01-28 12:16:26.018 +02:00 [INF] Hello from game!
2023-01-28 12:16:51.113 +02:00 [INF] Subscribed packet of type TileAction
2023-01-28 12:16:51.118 +02:00 [DBG] Client ready to use
2023-01-28 12:16:51.128 +02:00 [DBG] Trying connect to 127.0.0.1:1928...
2023-01-28 12:16:51.186 +02:00 [INF] Packet PlayerConnect received
2023-01-28 12:16:51.194 +02:00 [INF] Packet PlayerConnect received
2023-01-28 12:16:54.744 +02:00 [DBG] True
2023-01-28 12:16:54.744 +02:00 [DBG] Sending tile
2023-01-28 12:16:54.758 +02:00 [DBG] True
2023-01-28 12:16:54.759 +02:00 [DBG] Sending tile
2023-01-28 12:16:54.775 +02:00 [DBG] True
2023-01-28 12:16:54.775 +02:00 [DBG] Sending tile
2023-01-28 12:16:54.789 +02:00 [DBG] True
2023-01-28 12:16:54.789 +02:00 [DBG] Sending tile
2023-01-28 12:16:54.807 +02:00 [DBG] True
2023-01-28 12:16:54.807 +02:00 [DBG] Sending tile
2023-01-28 12:16:54.820 +02:00 [DBG] True
2023-01-28 12:16:54.821 +02:00 [DBG] Sending tile
2023-01-28 12:16:54.839 +02:00 [DBG] True
2023-01-28 12:16:54.839 +02:00 [DBG] Sending tile
2023-01-28 12:16:54.854 +02:00 [DBG] True
2023-01-28 12:16:54.854 +02:00 [DBG] Sending tile
2023-01-28 12:16:54.872 +02:00 [DBG] True
2023-01-28 12:16:54.872 +02:00 [DBG] Sending tile
2023-01-28 12:16:54.887 +02:00 [DBG] True
2023-01-28 12:16:54.887 +02:00 [DBG] Sending tile
2023-01-28 12:16:54.905 +02:00 [DBG] True
2023-01-28 12:16:54.906 +02:00 [DBG] Sending tile
2023-01-28 12:16:54.920 +02:00 [DBG] True
2023-01-28 12:16:54.921 +02:00 [DBG] Sending tile
2023-01-28 12:16:54.938 +02:00 [DBG] True
2023-01-28 12:16:54.939 +02:00 [DBG] Sending tile
2023-01-28 12:16:54.955 +02:00 [DBG] True
2023-01-28 12:16:54.955 +02:00 [DBG] Sending tile
2023-01-28 12:16:54.972 +02:00 [DBG] True
2023-01-28 12:16:54.972 +02:00 [DBG] Sending tile
2023-01-28 12:16:54.988 +02:00 [DBG] True
2023-01-28 12:16:54.988 +02:00 [DBG] Sending tile
2023-01-28 12:16:55.006 +02:00 [DBG] True
2023-01-28 12:16:55.006 +02:00 [DBG] Sending tile
2023-01-28 12:16:55.022 +02:00 [DBG] True
2023-01-28 12:16:55.022 +02:00 [DBG] Sending tile
2023-01-28 12:16:55.039 +02:00 [DBG] True
2023-01-28 12:16:55.039 +02:00 [DBG] Sending tile
2023-01-28 12:16:55.055 +02:00 [DBG] True
2023-01-28 12:16:55.055 +02:00 [DBG] Sending tile
2023-01-28 12:16:55.071 +02:00 [DBG] True
2023-01-28 12:16:55.072 +02:00 [DBG] Sending tile
2023-01-28 12:16:55.088 +02:00 [DBG] True
2023-01-28 12:16:55.089 +02:00 [DBG] Sending tile
2023-01-28 12:16:55.104 +02:00 [DBG] True
2023-01-28 12:16:55.104 +02:00 [DBG] Sending tile
2023-01-28 12:16:55.123 +02:00 [DBG] True
2023-01-28 12:16:55.123 +02:00 [DBG] Sending tile
2023-01-28 12:16:55.138 +02:00 [DBG] True
2023-01-28 12:16:55.138 +02:00 [DBG] Sending tile
2023-01-28 12:16:55.156 +02:00 [DBG] True
2023-01-28 12:16:55.156 +02:00 [DBG] Sending tile
2023-01-28 12:16:55.171 +02:00 [DBG] True
2023-01-28 12:16:55.171 +02:00 [DBG] Sending tile
2023-01-28 12:16:55.189 +02:00 [DBG] True
2023-01-28 12:16:55.189 +02:00 [DBG] Sending tile
2023-01-28 12:16:55.204 +02:00 [DBG] True
2023-01-28 12:16:55.205 +02:00 [DBG] Sending tile
2023-01-28 12:16:55.222 +02:00 [DBG] True
2023-01-28 12:16:55.222 +02:00 [DBG] Sending tile
2023-01-28 12:16:55.238 +02:00 [DBG] True
2023-01-28 12:16:55.238 +02:00 [DBG] Sending tile
2023-01-28 12:16:55.255 +02:00 [DBG] True
2023-01-28 12:16:55.256 +02:00 [DBG] Sending tile
2023-01-28 12:16:55.272 +02:00 [DBG] True
2023-01-28 12:16:55.272 +02:00 [DBG] Sending tile
2023-01-28 12:16:55.289 +02:00 [DBG] True
2023-01-28 12:16:55.290 +02:00 [DBG] Sending tile
2023-01-28 12:16:55.305 +02:00 [DBG] True
2023-01-28 12:16:55.305 +02:00 [DBG] Sending tile
2023-01-28 12:16:55.323 +02:00 [DBG] True
2023-01-28 12:16:55.323 +02:00 [DBG] Sending tile
2023-01-28 12:16:55.338 +02:00 [DBG] True
2023-01-28 12:16:55.339 +02:00 [DBG] Sending tile
2023-01-28 12:16:55.571 +02:00 [DBG] True
2023-01-28 12:16:55.571 +02:00 [DBG] Sending tile
2023-01-28 12:16:55.587 +02:00 [DBG] True
2023-01-28 12:16:55.587 +02:00 [DBG] Sending tile
2023-01-28 12:16:55.603 +02:00 [DBG] True
2023-01-28 12:16:55.603 +02:00 [DBG] Sending tile
2023-01-28 12:16:55.620 +02:00 [DBG] True
2023-01-28 12:16:55.620 +02:00 [DBG] Sending tile
2023-01-28 12:16:55.636 +02:00 [DBG] True
2023-01-28 12:16:55.636 +02:00 [DBG] Sending tile
2023-01-28 12:16:55.654 +02:00 [DBG] True
2023-01-28 12:16:55.654 +02:00 [DBG] Sending tile
2023-01-28 12:16:55.669 +02:00 [DBG] True
2023-01-28 12:16:55.669 +02:00 [DBG] Sending tile
2023-01-28 12:16:55.688 +02:00 [DBG] True
2023-01-28 12:16:55.688 +02:00 [DBG] Sending tile
2023-01-28 12:16:55.705 +02:00 [DBG] True
2023-01-28 12:16:55.706 +02:00 [DBG] Sending tile
2023-01-28 12:16:55.721 +02:00 [DBG] True
2023-01-28 12:16:55.721 +02:00 [DBG] Sending tile
2023-01-28 12:16:55.738 +02:00 [DBG] True
2023-01-28 12:16:55.738 +02:00 [DBG] Sending tile
2023-01-28 12:16:55.755 +02:00 [DBG] True
2023-01-28 12:16:55.755 +02:00 [DBG] Sending tile
2023-01-28 12:16:55.770 +02:00 [DBG] True
2023-01-28 12:16:55.770 +02:00 [DBG] Sending tile
2023-01-28 12:16:55.787 +02:00 [DBG] True
2023-01-28 12:16:55.787 +02:00 [DBG] Sending tile
2023-01-28 12:16:55.804 +02:00 [DBG] True
2023-01-28 12:16:55.804 +02:00 [DBG] Sending tile
2023-01-28 12:16:55.819 +02:00 [DBG] True
2023-01-28 12:16:55.819 +02:00 [DBG] Sending tile
2023-01-28 12:16:55.837 +02:00 [DBG] True
2023-01-28 12:16:55.837 +02:00 [DBG] Sending tile
2023-01-28 12:16:55.853 +02:00 [DBG] True
2023-01-28 12:16:55.853 +02:00 [DBG] Sending tile
2023-01-28 12:16:55.870 +02:00 [DBG] True
2023-01-28 12:16:55.870 +02:00 [DBG] Sending tile
2023-01-28 12:16:55.886 +02:00 [DBG] True
2023-01-28 12:16:55.886 +02:00 [DBG] Sending tile
2023-01-28 12:16:55.903 +02:00 [DBG] True
2023-01-28 12:16:55.903 +02:00 [DBG] Sending tile
2023-01-28 12:16:55.919 +02:00 [DBG] True
2023-01-28 12:16:55.920 +02:00 [DBG] Sending tile
2023-01-28 12:16:55.937 +02:00 [DBG] True
2023-01-28 12:16:55.937 +02:00 [DBG] Sending tile
2023-01-28 12:16:55.953 +02:00 [DBG] True
2023-01-28 12:16:55.953 +02:00 [DBG] Sending tile
2023-01-28 12:16:55.970 +02:00 [DBG] True
2023-01-28 12:16:55.970 +02:00 [DBG] Sending tile
2023-01-28 12:16:55.988 +02:00 [DBG] True
2023-01-28 12:16:55.988 +02:00 [DBG] Sending tile
2023-01-28 12:16:56.003 +02:00 [DBG] True
2023-01-28 12:16:56.003 +02:00 [DBG] Sending tile
2023-01-28 12:16:56.021 +02:00 [DBG] True
2023-01-28 12:16:56.021 +02:00 [DBG] Sending tile
2023-01-28 12:16:56.037 +02:00 [DBG] True
2023-01-28 12:16:56.037 +02:00 [DBG] Sending tile
2023-01-28 12:16:56.054 +02:00 [DBG] True
2023-01-28 12:16:56.054 +02:00 [DBG] Sending tile
2023-01-28 12:16:56.069 +02:00 [DBG] True
2023-01-28 12:16:56.069 +02:00 [DBG] Sending tile
2023-01-28 12:16:56.087 +02:00 [DBG] True
2023-01-28 12:16:56.087 +02:00 [DBG] Sending tile
2023-01-28 12:16:56.103 +02:00 [DBG] True
2023-01-28 12:16:56.103 +02:00 [DBG] Sending tile
2023-01-28 12:16:56.120 +02:00 [DBG] True
2023-01-28 12:16:56.120 +02:00 [DBG] Sending tile
2023-01-28 12:16:56.136 +02:00 [DBG] True
2023-01-28 12:16:56.136 +02:00 [DBG] Sending tile
2023-01-28 12:16:56.154 +02:00 [DBG] True
2023-01-28 12:16:56.154 +02:00 [DBG] Sending tile
2023-01-28 12:16:56.170 +02:00 [DBG] True
2023-01-28 12:16:56.170 +02:00 [DBG] Sending tile
2023-01-28 12:16:56.187 +02:00 [DBG] True
2023-01-28 12:16:56.187 +02:00 [DBG] Sending tile
2023-01-28 12:16:56.203 +02:00 [DBG] True
2023-01-28 12:16:56.203 +02:00 [DBG] Sending tile
2023-01-28 12:16:56.221 +02:00 [DBG] True
2023-01-28 12:16:56.221 +02:00 [DBG] Sending tile
2023-01-28 12:16:56.238 +02:00 [DBG] True
2023-01-28 12:16:56.238 +02:00 [DBG] Sending tile
2023-01-28 12:16:56.253 +02:00 [DBG] True
2023-01-28 12:16:56.253 +02:00 [DBG] Sending tile
2023-01-28 12:16:56.270 +02:00 [DBG] True
2023-01-28 12:16:56.270 +02:00 [DBG] Sending tile
2023-01-28 12:16:56.286 +02:00 [DBG] True
2023-01-28 12:16:56.286 +02:00 [DBG] Sending tile
2023-01-28 12:16:56.304 +02:00 [DBG] True
2023-01-28 12:16:56.304 +02:00 [DBG] Sending tile
2023-01-28 12:16:56.319 +02:00 [DBG] True
2023-01-28 12:16:56.320 +02:00 [DBG] Sending tile
2023-01-28 12:16:56.337 +02:00 [DBG] True
2023-01-28 12:16:56.337 +02:00 [DBG] Sending tile
2023-01-28 12:16:56.353 +02:00 [DBG] True
2023-01-28 12:16:56.353 +02:00 [DBG] Sending tile
2023-01-28 12:16:56.371 +02:00 [DBG] True
2023-01-28 12:16:56.371 +02:00 [DBG] Sending tile
2023-01-28 12:16:56.387 +02:00 [DBG] True
2023-01-28 12:16:56.387 +02:00 [DBG] Sending tile
2023-01-28 12:16:56.404 +02:00 [DBG] True
2023-01-28 12:16:56.404 +02:00 [DBG] Sending tile
2023-01-28 12:16:56.420 +02:00 [DBG] True
2023-01-28 12:16:56.420 +02:00 [DBG] Sending tile
2023-01-28 12:16:56.437 +02:00 [DBG] True
2023-01-28 12:16:56.437 +02:00 [DBG] Sending tile
2023-01-28 12:16:56.453 +02:00 [DBG] True
2023-01-28 12:16:56.454 +02:00 [DBG] Sending tile
2023-01-28 12:16:56.470 +02:00 [DBG] True
2023-01-28 12:16:56.470 +02:00 [DBG] Sending tile
2023-01-28 12:16:56.488 +02:00 [DBG] True
2023-01-28 12:16:56.488 +02:00 [DBG] Sending tile
2023-01-28 12:16:56.503 +02:00 [DBG] True
2023-01-28 12:16:56.503 +02:00 [DBG] Sending tile
2023-01-28 12:16:56.521 +02:00 [DBG] True
2023-01-28 12:16:56.521 +02:00 [DBG] Sending tile
2023-01-28 12:16:56.536 +02:00 [DBG] True
2023-01-28 12:16:56.537 +02:00 [DBG] Sending tile
2023-01-28 12:16:56.554 +02:00 [DBG] True
2023-01-28 12:16:56.555 +02:00 [DBG] Sending tile
2023-01-28 12:16:56.570 +02:00 [DBG] True
2023-01-28 12:16:56.570 +02:00 [DBG] Sending tile
2023-01-28 12:16:56.587 +02:00 [DBG] True
2023-01-28 12:16:56.587 +02:00 [DBG] Sending tile
2023-01-28 12:16:56.603 +02:00 [DBG] True
2023-01-28 12:16:56.604 +02:00 [DBG] Sending tile
2023-01-28 12:16:56.621 +02:00 [DBG] True
2023-01-28 12:16:56.621 +02:00 [DBG] Sending tile
2023-01-28 12:16:56.638 +02:00 [DBG] True
2023-01-28 12:16:56.638 +02:00 [DBG] Sending tile
2023-01-28 12:16:56.653 +02:00 [DBG] True
2023-01-28 12:16:56.653 +02:00 [DBG] Sending tile
2023-01-28 12:16:56.671 +02:00 [DBG] True
2023-01-28 12:16:56.671 +02:00 [DBG] Sending tile
2023-01-28 12:16:56.687 +02:00 [DBG] True
2023-01-28 12:16:56.687 +02:00 [DBG] Sending tile
2023-01-28 12:16:56.706 +02:00 [DBG] True
2023-01-28 12:16:56.706 +02:00 [DBG] Sending tile
2023-01-28 12:16:56.720 +02:00 [DBG] True
2023-01-28 12:16:56.720 +02:00 [DBG] Sending tile
2023-01-28 12:16:56.739 +02:00 [DBG] True
2023-01-28 12:16:56.739 +02:00 [DBG] Sending tile
2023-01-28 12:16:56.754 +02:00 [DBG] True
2023-01-28 12:16:56.754 +02:00 [DBG] Sending tile
2023-01-28 12:16:56.771 +02:00 [DBG] True
2023-01-28 12:16:56.771 +02:00 [DBG] Sending tile
2023-01-28 12:16:56.787 +02:00 [DBG] True
2023-01-28 12:16:56.787 +02:00 [DBG] Sending tile
2023-01-28 12:16:56.804 +02:00 [DBG] True
2023-01-28 12:16:56.804 +02:00 [DBG] Sending tile
2023-01-28 12:16:56.820 +02:00 [DBG] True
2023-01-28 12:16:56.820 +02:00 [DBG] Sending tile
2023-01-28 12:16:56.838 +02:00 [DBG] True
2023-01-28 12:16:56.839 +02:00 [DBG] Sending tile
2023-01-28 12:16:56.854 +02:00 [DBG] True
2023-01-28 12:16:56.854 +02:00 [DBG] Sending tile
2023-01-28 12:16:56.871 +02:00 [DBG] True
2023-01-28 12:16:56.871 +02:00 [DBG] Sending tile
2023-01-28 12:16:56.887 +02:00 [DBG] True
2023-01-28 12:16:56.888 +02:00 [DBG] Sending tile
2023-01-28 12:16:56.904 +02:00 [DBG] True
2023-01-28 12:16:56.904 +02:00 [DBG] Sending tile
2023-01-28 12:16:56.920 +02:00 [DBG] True
2023-01-28 12:16:56.920 +02:00 [DBG] Sending tile
2023-01-28 12:16:56.936 +02:00 [DBG] True
2023-01-28 12:16:56.936 +02:00 [DBG] Sending tile
2023-01-28 12:16:56.954 +02:00 [DBG] True
2023-01-28 12:16:56.954 +02:00 [DBG] Sending tile
2023-01-28 12:16:56.969 +02:00 [DBG] True
2023-01-28 12:16:56.969 +02:00 [DBG] Sending tile
2023-01-28 12:16:56.987 +02:00 [DBG] True
2023-01-28 12:16:56.987 +02:00 [DBG] Sending tile
2023-01-28 12:16:57.003 +02:00 [DBG] True
2023-01-28 12:16:57.003 +02:00 [DBG] Sending tile
2023-01-28 12:16:57.021 +02:00 [DBG] True
2023-01-28 12:16:57.021 +02:00 [DBG] Sending tile
2023-01-28 12:16:57.038 +02:00 [DBG] True
2023-01-28 12:16:57.039 +02:00 [DBG] Sending tile
2023-01-28 12:16:57.054 +02:00 [DBG] True
2023-01-28 12:16:57.054 +02:00 [DBG] Sending tile
2023-01-28 12:16:57.070 +02:00 [DBG] True
2023-01-28 12:16:57.070 +02:00 [DBG] Sending tile
2023-01-28 12:16:57.087 +02:00 [DBG] True
2023-01-28 12:16:57.087 +02:00 [DBG] Sending tile
2023-01-28 12:16:57.104 +02:00 [DBG] True
2023-01-28 12:16:57.104 +02:00 [DBG] Sending tile
2023-01-28 12:16:57.121 +02:00 [DBG] True
2023-01-28 12:16:57.121 +02:00 [DBG] Sending tile
2023-01-28 12:16:57.137 +02:00 [DBG] True
2023-01-28 12:16:57.137 +02:00 [DBG] Sending tile
2023-01-28 12:16:57.153 +02:00 [DBG] True
2023-01-28 12:16:57.153 +02:00 [DBG] Sending tile
2023-01-28 12:16:57.171 +02:00 [DBG] True
2023-01-28 12:16:57.171 +02:00 [DBG] Sending tile
2023-01-28 12:16:57.186 +02:00 [DBG] True
2023-01-28 12:16:57.186 +02:00 [DBG] Sending tile
2023-01-28 12:16:57.204 +02:00 [DBG] True
2023-01-28 12:16:57.204 +02:00 [DBG] Sending tile
2023-01-28 12:16:57.220 +02:00 [DBG] True
2023-01-28 12:16:57.220 +02:00 [DBG] Sending tile
2023-01-28 12:16:57.238 +02:00 [DBG] True
2023-01-28 12:16:57.238 +02:00 [DBG] Sending tile
2023-01-28 12:16:57.254 +02:00 [DBG] True
2023-01-28 12:16:57.254 +02:00 [DBG] Sending tile
2023-01-28 12:16:57.271 +02:00 [DBG] True
2023-01-28 12:16:57.271 +02:00 [DBG] Sending tile
2023-01-28 12:16:57.287 +02:00 [DBG] True
2023-01-28 12:16:57.287 +02:00 [DBG] Sending tile
2023-01-28 12:16:57.304 +02:00 [DBG] True
2023-01-28 12:16:57.304 +02:00 [DBG] Sending tile
2023-01-28 12:16:57.320 +02:00 [DBG] True
2023-01-28 12:16:57.321 +02:00 [DBG] Sending tile
2023-01-28 12:16:57.338 +02:00 [DBG] True
2023-01-28 12:16:57.338 +02:00 [DBG] Sending tile
2023-01-28 12:16:57.354 +02:00 [DBG] True
2023-01-28 12:16:57.354 +02:00 [DBG] Sending tile
2023-01-28 12:16:57.370 +02:00 [DBG] True
2023-01-28 12:16:57.370 +02:00 [DBG] Sending tile
2023-01-28 12:16:57.388 +02:00 [DBG] True
2023-01-28 12:16:57.388 +02:00 [DBG] Sending tile
2023-01-28 12:16:57.403 +02:00 [DBG] True
2023-01-28 12:16:57.403 +02:00 [DBG] Sending tile
2023-01-28 12:16:57.421 +02:00 [DBG] True
2023-01-28 12:16:57.421 +02:00 [DBG] Sending tile
2023-01-28 12:16:57.437 +02:00 [DBG] True
2023-01-28 12:16:57.437 +02:00 [DBG] Sending tile
2023-01-28 12:16:57.454 +02:00 [DBG] True
2023-01-28 12:16:57.454 +02:00 [DBG] Sending tile
2023-01-28 12:16:57.470 +02:00 [DBG] True
2023-01-28 12:16:57.471 +02:00 [DBG] Sending tile
2023-01-28 12:16:57.488 +02:00 [DBG] True
2023-01-28 12:16:57.488 +02:00 [DBG] Sending tile
2023-01-28 12:16:57.756 +02:00 [DBG] True
2023-01-28 12:16:57.757 +02:00 [DBG] Sending tile
2023-01-28 12:16:57.771 +02:00 [DBG] True
2023-01-28 12:16:57.771 +02:00 [DBG] Sending tile
2023-01-28 12:16:57.788 +02:00 [DBG] True
2023-01-28 12:16:57.788 +02:00 [DBG] Sending tile
2023-01-28 12:16:57.804 +02:00 [DBG] True
2023-01-28 12:16:57.804 +02:00 [DBG] Sending tile
2023-01-28 12:16:57.821 +02:00 [DBG] True
2023-01-28 12:16:57.821 +02:00 [DBG] Sending tile
2023-01-28 12:16:57.837 +02:00 [DBG] True
2023-01-28 12:16:57.837 +02:00 [DBG] Sending tile
2023-01-28 12:16:57.854 +02:00 [DBG] True
2023-01-28 12:16:57.854 +02:00 [DBG] Sending tile
2023-01-28 12:16:57.870 +02:00 [DBG] True
2023-01-28 12:16:57.870 +02:00 [DBG] Sending tile
2023-01-28 12:16:57.887 +02:00 [DBG] True
2023-01-28 12:16:57.887 +02:00 [DBG] Sending tile
2023-01-28 12:16:57.903 +02:00 [DBG] True
2023-01-28 12:16:57.903 +02:00 [DBG] Sending tile
2023-01-28 12:16:57.920 +02:00 [DBG] True
2023-01-28 12:16:57.920 +02:00 [DBG] Sending tile
2023-01-28 12:16:57.939 +02:00 [DBG] True
2023-01-28 12:16:57.939 +02:00 [DBG] Sending tile
2023-01-28 12:16:57.954 +02:00 [DBG] True
2023-01-28 12:16:57.954 +02:00 [DBG] Sending tile
2023-01-28 12:16:57.971 +02:00 [DBG] True
2023-01-28 12:16:57.971 +02:00 [DBG] Sending tile
2023-01-28 12:16:57.988 +02:00 [DBG] True
2023-01-28 12:16:57.988 +02:00 [DBG] Sending tile
2023-01-28 12:16:58.004 +02:00 [DBG] True
2023-01-28 12:16:58.004 +02:00 [DBG] Sending tile
2023-01-28 12:16:58.021 +02:00 [DBG] True
2023-01-28 12:16:58.021 +02:00 [DBG] Sending tile
2023-01-28 12:16:58.037 +02:00 [DBG] True
2023-01-28 12:16:58.037 +02:00 [DBG] Sending tile
2023-01-28 12:16:58.054 +02:00 [DBG] True
2023-01-28 12:16:58.055 +02:00 [DBG] Sending tile
2023-01-28 12:16:58.070 +02:00 [DBG] True
2023-01-28 12:16:58.070 +02:00 [DBG] Sending tile
2023-01-28 12:16:58.088 +02:00 [DBG] True
2023-01-28 12:16:58.088 +02:00 [DBG] Sending tile
2023-01-28 12:16:58.103 +02:00 [DBG] True
2023-01-28 12:16:58.104 +02:00 [DBG] Sending tile
2023-01-28 12:16:58.121 +02:00 [DBG] True
2023-01-28 12:16:58.121 +02:00 [DBG] Sending tile
2023-01-28 12:16:58.137 +02:00 [DBG] True
2023-01-28 12:16:58.137 +02:00 [DBG] Sending tile
2023-01-28 12:16:58.155 +02:00 [DBG] True
2023-01-28 12:16:58.155 +02:00 [DBG] Sending tile
2023-01-28 12:16:58.171 +02:00 [DBG] True
2023-01-28 12:16:58.171 +02:00 [DBG] Sending tile
2023-01-28 12:16:58.189 +02:00 [DBG] True
2023-01-28 12:16:58.189 +02:00 [DBG] Sending tile
2023-01-28 12:16:58.205 +02:00 [DBG] True
2023-01-28 12:16:58.205 +02:00 [DBG] Sending tile
2023-01-28 12:16:58.220 +02:00 [DBG] True
2023-01-28 12:16:58.221 +02:00 [DBG] Sending tile
2023-01-28 12:16:58.238 +02:00 [DBG] True
2023-01-28 12:16:58.238 +02:00 [DBG] Sending tile
2023-01-28 12:16:58.254 +02:00 [DBG] True
2023-01-28 12:16:58.254 +02:00 [DBG] Sending tile
2023-01-28 12:16:58.272 +02:00 [DBG] True
2023-01-28 12:16:58.272 +02:00 [DBG] Sending tile
2023-01-28 12:16:58.287 +02:00 [DBG] True
2023-01-28 12:16:58.288 +02:00 [DBG] Sending tile
2023-01-28 12:16:58.305 +02:00 [DBG] True
2023-01-28 12:16:58.305 +02:00 [DBG] Sending tile
2023-01-28 12:16:58.321 +02:00 [DBG] True
2023-01-28 12:16:58.321 +02:00 [DBG] Sending tile
2023-01-28 12:16:58.338 +02:00 [DBG] True
2023-01-28 12:16:58.338 +02:00 [DBG] Sending tile
2023-01-28 12:16:58.354 +02:00 [DBG] True
2023-01-28 12:16:58.354 +02:00 [DBG] Sending tile
2023-01-28 12:16:58.372 +02:00 [DBG] True
2023-01-28 12:16:58.372 +02:00 [DBG] Sending tile
2023-01-28 12:16:58.388 +02:00 [DBG] True
2023-01-28 12:16:58.388 +02:00 [DBG] Sending tile
2023-01-28 12:16:58.404 +02:00 [DBG] True
2023-01-28 12:16:58.405 +02:00 [DBG] Sending tile
2023-01-28 12:16:58.421 +02:00 [DBG] True
2023-01-28 12:16:58.421 +02:00 [DBG] Sending tile
2023-01-28 12:16:58.437 +02:00 [DBG] True
2023-01-28 12:16:58.437 +02:00 [DBG] Sending tile
2023-01-28 12:16:58.454 +02:00 [DBG] True
2023-01-28 12:16:58.455 +02:00 [DBG] Sending tile
2023-01-28 12:16:58.470 +02:00 [DBG] True
2023-01-28 12:16:58.471 +02:00 [DBG] Sending tile
2023-01-28 12:16:58.488 +02:00 [DBG] True
2023-01-28 12:16:58.488 +02:00 [DBG] Sending tile
2023-01-28 12:16:58.504 +02:00 [DBG] True
2023-01-28 12:16:58.504 +02:00 [DBG] Sending tile
2023-01-28 12:16:58.521 +02:00 [DBG] True
2023-01-28 12:16:58.521 +02:00 [DBG] Sending tile
2023-01-28 12:16:58.538 +02:00 [DBG] True
2023-01-28 12:16:58.538 +02:00 [DBG] Sending tile
2023-01-28 12:16:58.555 +02:00 [DBG] True
2023-01-28 12:16:58.555 +02:00 [DBG] Sending tile
2023-01-28 12:16:58.571 +02:00 [DBG] True
2023-01-28 12:16:58.572 +02:00 [DBG] Sending tile
2023-01-28 12:16:58.588 +02:00 [DBG] True
2023-01-28 12:16:58.588 +02:00 [DBG] Sending tile
2023-01-28 12:16:58.605 +02:00 [DBG] True
2023-01-28 12:16:58.605 +02:00 [DBG] Sending tile
2023-01-28 12:16:58.620 +02:00 [DBG] True
2023-01-28 12:16:58.621 +02:00 [DBG] Sending tile
2023-01-28 12:16:58.638 +02:00 [DBG] True
2023-01-28 12:16:58.638 +02:00 [DBG] Sending tile
2023-01-28 12:16:58.654 +02:00 [DBG] True
2023-01-28 12:16:58.654 +02:00 [DBG] Sending tile
2023-01-28 12:16:58.671 +02:00 [DBG] True
2023-01-28 12:16:58.671 +02:00 [DBG] Sending tile
2023-01-28 12:16:58.687 +02:00 [DBG] True
2023-01-28 12:16:58.688 +02:00 [DBG] Sending tile
2023-01-28 12:16:58.706 +02:00 [DBG] True
2023-01-28 12:16:58.706 +02:00 [DBG] Sending tile
2023-01-28 12:16:58.721 +02:00 [DBG] True
2023-01-28 12:16:58.721 +02:00 [DBG] Sending tile
2023-01-28 12:16:58.739 +02:00 [DBG] True
2023-01-28 12:16:58.739 +02:00 [DBG] Sending tile
2023-01-28 12:16:58.755 +02:00 [DBG] True
2023-01-28 12:16:58.756 +02:00 [DBG] Sending tile
2023-01-28 12:16:58.771 +02:00 [DBG] True
2023-01-28 12:16:58.771 +02:00 [DBG] Sending tile
2023-01-28 12:16:58.788 +02:00 [DBG] True
2023-01-28 12:16:58.788 +02:00 [DBG] Sending tile
2023-01-28 12:16:58.805 +02:00 [DBG] True
2023-01-28 12:16:58.805 +02:00 [DBG] Sending tile
2023-01-28 12:16:58.821 +02:00 [DBG] True
2023-01-28 12:16:58.821 +02:00 [DBG] Sending tile
2023-01-28 12:16:58.837 +02:00 [DBG] True
2023-01-28 12:16:58.837 +02:00 [DBG] Sending tile
2023-01-28 12:16:58.854 +02:00 [DBG] True
2023-01-28 12:16:58.854 +02:00 [DBG] Sending tile
2023-01-28 12:16:58.871 +02:00 [DBG] True
2023-01-28 12:16:58.871 +02:00 [DBG] Sending tile
2023-01-28 12:16:58.888 +02:00 [DBG] True
2023-01-28 12:16:58.888 +02:00 [DBG] Sending tile
2023-01-28 12:16:58.904 +02:00 [DBG] True
2023-01-28 12:16:58.904 +02:00 [DBG] Sending tile
2023-01-28 12:16:58.922 +02:00 [DBG] True
2023-01-28 12:16:58.922 +02:00 [DBG] Sending tile
2023-01-28 12:16:58.938 +02:00 [DBG] True
2023-01-28 12:16:58.938 +02:00 [DBG] Sending tile
2023-01-28 12:16:58.955 +02:00 [DBG] True
2023-01-28 12:16:58.955 +02:00 [DBG] Sending tile
2023-01-28 12:16:58.971 +02:00 [DBG] True
2023-01-28 12:16:58.972 +02:00 [DBG] Sending tile
2023-01-28 12:16:58.988 +02:00 [DBG] True
2023-01-28 12:16:58.988 +02:00 [DBG] Sending tile
2023-01-28 12:16:59.005 +02:00 [DBG] True
2023-01-28 12:16:59.005 +02:00 [DBG] Sending tile
2023-01-28 12:16:59.022 +02:00 [DBG] True
2023-01-28 12:16:59.022 +02:00 [DBG] Sending tile
2023-01-28 12:16:59.039 +02:00 [DBG] True
2023-01-28 12:16:59.039 +02:00 [DBG] Sending tile
2023-01-28 12:16:59.054 +02:00 [DBG] True
2023-01-28 12:16:59.054 +02:00 [DBG] Sending tile
2023-01-28 12:16:59.071 +02:00 [DBG] True
2023-01-28 12:16:59.072 +02:00 [DBG] Sending tile
2023-01-28 12:16:59.087 +02:00 [DBG] True
2023-01-28 12:16:59.087 +02:00 [DBG] Sending tile
2023-01-28 12:16:59.105 +02:00 [DBG] True
2023-01-28 12:16:59.105 +02:00 [DBG] Sending tile
2023-01-28 12:16:59.121 +02:00 [DBG] True
2023-01-28 12:16:59.121 +02:00 [DBG] Sending tile
2023-01-28 12:16:59.139 +02:00 [DBG] True
2023-01-28 12:16:59.139 +02:00 [DBG] Sending tile
2023-01-28 12:16:59.154 +02:00 [DBG] True
2023-01-28 12:16:59.154 +02:00 [DBG] Sending tile
2023-01-28 12:16:59.172 +02:00 [DBG] True
2023-01-28 12:16:59.172 +02:00 [DBG] Sending tile
2023-01-28 12:16:59.188 +02:00 [DBG] True
2023-01-28 12:16:59.188 +02:00 [DBG] Sending tile
2023-01-28 12:17:08.250 +02:00 [DBG] True
2023-01-28 12:17:08.250 +02:00 [DBG] Sending tile
2023-01-28 12:17:08.252 +02:00 [DBG] True
2023-01-28 12:17:08.252 +02:00 [DBG] Sending tile
2023-01-28 12:17:08.254 +02:00 [DBG] True
2023-01-28 12:17:08.254 +02:00 [DBG] Sending tile
2023-01-28 12:17:08.257 +02:00 [DBG] True
2023-01-28 12:17:08.257 +02:00 [DBG] Sending tile
2023-01-28 12:17:08.259 +02:00 [DBG] True
2023-01-28 12:17:08.259 +02:00 [DBG] Sending tile
2023-01-28 12:17:08.261 +02:00 [DBG] True
2023-01-28 12:17:08.261 +02:00 [DBG] Sending tile
2023-01-28 12:17:08.263 +02:00 [DBG] True
2023-01-28 12:17:08.263 +02:00 [DBG] Sending tile
2023-01-28 12:17:08.265 +02:00 [DBG] True
2023-01-28 12:17:08.265 +02:00 [DBG] Sending tile
2023-01-28 12:17:08.269 +02:00 [DBG] True
2023-01-28 12:17:08.269 +02:00 [DBG] Sending tile
2023-01-28 12:45:44.269 +02:00 [INF] E:\desktop\Projects\BuildingGame\bin\Debug\net6.0-windows\Logs/Latest.log
2023-01-28 12:45:46.437 +02:00 [INF] Hello from game!
2023-01-28 12:45:51.659 +02:00 [DBG] Server will be hosted at 127.0.0.1:1928
2023-01-28 12:45:51.667 +02:00 [INF] Subscribed packet of type TileAction
2023-01-28 12:45:51.684 +02:00 [DBG] Client ready to use
2023-01-28 12:45:51.707 +02:00 [DBG] Client info:
	- Username: player
	- Server: 127.0.0.1:1928
2023-01-28 12:45:51.732 +02:00 [DBG] Server listening at 127.0.0.1:1928
2023-01-28 12:45:51.850 +02:00 [DBG] Trying connect to 127.0.0.1:1928...
2023-01-28 12:45:52.158 +02:00 [DBG] PlayerConnect
2023-01-28 12:45:52.179 +02:00 [INF] Packet PlayerConnect received
2023-01-28 12:45:52.204 +02:00 [DBG] Resending PlayerConnect
2023-01-28 12:45:52.230 +02:00 [INF] Packet PlayerConnect received
2023-01-28 12:46:04.287 +02:00 [DBG] TileAction
2023-01-28 12:46:04.292 +02:00 [INF] Packet TileAction received
2023-01-28 12:46:04.296 +02:00 [DBG] Resending TileAction
2023-01-28 12:46:04.301 +02:00 [DBG] Resending TileAction
2023-01-28 12:46:04.315 +02:00 [DBG] PlayerConnect
2023-01-28 12:46:04.319 +02:00 [INF] Packet PlayerConnect received
2023-01-28 12:46:04.327 +02:00 [DBG] Resending PlayerConnect
2023-01-28 12:46:04.331 +02:00 [DBG] Resending PlayerConnect
2023-01-28 12:46:04.336 +02:00 [INF] Packet TileAction received
2023-01-28 12:46:04.349 +02:00 [DBG] place tile
2023-01-28 12:46:04.359 +02:00 [INF] Packet TileAction received
2023-01-28 12:46:04.365 +02:00 [DBG] place tile
