2023-01-28 12:05:49.183 +02:00 [INF] E:\desktop\Projects\BuildingGame\bin\Debug\net6.0-windows\Logs/Latest.log
2023-01-28 12:05:50.092 +02:00 [INF] Hello from game!
2023-01-28 12:05:58.719 +02:00 [INF] Subscribed packet of type TileAction
2023-01-28 12:05:58.725 +02:00 [DBG] Client ready to use
2023-01-28 12:05:58.739 +02:00 [DBG] Trying connect to 127.0.0.1:1928...
2023-01-28 12:06:01.797 +02:00 [INF] Packet PlayerConnect received
2023-01-28 12:06:01.807 +02:00 [INF] Packet PlayerConnect received
2023-01-28 12:11:14.573 +02:00 [INF] E:\desktop\Projects\BuildingGame\bin\Debug\net6.0-windows\Logs/Latest.log
2023-01-28 12:11:16.056 +02:00 [INF] Hello from game!
2023-01-28 12:11:19.025 +02:00 [DBG] Server will be hosted at 127.0.0.1:1928
2023-01-28 12:11:19.030 +02:00 [INF] Subscribed packet of type TileAction
2023-01-28 12:11:19.041 +02:00 [DBG] Client ready to use
2023-01-28 12:11:19.044 +02:00 [DBG] Client info:
	- Username: player
	- Server: 127.0.0.1:1928
2023-01-28 12:11:19.059 +02:00 [DBG] Server listening at 127.0.0.1:1928
2023-01-28 12:11:19.132 +02:00 [DBG] Trying connect to 127.0.0.1:1928...
2023-01-28 12:11:19.455 +02:00 [DBG] PlayerConnect
2023-01-28 12:11:19.482 +02:00 [INF] Packet PlayerConnect received
2023-01-28 12:11:19.532 +02:00 [DBG] Resending PlayerConnect
2023-01-28 12:11:20.103 +02:00 [INF] Packet PlayerConnect received
2023-01-28 12:11:54.589 +02:00 [INF] E:\desktop\Projects\BuildingGame\bin\Debug\net6.0-windows\Logs/Latest.log
2023-01-28 12:11:57.896 +02:00 [INF] Hello from game!
2023-01-28 12:12:01.264 +02:00 [DBG] Server will be hosted at 127.0.0.1:1928
2023-01-28 12:12:01.269 +02:00 [INF] Subscribed packet of type TileAction
2023-01-28 12:12:01.277 +02:00 [DBG] Client ready to use
2023-01-28 12:12:01.279 +02:00 [DBG] Client info:
	- Username: player
	- Server: 127.0.0.1:1928
2023-01-28 12:12:01.289 +02:00 [DBG] Server listening at 127.0.0.1:1928
2023-01-28 12:12:01.314 +02:00 [DBG] Trying connect to 127.0.0.1:1928...
2023-01-28 12:12:01.402 +02:00 [DBG] PlayerConnect
2023-01-28 12:12:01.410 +02:00 [INF] Packet PlayerConnect received
2023-01-28 12:12:01.424 +02:00 [DBG] Resending PlayerConnect
2023-01-28 12:12:01.447 +02:00 [INF] Packet PlayerConnect received
2023-01-28 12:14:30.375 +02:00 [INF] E:\desktop\Projects\BuildingGame\bin\Debug\net6.0-windows\Logs/Latest.log
2023-01-28 12:14:31.449 +02:00 [INF] Hello from game!
2023-01-28 12:14:41.109 +02:00 [DBG] Server will be hosted at 127.0.0.1:1928
2023-01-28 12:14:41.114 +02:00 [INF] Subscribed packet of type TileAction
2023-01-28 12:14:41.119 +02:00 [DBG] Client ready to use
2023-01-28 12:14:41.122 +02:00 [DBG] Client info:
	- Username: player
	- Server: 127.0.0.1:1928
2023-01-28 12:14:41.133 +02:00 [DBG] Server listening at 127.0.0.1:1928
2023-01-28 12:14:41.163 +02:00 [DBG] Trying connect to 127.0.0.1:1928...
2023-01-28 12:14:41.233 +02:00 [DBG] PlayerConnect
2023-01-28 12:14:41.239 +02:00 [INF] Packet PlayerConnect received
2023-01-28 12:14:41.249 +02:00 [DBG] Resending PlayerConnect
2023-01-28 12:14:41.253 +02:00 [INF] Packet PlayerConnect received
2023-01-28 12:15:11.265 +02:00 [INF] E:\desktop\Projects\BuildingGame\bin\Debug\net6.0-windows\Logs/Latest.log
2023-01-28 12:15:12.347 +02:00 [INF] Hello from game!
2023-01-28 12:15:14.351 +02:00 [DBG] Server will be hosted at 127.0.0.1:1928
2023-01-28 12:15:14.359 +02:00 [INF] Subscribed packet of type TileAction
2023-01-28 12:15:14.366 +02:00 [DBG] Client ready to use
2023-01-28 12:15:14.370 +02:00 [DBG] Client info:
	- Username: player
	- Server: 127.0.0.1:1928
2023-01-28 12:15:14.380 +02:00 [DBG] Server listening at 127.0.0.1:1928
2023-01-28 12:15:14.414 +02:00 [DBG] Trying connect to 127.0.0.1:1928...
2023-01-28 12:15:14.482 +02:00 [DBG] PlayerConnect
2023-01-28 12:15:14.487 +02:00 [INF] Packet PlayerConnect received
2023-01-28 12:15:14.495 +02:00 [DBG] Resending PlayerConnect
2023-01-28 12:15:14.504 +02:00 [INF] Packet PlayerConnect received
2023-01-28 12:15:14.986 +02:00 [DBG] Sending tile
2023-01-28 12:15:14.995 +02:00 [DBG] Sending tile
2023-01-28 12:15:15.045 +02:00 [DBG] Sending tile
2023-01-28 12:15:15.049 +02:00 [DBG] Sending tile
2023-01-28 12:15:15.052 +02:00 [DBG] Sending tile
2023-01-28 12:15:15.063 +02:00 [DBG] Sending tile
2023-01-28 12:15:15.078 +02:00 [DBG] Sending tile
2023-01-28 12:15:15.108 +02:00 [DBG] Sending tile
2023-01-28 12:15:15.113 +02:00 [DBG] Sending tile
2023-01-28 12:15:15.140 +02:00 [DBG] Sending tile
2023-01-28 12:15:15.145 +02:00 [DBG] Sending tile
2023-01-28 12:15:15.171 +02:00 [DBG] Sending tile
2023-01-28 12:15:15.178 +02:00 [DBG] Sending tile
2023-01-28 12:15:15.202 +02:00 [DBG] Sending tile
2023-01-28 12:15:15.218 +02:00 [DBG] Sending tile
2023-01-28 12:15:15.233 +02:00 [DBG] Sending tile
2023-01-28 12:15:15.248 +02:00 [DBG] Sending tile
2023-01-28 12:15:15.264 +02:00 [DBG] Sending tile
2023-01-28 12:15:15.279 +02:00 [DBG] Sending tile
2023-01-28 12:15:15.295 +02:00 [DBG] Sending tile
2023-01-28 12:15:15.325 +02:00 [DBG] Sending tile
2023-01-28 12:15:15.332 +02:00 [DBG] Sending tile
2023-01-28 12:15:15.357 +02:00 [DBG] Sending tile
2023-01-28 12:15:15.363 +02:00 [DBG] Sending tile
2023-01-28 12:15:15.388 +02:00 [DBG] Sending tile
2023-01-28 12:15:15.395 +02:00 [DBG] Sending tile
2023-01-28 12:15:15.420 +02:00 [DBG] Sending tile
2023-01-28 12:15:15.436 +02:00 [DBG] Sending tile
2023-01-28 12:15:15.452 +02:00 [DBG] Sending tile
2023-01-28 12:15:15.468 +02:00 [DBG] Sending tile
2023-01-28 12:15:15.483 +02:00 [DBG] Sending tile
2023-01-28 12:15:15.498 +02:00 [DBG] Sending tile
2023-01-28 12:15:15.712 +02:00 [DBG] Sending tile
2023-01-28 12:15:15.729 +02:00 [DBG] Sending tile
2023-01-28 12:15:15.745 +02:00 [DBG] Sending tile
2023-01-28 12:15:15.765 +02:00 [DBG] Sending tile
2023-01-28 12:15:15.778 +02:00 [DBG] Sending tile
2023-01-28 12:15:15.795 +02:00 [DBG] Sending tile
2023-01-28 12:15:15.812 +02:00 [DBG] Sending tile
2023-01-28 12:15:15.828 +02:00 [DBG] Sending tile
2023-01-28 12:15:15.845 +02:00 [DBG] Sending tile
2023-01-28 12:15:15.862 +02:00 [DBG] Sending tile
2023-01-28 12:15:15.879 +02:00 [DBG] Sending tile
2023-01-28 12:15:15.895 +02:00 [DBG] Sending tile
2023-01-28 12:15:15.912 +02:00 [DBG] Sending tile
2023-01-28 12:15:15.929 +02:00 [DBG] Sending tile
2023-01-28 12:15:15.945 +02:00 [DBG] Sending tile
2023-01-28 12:15:15.962 +02:00 [DBG] Sending tile
2023-01-28 12:15:15.978 +02:00 [DBG] Sending tile
2023-01-28 12:16:01.185 +02:00 [INF] E:\desktop\Projects\BuildingGame\bin\Debug\net6.0-windows\Logs/Latest.log
2023-01-28 12:16:02.430 +02:00 [INF] Hello from game!
2023-01-28 12:16:14.090 +02:00 [DBG] Server will be hosted at 127.0.0.1:1928
2023-01-28 12:16:14.094 +02:00 [INF] Subscribed packet of type TileAction
2023-01-28 12:16:14.100 +02:00 [DBG] Client ready to use
2023-01-28 12:16:14.103 +02:00 [DBG] Client info:
	- Username: player
	- Server: 127.0.0.1:1928
2023-01-28 12:16:14.111 +02:00 [DBG] Server listening at 127.0.0.1:1928
2023-01-28 12:16:14.133 +02:00 [DBG] Trying connect to 127.0.0.1:1928...
2023-01-28 12:16:14.205 +02:00 [DBG] PlayerConnect
2023-01-28 12:16:14.210 +02:00 [INF] Packet PlayerConnect received
2023-01-28 12:16:14.222 +02:00 [DBG] Resending PlayerConnect
2023-01-28 12:16:14.254 +02:00 [INF] Packet PlayerConnect received
2023-01-28 12:16:15.490 +02:00 [DBG] True
2023-01-28 12:16:15.492 +02:00 [DBG] Sending tile
2023-01-28 12:16:15.504 +02:00 [DBG] True
2023-01-28 12:16:15.508 +02:00 [DBG] Sending tile
2023-01-28 12:16:15.520 +02:00 [DBG] True
2023-01-28 12:16:15.523 +02:00 [DBG] Sending tile
2023-01-28 12:16:15.537 +02:00 [DBG] True
2023-01-28 12:16:15.540 +02:00 [DBG] Sending tile
2023-01-28 12:16:19.323 +02:00 [DBG] True
2023-01-28 12:16:19.325 +02:00 [DBG] Sending tile
2023-01-28 12:16:19.339 +02:00 [DBG] True
2023-01-28 12:16:19.342 +02:00 [DBG] Sending tile
2023-01-28 12:16:19.355 +02:00 [DBG] True
2023-01-28 12:16:19.358 +02:00 [DBG] Sending tile
2023-01-28 12:16:19.372 +02:00 [DBG] True
2023-01-28 12:16:19.375 +02:00 [DBG] Sending tile
2023-01-28 12:16:19.388 +02:00 [DBG] True
2023-01-28 12:16:19.392 +02:00 [DBG] Sending tile
2023-01-28 12:16:19.405 +02:00 [DBG] True
2023-01-28 12:16:19.410 +02:00 [DBG] Sending tile
2023-01-28 12:16:19.421 +02:00 [DBG] True
2023-01-28 12:16:19.426 +02:00 [DBG] Sending tile
2023-01-28 12:16:19.438 +02:00 [DBG] True
2023-01-28 12:16:19.443 +02:00 [DBG] Sending tile
2023-01-28 12:16:19.455 +02:00 [DBG] True
2023-01-28 12:16:19.459 +02:00 [DBG] Sending tile
2023-01-28 12:16:19.472 +02:00 [DBG] True
2023-01-28 12:16:19.478 +02:00 [DBG] Sending tile
2023-01-28 12:16:19.488 +02:00 [DBG] True
2023-01-28 12:16:19.494 +02:00 [DBG] Sending tile
2023-01-28 12:16:19.504 +02:00 [DBG] True
2023-01-28 12:16:19.509 +02:00 [DBG] Sending tile
2023-01-28 12:16:19.521 +02:00 [DBG] True
2023-01-28 12:16:19.527 +02:00 [DBG] Sending tile
2023-01-28 12:16:19.538 +02:00 [DBG] True
2023-01-28 12:16:19.548 +02:00 [DBG] Sending tile
2023-01-28 12:16:19.557 +02:00 [DBG] True
2023-01-28 12:16:19.561 +02:00 [DBG] Sending tile
2023-01-28 12:16:19.571 +02:00 [DBG] True
2023-01-28 12:16:19.574 +02:00 [DBG] Sending tile
2023-01-28 12:16:19.587 +02:00 [DBG] True
2023-01-28 12:16:19.590 +02:00 [DBG] Sending tile
2023-01-28 12:16:19.604 +02:00 [DBG] True
2023-01-28 12:16:19.610 +02:00 [DBG] Sending tile
2023-01-28 12:16:19.621 +02:00 [DBG] True
2023-01-28 12:16:19.626 +02:00 [DBG] Sending tile
2023-01-28 12:16:19.638 +02:00 [DBG] True
2023-01-28 12:16:19.643 +02:00 [DBG] Sending tile
2023-01-28 12:16:19.655 +02:00 [DBG] True
2023-01-28 12:16:19.659 +02:00 [DBG] Sending tile
2023-01-28 12:16:19.670 +02:00 [DBG] True
2023-01-28 12:16:19.676 +02:00 [DBG] Sending tile
2023-01-28 12:16:19.687 +02:00 [DBG] True
2023-01-28 12:16:19.691 +02:00 [DBG] Sending tile
2023-01-28 12:16:19.705 +02:00 [DBG] True
2023-01-28 12:16:19.709 +02:00 [DBG] Sending tile
2023-01-28 12:16:19.722 +02:00 [DBG] True
2023-01-28 12:16:19.726 +02:00 [DBG] Sending tile
2023-01-28 12:16:20.173 +02:00 [DBG] True
2023-01-28 12:16:20.175 +02:00 [DBG] Sending tile
2023-01-28 12:16:20.187 +02:00 [DBG] True
2023-01-28 12:16:20.190 +02:00 [DBG] Sending tile
2023-01-28 12:16:20.203 +02:00 [DBG] True
2023-01-28 12:16:20.206 +02:00 [DBG] Sending tile
2023-01-28 12:16:20.220 +02:00 [DBG] True
2023-01-28 12:16:20.223 +02:00 [DBG] Sending tile
2023-01-28 12:16:20.237 +02:00 [DBG] True
2023-01-28 12:16:20.240 +02:00 [DBG] Sending tile
2023-01-28 12:16:20.255 +02:00 [DBG] True
2023-01-28 12:16:20.260 +02:00 [DBG] Sending tile
2023-01-28 12:16:20.272 +02:00 [DBG] True
2023-01-28 12:16:20.279 +02:00 [DBG] Sending tile
2023-01-28 12:16:20.288 +02:00 [DBG] True
2023-01-28 12:16:20.291 +02:00 [DBG] Sending tile
2023-01-28 12:16:20.305 +02:00 [DBG] True
2023-01-28 12:16:20.308 +02:00 [DBG] Sending tile
2023-01-28 12:16:20.321 +02:00 [DBG] True
2023-01-28 12:16:20.326 +02:00 [DBG] Sending tile
2023-01-28 12:16:20.338 +02:00 [DBG] True
2023-01-28 12:16:20.341 +02:00 [DBG] Sending tile
2023-01-28 12:16:20.354 +02:00 [DBG] True
2023-01-28 12:16:20.357 +02:00 [DBG] Sending tile
2023-01-28 12:16:20.371 +02:00 [DBG] True
2023-01-28 12:16:20.374 +02:00 [DBG] Sending tile
2023-01-28 12:16:20.387 +02:00 [DBG] True
2023-01-28 12:16:20.390 +02:00 [DBG] Sending tile
2023-01-28 12:16:20.404 +02:00 [DBG] True
2023-01-28 12:16:20.408 +02:00 [DBG] Sending tile
2023-01-28 12:16:20.422 +02:00 [DBG] True
2023-01-28 12:16:20.426 +02:00 [DBG] Sending tile
2023-01-28 12:16:20.437 +02:00 [DBG] True
2023-01-28 12:16:20.440 +02:00 [DBG] Sending tile
2023-01-28 12:16:20.453 +02:00 [DBG] True
2023-01-28 12:16:20.457 +02:00 [DBG] Sending tile
2023-01-28 12:16:20.471 +02:00 [DBG] True
2023-01-28 12:16:20.476 +02:00 [DBG] Sending tile
2023-01-28 12:16:20.488 +02:00 [DBG] True
2023-01-28 12:16:20.492 +02:00 [DBG] Sending tile
2023-01-28 12:16:20.504 +02:00 [DBG] True
2023-01-28 12:16:20.509 +02:00 [DBG] Sending tile
2023-01-28 12:16:20.522 +02:00 [DBG] True
2023-01-28 12:16:20.525 +02:00 [DBG] Sending tile
2023-01-28 12:16:20.537 +02:00 [DBG] True
2023-01-28 12:16:20.541 +02:00 [DBG] Sending tile
2023-01-28 12:16:20.554 +02:00 [DBG] True
2023-01-28 12:16:20.558 +02:00 [DBG] Sending tile
2023-01-28 12:16:20.572 +02:00 [DBG] True
2023-01-28 12:16:20.576 +02:00 [DBG] Sending tile
2023-01-28 12:16:20.589 +02:00 [DBG] True
2023-01-28 12:16:20.593 +02:00 [DBG] Sending tile
2023-01-28 12:16:20.604 +02:00 [DBG] True
2023-01-28 12:16:20.607 +02:00 [DBG] Sending tile
2023-01-28 12:16:20.620 +02:00 [DBG] True
2023-01-28 12:16:20.624 +02:00 [DBG] Sending tile
2023-01-28 12:16:20.639 +02:00 [DBG] True
2023-01-28 12:16:20.644 +02:00 [DBG] Sending tile
2023-01-28 12:16:20.655 +02:00 [DBG] True
2023-01-28 12:16:20.658 +02:00 [DBG] Sending tile
2023-01-28 12:16:20.671 +02:00 [DBG] True
2023-01-28 12:16:20.679 +02:00 [DBG] Sending tile
2023-01-28 12:16:20.691 +02:00 [DBG] True
2023-01-28 12:16:20.695 +02:00 [DBG] Sending tile
2023-01-28 12:16:20.705 +02:00 [DBG] True
2023-01-28 12:16:20.709 +02:00 [DBG] Sending tile
2023-01-28 12:16:20.737 +02:00 [DBG] True
2023-01-28 12:16:20.741 +02:00 [DBG] Sending tile
2023-01-28 12:16:20.756 +02:00 [DBG] True
2023-01-28 12:16:20.759 +02:00 [DBG] Sending tile
2023-01-28 12:16:20.765 +02:00 [DBG] True
2023-01-28 12:16:20.769 +02:00 [DBG] Sending tile
2023-01-28 12:16:20.776 +02:00 [DBG] True
2023-01-28 12:16:20.780 +02:00 [DBG] Sending tile
2023-01-28 12:16:20.791 +02:00 [DBG] True
2023-01-28 12:16:20.795 +02:00 [DBG] Sending tile
2023-01-28 12:16:20.805 +02:00 [DBG] True
2023-01-28 12:16:20.809 +02:00 [DBG] Sending tile
2023-01-28 12:16:20.821 +02:00 [DBG] True
2023-01-28 12:16:20.827 +02:00 [DBG] Sending tile
2023-01-28 12:16:20.841 +02:00 [DBG] True
2023-01-28 12:16:20.844 +02:00 [DBG] Sending tile
2023-01-28 12:16:20.854 +02:00 [DBG] True
2023-01-28 12:16:20.857 +02:00 [DBG] Sending tile
2023-01-28 12:16:20.870 +02:00 [DBG] True
2023-01-28 12:16:20.873 +02:00 [DBG] Sending tile
2023-01-28 12:16:20.887 +02:00 [DBG] True
2023-01-28 12:16:20.890 +02:00 [DBG] Sending tile
2023-01-28 12:16:20.903 +02:00 [DBG] True
2023-01-28 12:16:20.908 +02:00 [DBG] Sending tile
2023-01-28 12:16:20.921 +02:00 [DBG] True
2023-01-28 12:16:20.925 +02:00 [DBG] Sending tile
2023-01-28 12:16:20.938 +02:00 [DBG] True
2023-01-28 12:16:20.942 +02:00 [DBG] Sending tile
2023-01-28 12:16:20.956 +02:00 [DBG] True
2023-01-28 12:16:20.959 +02:00 [DBG] Sending tile
2023-01-28 12:16:20.971 +02:00 [DBG] True
2023-01-28 12:16:20.974 +02:00 [DBG] Sending tile
2023-01-28 12:16:20.988 +02:00 [DBG] True
2023-01-28 12:16:20.992 +02:00 [DBG] Sending tile
2023-01-28 12:16:21.004 +02:00 [DBG] True
2023-01-28 12:16:21.012 +02:00 [DBG] Sending tile
2023-01-28 12:16:21.025 +02:00 [DBG] True
2023-01-28 12:16:21.028 +02:00 [DBG] Sending tile
2023-01-28 12:16:21.038 +02:00 [DBG] True
2023-01-28 12:16:21.042 +02:00 [DBG] Sending tile
2023-01-28 12:16:21.055 +02:00 [DBG] True
2023-01-28 12:16:21.061 +02:00 [DBG] Sending tile
2023-01-28 12:16:21.073 +02:00 [DBG] True
2023-01-28 12:16:21.076 +02:00 [DBG] Sending tile
2023-01-28 12:16:21.089 +02:00 [DBG] True
2023-01-28 12:16:21.094 +02:00 [DBG] Sending tile
2023-01-28 12:16:21.105 +02:00 [DBG] True
2023-01-28 12:16:21.110 +02:00 [DBG] Sending tile
2023-01-28 12:16:21.122 +02:00 [DBG] True
2023-01-28 12:16:21.126 +02:00 [DBG] Sending tile
2023-01-28 12:16:21.138 +02:00 [DBG] True
2023-01-28 12:16:21.144 +02:00 [DBG] Sending tile
2023-01-28 12:16:21.155 +02:00 [DBG] True
2023-01-28 12:16:21.159 +02:00 [DBG] Sending tile
2023-01-28 12:16:21.171 +02:00 [DBG] True
2023-01-28 12:16:21.176 +02:00 [DBG] Sending tile
2023-01-28 12:16:21.189 +02:00 [DBG] True
2023-01-28 12:16:21.193 +02:00 [DBG] Sending tile
2023-01-28 12:16:21.205 +02:00 [DBG] True
2023-01-28 12:16:21.209 +02:00 [DBG] Sending tile
2023-01-28 12:16:21.221 +02:00 [DBG] True
2023-01-28 12:16:21.225 +02:00 [DBG] Sending tile
2023-01-28 12:16:21.238 +02:00 [DBG] True
2023-01-28 12:16:21.243 +02:00 [DBG] Sending tile
2023-01-28 12:16:21.256 +02:00 [DBG] True
2023-01-28 12:16:21.260 +02:00 [DBG] Sending tile
2023-01-28 12:16:21.272 +02:00 [DBG] True
2023-01-28 12:16:21.275 +02:00 [DBG] Sending tile
2023-01-28 12:16:21.288 +02:00 [DBG] True
2023-01-28 12:16:21.291 +02:00 [DBG] Sending tile
2023-01-28 12:16:21.304 +02:00 [DBG] True
2023-01-28 12:16:21.308 +02:00 [DBG] Sending tile
2023-01-28 12:16:21.322 +02:00 [DBG] True
2023-01-28 12:16:21.327 +02:00 [DBG] Sending tile
2023-01-28 12:16:21.339 +02:00 [DBG] True
2023-01-28 12:16:21.342 +02:00 [DBG] Sending tile
2023-01-28 12:16:21.354 +02:00 [DBG] True
2023-01-28 12:16:21.357 +02:00 [DBG] Sending tile
2023-01-28 12:16:21.371 +02:00 [DBG] True
2023-01-28 12:16:21.374 +02:00 [DBG] Sending tile
2023-01-28 12:16:21.387 +02:00 [DBG] True
2023-01-28 12:16:21.391 +02:00 [DBG] Sending tile
2023-01-28 12:16:21.404 +02:00 [DBG] True
2023-01-28 12:16:21.410 +02:00 [DBG] Sending tile
2023-01-28 12:16:21.422 +02:00 [DBG] True
2023-01-28 12:16:21.425 +02:00 [DBG] Sending tile
2023-01-28 12:16:21.438 +02:00 [DBG] True
2023-01-28 12:16:21.442 +02:00 [DBG] Sending tile
2023-01-28 12:16:21.455 +02:00 [DBG] True
2023-01-28 12:16:21.459 +02:00 [DBG] Sending tile
2023-01-28 12:16:21.472 +02:00 [DBG] True
2023-01-28 12:16:21.476 +02:00 [DBG] Sending tile
2023-01-28 12:16:21.488 +02:00 [DBG] True
2023-01-28 12:16:21.492 +02:00 [DBG] Sending tile
2023-01-28 12:16:21.506 +02:00 [DBG] True
2023-01-28 12:16:21.510 +02:00 [DBG] Sending tile
2023-01-28 12:16:21.523 +02:00 [DBG] True
2023-01-28 12:16:21.526 +02:00 [DBG] Sending tile
2023-01-28 12:16:21.538 +02:00 [DBG] True
2023-01-28 12:16:21.541 +02:00 [DBG] Sending tile
2023-01-28 12:16:21.555 +02:00 [DBG] True
2023-01-28 12:16:21.558 +02:00 [DBG] Sending tile
2023-01-28 12:16:21.571 +02:00 [DBG] True
2023-01-28 12:16:21.576 +02:00 [DBG] Sending tile
2023-01-28 12:16:21.588 +02:00 [DBG] True
2023-01-28 12:16:21.592 +02:00 [DBG] Sending tile
2023-01-28 12:16:21.605 +02:00 [DBG] True
2023-01-28 12:16:21.608 +02:00 [DBG] Sending tile
2023-01-28 12:16:21.621 +02:00 [DBG] True
2023-01-28 12:16:21.624 +02:00 [DBG] Sending tile
2023-01-28 12:16:21.638 +02:00 [DBG] True
2023-01-28 12:16:21.642 +02:00 [DBG] Sending tile
2023-01-28 12:16:21.655 +02:00 [DBG] True
2023-01-28 12:16:21.659 +02:00 [DBG] Sending tile
2023-01-28 12:16:21.672 +02:00 [DBG] True
2023-01-28 12:16:21.675 +02:00 [DBG] Sending tile
2023-01-28 12:16:21.689 +02:00 [DBG] True
2023-01-28 12:16:21.692 +02:00 [DBG] Sending tile
2023-01-28 12:16:21.706 +02:00 [DBG] True
2023-01-28 12:16:21.710 +02:00 [DBG] Sending tile
2023-01-28 12:16:21.724 +02:00 [DBG] True
2023-01-28 12:16:21.727 +02:00 [DBG] Sending tile
2023-01-28 12:16:21.738 +02:00 [DBG] True
2023-01-28 12:16:21.744 +02:00 [DBG] Sending tile
2023-01-28 12:16:21.758 +02:00 [DBG] True
2023-01-28 12:16:21.763 +02:00 [DBG] Sending tile
2023-01-28 12:16:21.775 +02:00 [DBG] True
2023-01-28 12:16:21.778 +02:00 [DBG] Sending tile
2023-01-28 12:16:21.789 +02:00 [DBG] True
2023-01-28 12:16:21.792 +02:00 [DBG] Sending tile
2023-01-28 12:16:21.804 +02:00 [DBG] True
2023-01-28 12:16:21.808 +02:00 [DBG] Sending tile
2023-01-28 12:16:21.822 +02:00 [DBG] True
2023-01-28 12:16:21.827 +02:00 [DBG] Sending tile
2023-01-28 12:16:21.839 +02:00 [DBG] True
2023-01-28 12:16:21.845 +02:00 [DBG] Sending tile
2023-01-28 12:16:21.855 +02:00 [DBG] True
2023-01-28 12:16:21.859 +02:00 [DBG] Sending tile
2023-01-28 12:16:21.872 +02:00 [DBG] True
2023-01-28 12:16:21.875 +02:00 [DBG] Sending tile
2023-01-28 12:16:21.888 +02:00 [DBG] True
2023-01-28 12:16:21.891 +02:00 [DBG] Sending tile
2023-01-28 12:16:21.905 +02:00 [DBG] True
2023-01-28 12:16:21.909 +02:00 [DBG] Sending tile
2023-01-28 12:16:21.922 +02:00 [DBG] True
2023-01-28 12:16:21.927 +02:00 [DBG] Sending tile
2023-01-28 12:16:21.939 +02:00 [DBG] True
2023-01-28 12:16:21.942 +02:00 [DBG] Sending tile
2023-01-28 12:16:21.955 +02:00 [DBG] True
2023-01-28 12:16:21.958 +02:00 [DBG] Sending tile
2023-01-28 12:16:21.971 +02:00 [DBG] True
2023-01-28 12:16:21.975 +02:00 [DBG] Sending tile
2023-01-28 12:16:21.988 +02:00 [DBG] True
2023-01-28 12:16:21.993 +02:00 [DBG] Sending tile
2023-01-28 12:16:22.005 +02:00 [DBG] True
2023-01-28 12:16:22.009 +02:00 [DBG] Sending tile
2023-01-28 12:16:22.024 +02:00 [DBG] True
2023-01-28 12:16:22.028 +02:00 [DBG] Sending tile
2023-01-28 12:16:22.041 +02:00 [DBG] True
2023-01-28 12:16:22.045 +02:00 [DBG] Sending tile
2023-01-28 12:16:22.055 +02:00 [DBG] True
2023-01-28 12:16:22.059 +02:00 [DBG] Sending tile
2023-01-28 12:16:22.073 +02:00 [DBG] True
2023-01-28 12:16:22.077 +02:00 [DBG] Sending tile
2023-01-28 12:16:22.090 +02:00 [DBG] True
2023-01-28 12:16:22.093 +02:00 [DBG] Sending tile
2023-01-28 12:16:22.104 +02:00 [DBG] True
2023-01-28 12:16:22.108 +02:00 [DBG] Sending tile
2023-01-28 12:16:22.122 +02:00 [DBG] True
2023-01-28 12:16:22.125 +02:00 [DBG] Sending tile
2023-01-28 12:16:22.140 +02:00 [DBG] True
2023-01-28 12:16:22.144 +02:00 [DBG] Sending tile
2023-01-28 12:16:22.156 +02:00 [DBG] True
2023-01-28 12:16:22.163 +02:00 [DBG] Sending tile
2023-01-28 12:16:22.172 +02:00 [DBG] True
2023-01-28 12:16:22.175 +02:00 [DBG] Sending tile
2023-01-28 12:16:22.190 +02:00 [DBG] True
2023-01-28 12:16:22.194 +02:00 [DBG] Sending tile
2023-01-28 12:16:22.206 +02:00 [DBG] True
2023-01-28 12:16:22.209 +02:00 [DBG] Sending tile
2023-01-28 12:16:43.649 +02:00 [DBG] True
2023-01-28 12:16:43.653 +02:00 [DBG] Sending tile
2023-01-28 12:16:43.658 +02:00 [DBG] True
2023-01-28 12:16:43.660 +02:00 [DBG] Sending tile
2023-01-28 12:16:43.666 +02:00 [DBG] True
2023-01-28 12:16:43.669 +02:00 [DBG] Sending tile
2023-01-28 12:16:43.673 +02:00 [DBG] True
2023-01-28 12:16:43.682 +02:00 [DBG] Sending tile
2023-01-28 12:16:43.718 +02:00 [DBG] True
2023-01-28 12:16:43.723 +02:00 [DBG] Sending tile
2023-01-28 12:16:43.735 +02:00 [DBG] True
2023-01-28 12:16:43.738 +02:00 [DBG] Sending tile
2023-01-28 12:16:43.757 +02:00 [DBG] True
2023-01-28 12:16:43.766 +02:00 [DBG] Sending tile
2023-01-28 12:16:43.777 +02:00 [DBG] True
2023-01-28 12:16:43.785 +02:00 [DBG] Sending tile
2023-01-28 12:16:43.790 +02:00 [DBG] True
2023-01-28 12:16:43.798 +02:00 [DBG] Sending tile
2023-01-28 12:16:43.822 +02:00 [DBG] True
2023-01-28 12:16:43.824 +02:00 [DBG] Sending tile
2023-01-28 12:16:43.830 +02:00 [DBG] True
2023-01-28 12:16:43.837 +02:00 [DBG] Sending tile
2023-01-28 12:16:43.850 +02:00 [DBG] True
2023-01-28 12:16:43.855 +02:00 [DBG] Sending tile
2023-01-28 12:16:43.859 +02:00 [DBG] True
2023-01-28 12:16:43.865 +02:00 [DBG] Sending tile
2023-01-28 12:16:43.872 +02:00 [DBG] True
2023-01-28 12:16:43.883 +02:00 [DBG] Sending tile
2023-01-28 12:16:43.888 +02:00 [DBG] True
2023-01-28 12:16:43.891 +02:00 [DBG] Sending tile
2023-01-28 12:16:43.918 +02:00 [DBG] True
2023-01-28 12:16:43.923 +02:00 [DBG] Sending tile
2023-01-28 12:16:43.932 +02:00 [DBG] True
2023-01-28 12:16:43.935 +02:00 [DBG] Sending tile
2023-01-28 12:16:43.939 +02:00 [DBG] True
2023-01-28 12:16:43.947 +02:00 [DBG] Sending tile
2023-01-28 12:16:43.954 +02:00 [DBG] True
2023-01-28 12:16:43.956 +02:00 [DBG] Sending tile
2023-01-28 12:16:43.962 +02:00 [DBG] True
2023-01-28 12:16:43.966 +02:00 [DBG] Sending tile
2023-01-28 12:16:43.970 +02:00 [DBG] True
2023-01-28 12:16:43.973 +02:00 [DBG] Sending tile
2023-01-28 12:16:43.994 +02:00 [DBG] True
2023-01-28 12:16:44.001 +02:00 [DBG] Sending tile
2023-01-28 12:16:44.007 +02:00 [DBG] True
2023-01-28 12:16:44.010 +02:00 [DBG] Sending tile
2023-01-28 12:16:44.018 +02:00 [DBG] True
2023-01-28 12:16:44.021 +02:00 [DBG] Sending tile
2023-01-28 12:16:44.031 +02:00 [DBG] True
2023-01-28 12:16:44.035 +02:00 [DBG] Sending tile
2023-01-28 12:16:44.055 +02:00 [DBG] True
2023-01-28 12:16:44.057 +02:00 [DBG] Sending tile
2023-01-28 12:16:44.062 +02:00 [DBG] True
2023-01-28 12:16:44.066 +02:00 [DBG] Sending tile
2023-01-28 12:16:44.070 +02:00 [DBG] True
2023-01-28 12:16:44.072 +02:00 [DBG] Sending tile
2023-01-28 12:16:44.075 +02:00 [DBG] True
2023-01-28 12:16:44.079 +02:00 [DBG] Sending tile
2023-01-28 12:16:44.102 +02:00 [DBG] True
2023-01-28 12:16:44.105 +02:00 [DBG] Sending tile
2023-01-28 12:16:44.109 +02:00 [DBG] True
2023-01-28 12:16:44.114 +02:00 [DBG] Sending tile
2023-01-28 12:16:44.118 +02:00 [DBG] True
2023-01-28 12:16:44.124 +02:00 [DBG] Sending tile
2023-01-28 12:16:44.151 +02:00 [DBG] True
2023-01-28 12:16:44.155 +02:00 [DBG] Sending tile
2023-01-28 12:16:44.159 +02:00 [DBG] True
2023-01-28 12:16:44.162 +02:00 [DBG] Sending tile
2023-01-28 12:16:44.182 +02:00 [DBG] True
2023-01-28 12:16:44.185 +02:00 [DBG] Sending tile
2023-01-28 12:16:44.189 +02:00 [DBG] True
2023-01-28 12:16:44.192 +02:00 [DBG] Sending tile
2023-01-28 12:16:44.212 +02:00 [DBG] True
2023-01-28 12:16:44.220 +02:00 [DBG] Sending tile
2023-01-28 12:16:44.224 +02:00 [DBG] True
2023-01-28 12:16:44.227 +02:00 [DBG] Sending tile
2023-01-28 12:16:44.259 +02:00 [DBG] True
2023-01-28 12:16:44.264 +02:00 [DBG] Sending tile
2023-01-28 12:16:44.268 +02:00 [DBG] True
2023-01-28 12:16:44.271 +02:00 [DBG] Sending tile
2023-01-28 12:16:44.275 +02:00 [DBG] True
2023-01-28 12:16:44.281 +02:00 [DBG] Sending tile
2023-01-28 12:16:44.304 +02:00 [DBG] True
2023-01-28 12:16:44.308 +02:00 [DBG] Sending tile
2023-01-28 12:16:44.314 +02:00 [DBG] True
2023-01-28 12:16:44.318 +02:00 [DBG] Sending tile
2023-01-28 12:16:44.323 +02:00 [DBG] True
2023-01-28 12:16:44.325 +02:00 [DBG] Sending tile
2023-01-28 12:16:44.349 +02:00 [DBG] True
2023-01-28 12:16:44.351 +02:00 [DBG] Sending tile
2023-01-28 12:16:44.416 +02:00 [DBG] True
2023-01-28 12:16:44.420 +02:00 [DBG] Sending tile
2023-01-28 12:16:44.440 +02:00 [DBG] True
2023-01-28 12:16:44.443 +02:00 [DBG] Sending tile
2023-01-28 12:16:44.449 +02:00 [DBG] True
2023-01-28 12:16:44.452 +02:00 [DBG] Sending tile
2023-01-28 12:16:44.456 +02:00 [DBG] True
2023-01-28 12:16:44.461 +02:00 [DBG] Sending tile
2023-01-28 12:16:44.466 +02:00 [DBG] True
2023-01-28 12:16:44.469 +02:00 [DBG] Sending tile
2023-01-28 12:16:44.473 +02:00 [DBG] True
2023-01-28 12:16:44.476 +02:00 [DBG] Sending tile
2023-01-28 12:16:44.479 +02:00 [DBG] True
2023-01-28 12:16:44.483 +02:00 [DBG] Sending tile
2023-01-28 12:16:44.504 +02:00 [DBG] True
2023-01-28 12:16:44.509 +02:00 [DBG] Sending tile
2023-01-28 12:16:44.517 +02:00 [DBG] True
2023-01-28 12:16:44.521 +02:00 [DBG] Sending tile
2023-01-28 12:16:44.526 +02:00 [DBG] True
2023-01-28 12:16:44.530 +02:00 [DBG] Sending tile
2023-01-28 12:16:44.535 +02:00 [DBG] True
2023-01-28 12:16:44.539 +02:00 [DBG] Sending tile
2023-01-28 12:16:44.619 +02:00 [DBG] True
2023-01-28 12:16:44.638 +02:00 [DBG] Sending tile
2023-01-28 12:16:44.648 +02:00 [DBG] True
2023-01-28 12:16:44.700 +02:00 [DBG] Sending tile
2023-01-28 12:16:44.731 +02:00 [DBG] True
2023-01-28 12:16:44.735 +02:00 [DBG] Sending tile
2023-01-28 12:16:44.740 +02:00 [DBG] True
2023-01-28 12:16:44.744 +02:00 [DBG] Sending tile
2023-01-28 12:16:44.750 +02:00 [DBG] True
2023-01-28 12:16:44.755 +02:00 [DBG] Sending tile
2023-01-28 12:16:44.780 +02:00 [DBG] True
2023-01-28 12:16:44.791 +02:00 [DBG] Sending tile
2023-01-28 12:16:44.816 +02:00 [DBG] True
2023-01-28 12:16:44.819 +02:00 [DBG] Sending tile
2023-01-28 12:16:44.824 +02:00 [DBG] True
2023-01-28 12:16:44.830 +02:00 [DBG] Sending tile
2023-01-28 12:16:44.856 +02:00 [DBG] True
2023-01-28 12:16:44.859 +02:00 [DBG] Sending tile
2023-01-28 12:16:44.865 +02:00 [DBG] True
2023-01-28 12:16:44.867 +02:00 [DBG] Sending tile
2023-01-28 12:16:44.871 +02:00 [DBG] True
2023-01-28 12:16:44.874 +02:00 [DBG] Sending tile
2023-01-28 12:16:44.879 +02:00 [DBG] True
2023-01-28 12:16:44.883 +02:00 [DBG] Sending tile
2023-01-28 12:16:44.888 +02:00 [DBG] True
2023-01-28 12:16:44.891 +02:00 [DBG] Sending tile
2023-01-28 12:16:44.895 +02:00 [DBG] True
2023-01-28 12:16:44.900 +02:00 [DBG] Sending tile
2023-01-28 12:16:44.905 +02:00 [DBG] True
2023-01-28 12:16:44.910 +02:00 [DBG] Sending tile
2023-01-28 12:16:44.918 +02:00 [DBG] True
2023-01-28 12:16:44.922 +02:00 [DBG] Sending tile
2023-01-28 12:16:44.927 +02:00 [DBG] True
2023-01-28 12:16:44.934 +02:00 [DBG] Sending tile
2023-01-28 12:16:44.938 +02:00 [DBG] True
2023-01-28 12:16:44.942 +02:00 [DBG] Sending tile
2023-01-28 12:16:44.968 +02:00 [DBG] True
2023-01-28 12:16:44.972 +02:00 [DBG] Sending tile
2023-01-28 12:16:44.976 +02:00 [DBG] True
2023-01-28 12:16:44.980 +02:00 [DBG] Sending tile
2023-01-28 12:16:44.984 +02:00 [DBG] True
2023-01-28 12:16:44.989 +02:00 [DBG] Sending tile
2023-01-28 12:16:44.993 +02:00 [DBG] True
2023-01-28 12:16:45.000 +02:00 [DBG] Sending tile
2023-01-28 12:16:45.005 +02:00 [DBG] True
2023-01-28 12:16:45.008 +02:00 [DBG] Sending tile
2023-01-28 12:16:45.012 +02:00 [DBG] True
2023-01-28 12:16:45.018 +02:00 [DBG] Sending tile
2023-01-28 12:16:45.023 +02:00 [DBG] True
2023-01-28 12:16:45.028 +02:00 [DBG] Sending tile
2023-01-28 12:16:45.037 +02:00 [DBG] True
2023-01-28 12:16:45.041 +02:00 [DBG] Sending tile
2023-01-28 12:16:45.046 +02:00 [DBG] True
2023-01-28 12:16:45.052 +02:00 [DBG] Sending tile
2023-01-28 12:16:45.056 +02:00 [DBG] True
2023-01-28 12:16:45.060 +02:00 [DBG] Sending tile
2023-01-28 12:16:45.095 +02:00 [DBG] True
2023-01-28 12:16:45.099 +02:00 [DBG] Sending tile
2023-01-28 12:16:45.103 +02:00 [DBG] True
2023-01-28 12:16:45.106 +02:00 [DBG] Sending tile
2023-01-28 12:16:45.110 +02:00 [DBG] True
2023-01-28 12:16:45.113 +02:00 [DBG] Sending tile
2023-01-28 12:16:45.119 +02:00 [DBG] True
2023-01-28 12:16:45.123 +02:00 [DBG] Sending tile
2023-01-28 12:16:45.132 +02:00 [DBG] True
2023-01-28 12:16:45.136 +02:00 [DBG] Sending tile
2023-01-28 12:16:45.142 +02:00 [DBG] True
2023-01-28 12:16:45.145 +02:00 [DBG] Sending tile
2023-01-28 12:16:45.151 +02:00 [DBG] True
2023-01-28 12:16:45.154 +02:00 [DBG] Sending tile
2023-01-28 12:16:45.172 +02:00 [DBG] True
2023-01-28 12:16:45.175 +02:00 [DBG] Sending tile
2023-01-28 12:16:45.178 +02:00 [DBG] True
2023-01-28 12:16:45.183 +02:00 [DBG] Sending tile
2023-01-28 12:16:45.186 +02:00 [DBG] True
2023-01-28 12:16:45.190 +02:00 [DBG] Sending tile
2023-01-28 12:16:45.195 +02:00 [DBG] True
2023-01-28 12:16:45.199 +02:00 [DBG] Sending tile
2023-01-28 12:16:45.203 +02:00 [DBG] True
2023-01-28 12:16:45.207 +02:00 [DBG] Sending tile
2023-01-28 12:16:51.143 +02:00 [DBG] PlayerConnect
2023-01-28 12:16:51.146 +02:00 [INF] Packet PlayerConnect received
2023-01-28 12:16:51.152 +02:00 [DBG] Resending PlayerConnect
2023-01-28 12:16:51.155 +02:00 [DBG] Resending PlayerConnect
2023-01-28 12:16:51.164 +02:00 [DBG] PlayerConnect
2023-01-28 12:16:51.171 +02:00 [INF] Packet PlayerConnect received
2023-01-28 12:16:51.174 +02:00 [DBG] Resending PlayerConnect
2023-01-28 12:16:51.178 +02:00 [DBG] Resending PlayerConnect
2023-01-28 12:16:51.182 +02:00 [INF] Packet PlayerConnect received
2023-01-28 12:16:51.188 +02:00 [INF] Packet PlayerConnect received
2023-01-28 12:16:53.454 +02:00 [DBG] True
2023-01-28 12:16:53.460 +02:00 [DBG] Sending tile
2023-01-28 12:16:53.464 +02:00 [DBG] True
2023-01-28 12:16:53.471 +02:00 [DBG] Sending tile
2023-01-28 12:16:53.475 +02:00 [DBG] True
2023-01-28 12:16:53.479 +02:00 [DBG] Sending tile
2023-01-28 12:16:53.485 +02:00 [DBG] True
2023-01-28 12:16:53.488 +02:00 [DBG] Sending tile
2023-01-28 12:16:53.494 +02:00 [DBG] True
2023-01-28 12:16:53.498 +02:00 [DBG] Sending tile
2023-01-28 12:16:53.504 +02:00 [DBG] True
2023-01-28 12:16:53.508 +02:00 [DBG] Sending tile
2023-01-28 12:16:53.515 +02:00 [DBG] True
2023-01-28 12:16:53.521 +02:00 [DBG] Sending tile
2023-01-28 12:16:53.536 +02:00 [DBG] True
2023-01-28 12:16:53.544 +02:00 [DBG] Sending tile
2023-01-28 12:16:53.555 +02:00 [DBG] True
2023-01-28 12:16:53.559 +02:00 [DBG] Sending tile
2023-01-28 12:16:53.566 +02:00 [DBG] True
2023-01-28 12:16:53.573 +02:00 [DBG] Sending tile
2023-01-28 12:16:53.589 +02:00 [DBG] True
2023-01-28 12:16:53.595 +02:00 [DBG] Sending tile
2023-01-28 12:16:53.606 +02:00 [DBG] True
2023-01-28 12:16:53.609 +02:00 [DBG] Sending tile
2023-01-28 12:16:53.618 +02:00 [DBG] True
2023-01-28 12:16:53.626 +02:00 [DBG] Sending tile
2023-01-28 12:16:53.640 +02:00 [DBG] True
2023-01-28 12:16:53.644 +02:00 [DBG] Sending tile
2023-01-28 12:16:53.657 +02:00 [DBG] True
2023-01-28 12:16:53.661 +02:00 [DBG] Sending tile
2023-01-28 12:16:53.669 +02:00 [DBG] True
2023-01-28 12:16:53.678 +02:00 [DBG] Sending tile
2023-01-28 12:16:53.687 +02:00 [DBG] True
2023-01-28 12:16:53.692 +02:00 [DBG] Sending tile
2023-01-28 12:16:53.700 +02:00 [DBG] True
2023-01-28 12:16:53.706 +02:00 [DBG] Sending tile
2023-01-28 12:16:53.722 +02:00 [DBG] True
2023-01-28 12:16:53.738 +02:00 [DBG] Sending tile
2023-01-28 12:16:53.780 +02:00 [DBG] True
2023-01-28 12:16:53.788 +02:00 [DBG] Sending tile
2023-01-28 12:16:53.795 +02:00 [DBG] True
2023-01-28 12:16:53.804 +02:00 [DBG] Sending tile
2023-01-28 12:16:53.811 +02:00 [DBG] True
2023-01-28 12:16:53.814 +02:00 [DBG] Sending tile
2023-01-28 12:16:53.821 +02:00 [DBG] True
2023-01-28 12:16:53.825 +02:00 [DBG] Sending tile
2023-01-28 12:16:53.831 +02:00 [DBG] True
2023-01-28 12:16:53.836 +02:00 [DBG] Sending tile
2023-01-28 12:16:53.843 +02:00 [DBG] True
2023-01-28 12:16:53.847 +02:00 [DBG] Sending tile
2023-01-28 12:16:53.855 +02:00 [DBG] True
2023-01-28 12:16:53.858 +02:00 [DBG] Sending tile
2023-01-28 12:16:53.865 +02:00 [DBG] True
2023-01-28 12:16:53.871 +02:00 [DBG] Sending tile
2023-01-28 12:16:53.879 +02:00 [DBG] True
2023-01-28 12:16:53.884 +02:00 [DBG] Sending tile
2023-01-28 12:16:53.890 +02:00 [DBG] True
2023-01-28 12:16:53.894 +02:00 [DBG] Sending tile
2023-01-28 12:16:53.903 +02:00 [DBG] True
2023-01-28 12:16:53.907 +02:00 [DBG] Sending tile
2023-01-28 12:16:53.912 +02:00 [DBG] True
2023-01-28 12:16:53.915 +02:00 [DBG] Sending tile
2023-01-28 12:16:53.924 +02:00 [DBG] True
2023-01-28 12:16:53.929 +02:00 [DBG] Sending tile
2023-01-28 12:16:53.940 +02:00 [DBG] True
2023-01-28 12:16:53.944 +02:00 [DBG] Sending tile
2023-01-28 12:16:53.955 +02:00 [DBG] True
2023-01-28 12:16:53.959 +02:00 [DBG] Sending tile
2023-01-28 12:16:59.474 +02:00 [DBG] True
2023-01-28 12:16:59.479 +02:00 [DBG] Sending tile
2023-01-28 12:16:59.492 +02:00 [DBG] True
2023-01-28 12:16:59.495 +02:00 [DBG] Sending tile
2023-01-28 12:16:59.507 +02:00 [DBG] True
2023-01-28 12:16:59.511 +02:00 [DBG] Sending tile
2023-01-28 12:16:59.523 +02:00 [DBG] True
2023-01-28 12:16:59.526 +02:00 [DBG] Sending tile
2023-01-28 12:16:59.539 +02:00 [DBG] True
2023-01-28 12:16:59.543 +02:00 [DBG] Sending tile
2023-01-28 12:16:59.557 +02:00 [DBG] True
2023-01-28 12:16:59.562 +02:00 [DBG] Sending tile
2023-01-28 12:16:59.573 +02:00 [DBG] True
2023-01-28 12:16:59.580 +02:00 [DBG] Sending tile
2023-01-28 12:16:59.591 +02:00 [DBG] True
2023-01-28 12:16:59.595 +02:00 [DBG] Sending tile
2023-01-28 12:16:59.606 +02:00 [DBG] True
2023-01-28 12:16:59.610 +02:00 [DBG] Sending tile
2023-01-28 12:16:59.626 +02:00 [DBG] True
2023-01-28 12:16:59.630 +02:00 [DBG] Sending tile
2023-01-28 12:16:59.644 +02:00 [DBG] True
2023-01-28 12:16:59.647 +02:00 [DBG] Sending tile
2023-01-28 12:16:59.664 +02:00 [DBG] True
2023-01-28 12:16:59.683 +02:00 [DBG] Sending tile
2023-01-28 12:16:59.694 +02:00 [DBG] True
2023-01-28 12:16:59.699 +02:00 [DBG] Sending tile
2023-01-28 12:16:59.711 +02:00 [DBG] True
2023-01-28 12:16:59.715 +02:00 [DBG] Sending tile
2023-01-28 12:16:59.734 +02:00 [DBG] True
2023-01-28 12:16:59.743 +02:00 [DBG] Sending tile
2023-01-28 12:16:59.756 +02:00 [DBG] True
2023-01-28 12:16:59.766 +02:00 [DBG] Sending tile
2023-01-28 12:16:59.779 +02:00 [DBG] True
2023-01-28 12:16:59.790 +02:00 [DBG] Sending tile
2023-01-28 12:16:59.803 +02:00 [DBG] True
2023-01-28 12:16:59.809 +02:00 [DBG] Sending tile
2023-01-28 12:16:59.813 +02:00 [DBG] True
2023-01-28 12:16:59.817 +02:00 [DBG] Sending tile
2023-01-28 12:16:59.827 +02:00 [DBG] True
2023-01-28 12:16:59.833 +02:00 [DBG] Sending tile
2023-01-28 12:16:59.841 +02:00 [DBG] True
2023-01-28 12:16:59.845 +02:00 [DBG] Sending tile
2023-01-28 12:16:59.850 +02:00 [DBG] True
2023-01-28 12:16:59.855 +02:00 [DBG] Sending tile
2023-01-28 12:16:59.862 +02:00 [DBG] True
2023-01-28 12:16:59.867 +02:00 [DBG] Sending tile
2023-01-28 12:16:59.875 +02:00 [DBG] True
2023-01-28 12:16:59.880 +02:00 [DBG] Sending tile
2023-01-28 12:16:59.891 +02:00 [DBG] True
2023-01-28 12:16:59.896 +02:00 [DBG] Sending tile
2023-01-28 12:16:59.900 +02:00 [DBG] True
2023-01-28 12:16:59.906 +02:00 [DBG] Sending tile
2023-01-28 12:16:59.913 +02:00 [DBG] True
2023-01-28 12:16:59.921 +02:00 [DBG] Sending tile
2023-01-28 12:16:59.932 +02:00 [DBG] True
2023-01-28 12:16:59.937 +02:00 [DBG] Sending tile
2023-01-28 12:16:59.945 +02:00 [DBG] True
2023-01-28 12:16:59.956 +02:00 [DBG] Sending tile
2023-01-28 12:16:59.968 +02:00 [DBG] True
2023-01-28 12:16:59.976 +02:00 [DBG] Sending tile
2023-01-28 12:16:59.994 +02:00 [DBG] True
2023-01-28 12:16:59.999 +02:00 [DBG] Sending tile
2023-01-28 12:17:00.008 +02:00 [DBG] True
2023-01-28 12:17:00.023 +02:00 [DBG] Sending tile
2023-01-28 12:17:00.032 +02:00 [DBG] True
2023-01-28 12:17:00.040 +02:00 [DBG] Sending tile
2023-01-28 12:17:00.046 +02:00 [DBG] True
2023-01-28 12:17:00.050 +02:00 [DBG] Sending tile
2023-01-28 12:17:00.058 +02:00 [DBG] True
2023-01-28 12:17:00.063 +02:00 [DBG] Sending tile
2023-01-28 12:17:00.068 +02:00 [DBG] True
2023-01-28 12:17:00.073 +02:00 [DBG] Sending tile
2023-01-28 12:17:00.079 +02:00 [DBG] True
2023-01-28 12:17:00.085 +02:00 [DBG] Sending tile
2023-01-28 12:17:00.095 +02:00 [DBG] True
2023-01-28 12:17:00.099 +02:00 [DBG] Sending tile
2023-01-28 12:17:00.108 +02:00 [DBG] True
2023-01-28 12:17:00.111 +02:00 [DBG] Sending tile
2023-01-28 12:17:00.123 +02:00 [DBG] True
2023-01-28 12:17:00.128 +02:00 [DBG] Sending tile
2023-01-28 12:17:00.141 +02:00 [DBG] True
2023-01-28 12:17:00.147 +02:00 [DBG] Sending tile
2023-01-28 12:17:00.157 +02:00 [DBG] True
2023-01-28 12:17:00.162 +02:00 [DBG] Sending tile
2023-01-28 12:17:00.174 +02:00 [DBG] True
2023-01-28 12:17:00.178 +02:00 [DBG] Sending tile
2023-01-28 12:17:00.189 +02:00 [DBG] True
2023-01-28 12:17:00.194 +02:00 [DBG] Sending tile
2023-01-28 12:17:00.206 +02:00 [DBG] True
2023-01-28 12:17:00.212 +02:00 [DBG] Sending tile
2023-01-28 12:17:00.224 +02:00 [DBG] True
2023-01-28 12:17:00.229 +02:00 [DBG] Sending tile
2023-01-28 12:17:00.242 +02:00 [DBG] True
2023-01-28 12:17:00.246 +02:00 [DBG] Sending tile
2023-01-28 12:17:00.259 +02:00 [DBG] True
2023-01-28 12:17:00.263 +02:00 [DBG] Sending tile
2023-01-28 12:17:00.275 +02:00 [DBG] True
2023-01-28 12:17:00.279 +02:00 [DBG] Sending tile
2023-01-28 12:17:00.293 +02:00 [DBG] True
2023-01-28 12:17:00.297 +02:00 [DBG] Sending tile
2023-01-28 12:17:00.307 +02:00 [DBG] True
2023-01-28 12:17:00.311 +02:00 [DBG] Sending tile
2023-01-28 12:17:00.326 +02:00 [DBG] True
2023-01-28 12:17:00.331 +02:00 [DBG] Sending tile
2023-01-28 12:17:00.343 +02:00 [DBG] True
2023-01-28 12:17:00.347 +02:00 [DBG] Sending tile
2023-01-28 12:17:00.357 +02:00 [DBG] True
2023-01-28 12:17:00.361 +02:00 [DBG] Sending tile
2023-01-28 12:17:00.372 +02:00 [DBG] True
2023-01-28 12:17:00.376 +02:00 [DBG] Sending tile
2023-01-28 12:17:00.390 +02:00 [DBG] True
2023-01-28 12:17:00.395 +02:00 [DBG] Sending tile
2023-01-28 12:17:00.406 +02:00 [DBG] True
2023-01-28 12:17:00.414 +02:00 [DBG] Sending tile
2023-01-28 12:17:00.427 +02:00 [DBG] True
2023-01-28 12:17:00.429 +02:00 [DBG] Sending tile
2023-01-28 12:17:00.440 +02:00 [DBG] True
2023-01-28 12:17:00.445 +02:00 [DBG] Sending tile
2023-01-28 12:17:00.457 +02:00 [DBG] True
2023-01-28 12:17:00.460 +02:00 [DBG] Sending tile
2023-01-28 12:17:00.474 +02:00 [DBG] True
2023-01-28 12:17:00.478 +02:00 [DBG] Sending tile
2023-01-28 12:17:00.491 +02:00 [DBG] True
2023-01-28 12:17:00.494 +02:00 [DBG] Sending tile
2023-01-28 12:17:00.508 +02:00 [DBG] True
2023-01-28 12:17:00.512 +02:00 [DBG] Sending tile
2023-01-28 12:17:00.524 +02:00 [DBG] True
2023-01-28 12:17:00.528 +02:00 [DBG] Sending tile
2023-01-28 12:17:00.540 +02:00 [DBG] True
2023-01-28 12:17:00.544 +02:00 [DBG] Sending tile
2023-01-28 12:17:00.556 +02:00 [DBG] True
2023-01-28 12:17:00.560 +02:00 [DBG] Sending tile
2023-01-28 12:17:00.573 +02:00 [DBG] True
2023-01-28 12:17:00.579 +02:00 [DBG] Sending tile
2023-01-28 12:17:00.591 +02:00 [DBG] True
2023-01-28 12:17:00.595 +02:00 [DBG] Sending tile
2023-01-28 12:17:00.610 +02:00 [DBG] True
2023-01-28 12:17:00.630 +02:00 [DBG] Sending tile
2023-01-28 12:17:00.635 +02:00 [DBG] True
2023-01-28 12:17:00.641 +02:00 [DBG] Sending tile
2023-01-28 12:17:00.645 +02:00 [DBG] True
2023-01-28 12:17:00.648 +02:00 [DBG] Sending tile
2023-01-28 12:17:00.658 +02:00 [DBG] True
2023-01-28 12:17:00.661 +02:00 [DBG] Sending tile
2023-01-28 12:17:00.681 +02:00 [DBG] True
2023-01-28 12:17:00.691 +02:00 [DBG] Sending tile
2023-01-28 12:17:00.698 +02:00 [DBG] True
2023-01-28 12:17:00.702 +02:00 [DBG] Sending tile
2023-01-28 12:17:00.710 +02:00 [DBG] True
2023-01-28 12:17:00.718 +02:00 [DBG] Sending tile
2023-01-28 12:17:00.734 +02:00 [DBG] True
2023-01-28 12:17:00.744 +02:00 [DBG] Sending tile
2023-01-28 12:17:00.757 +02:00 [DBG] True
2023-01-28 12:17:00.762 +02:00 [DBG] Sending tile
2023-01-28 12:17:00.773 +02:00 [DBG] True
2023-01-28 12:17:00.777 +02:00 [DBG] Sending tile
2023-01-28 12:17:00.788 +02:00 [DBG] True
2023-01-28 12:17:00.792 +02:00 [DBG] Sending tile
2023-01-28 12:17:00.797 +02:00 [DBG] True
2023-01-28 12:17:00.800 +02:00 [DBG] Sending tile
2023-01-28 12:17:00.811 +02:00 [DBG] True
2023-01-28 12:17:00.815 +02:00 [DBG] Sending tile
2023-01-28 12:17:00.826 +02:00 [DBG] True
2023-01-28 12:17:00.830 +02:00 [DBG] Sending tile
2023-01-28 12:17:00.840 +02:00 [DBG] True
2023-01-28 12:17:00.845 +02:00 [DBG] Sending tile
2023-01-28 12:17:00.858 +02:00 [DBG] True
2023-01-28 12:17:00.863 +02:00 [DBG] Sending tile
2023-01-28 12:17:00.875 +02:00 [DBG] True
2023-01-28 12:17:00.879 +02:00 [DBG] Sending tile
2023-01-28 12:17:00.891 +02:00 [DBG] True
2023-01-28 12:17:00.895 +02:00 [DBG] Sending tile
2023-01-28 12:17:00.907 +02:00 [DBG] True
2023-01-28 12:17:00.910 +02:00 [DBG] Sending tile
2023-01-28 12:17:00.924 +02:00 [DBG] True
2023-01-28 12:17:00.929 +02:00 [DBG] Sending tile
2023-01-28 12:17:00.940 +02:00 [DBG] True
2023-01-28 12:17:00.945 +02:00 [DBG] Sending tile
2023-01-28 12:17:00.957 +02:00 [DBG] True
2023-01-28 12:17:00.962 +02:00 [DBG] Sending tile
2023-01-28 12:17:00.974 +02:00 [DBG] True
2023-01-28 12:17:00.978 +02:00 [DBG] Sending tile
2023-01-28 12:17:00.991 +02:00 [DBG] True
2023-01-28 12:17:00.995 +02:00 [DBG] Sending tile
2023-01-28 12:17:01.010 +02:00 [DBG] True
2023-01-28 12:17:01.013 +02:00 [DBG] Sending tile
2023-01-28 12:17:01.023 +02:00 [DBG] True
2023-01-28 12:17:01.029 +02:00 [DBG] Sending tile
2023-01-28 12:17:01.041 +02:00 [DBG] True
2023-01-28 12:17:01.045 +02:00 [DBG] Sending tile
2023-01-28 12:17:01.056 +02:00 [DBG] True
2023-01-28 12:17:01.062 +02:00 [DBG] Sending tile
2023-01-28 12:17:01.075 +02:00 [DBG] True
2023-01-28 12:17:01.081 +02:00 [DBG] Sending tile
2023-01-28 12:17:01.091 +02:00 [DBG] True
2023-01-28 12:17:01.097 +02:00 [DBG] Sending tile
2023-01-28 12:17:01.107 +02:00 [DBG] True
2023-01-28 12:17:01.152 +02:00 [DBG] Sending tile
2023-01-28 12:17:01.194 +02:00 [DBG] True
2023-01-28 12:17:01.210 +02:00 [DBG] Sending tile
2023-01-28 12:17:01.248 +02:00 [DBG] True
2023-01-28 12:17:01.285 +02:00 [DBG] Sending tile
2023-01-28 12:17:01.296 +02:00 [DBG] True
2023-01-28 12:17:01.300 +02:00 [DBG] Sending tile
2023-01-28 12:17:01.306 +02:00 [DBG] True
2023-01-28 12:17:01.310 +02:00 [DBG] Sending tile
2023-01-28 12:17:01.317 +02:00 [DBG] True
2023-01-28 12:17:01.354 +02:00 [DBG] Sending tile
2023-01-28 12:17:01.360 +02:00 [DBG] True
2023-01-28 12:17:01.365 +02:00 [DBG] Sending tile
2023-01-28 12:17:01.374 +02:00 [DBG] True
2023-01-28 12:17:01.378 +02:00 [DBG] Sending tile
2023-01-28 12:17:01.382 +02:00 [DBG] True
2023-01-28 12:17:01.386 +02:00 [DBG] Sending tile
2023-01-28 12:17:01.393 +02:00 [DBG] True
2023-01-28 12:17:01.399 +02:00 [DBG] Sending tile
2023-01-28 12:17:01.406 +02:00 [DBG] True
2023-01-28 12:17:01.409 +02:00 [DBG] Sending tile
2023-01-28 12:17:01.416 +02:00 [DBG] True
2023-01-28 12:17:01.422 +02:00 [DBG] Sending tile
2023-01-28 12:17:01.427 +02:00 [DBG] True
2023-01-28 12:17:01.431 +02:00 [DBG] Sending tile
2023-01-28 12:17:01.441 +02:00 [DBG] True
2023-01-28 12:17:01.445 +02:00 [DBG] Sending tile
2023-01-28 12:17:01.451 +02:00 [DBG] True
2023-01-28 12:17:01.457 +02:00 [DBG] Sending tile
2023-01-28 12:17:01.464 +02:00 [DBG] True
2023-01-28 12:17:01.468 +02:00 [DBG] Sending tile
2023-01-28 12:17:01.476 +02:00 [DBG] True
2023-01-28 12:17:01.480 +02:00 [DBG] Sending tile
2023-01-28 12:17:01.485 +02:00 [DBG] True
2023-01-28 12:17:01.491 +02:00 [DBG] Sending tile
2023-01-28 12:17:01.498 +02:00 [DBG] True
2023-01-28 12:17:01.503 +02:00 [DBG] Sending tile
2023-01-28 12:17:01.510 +02:00 [DBG] True
2023-01-28 12:17:01.513 +02:00 [DBG] Sending tile
2023-01-28 12:17:01.518 +02:00 [DBG] True
2023-01-28 12:17:01.523 +02:00 [DBG] Sending tile
2023-01-28 12:17:01.530 +02:00 [DBG] True
2023-01-28 12:17:01.535 +02:00 [DBG] Sending tile
2023-01-28 12:17:01.544 +02:00 [DBG] True
2023-01-28 12:17:01.548 +02:00 [DBG] Sending tile
2023-01-28 12:17:01.579 +02:00 [DBG] True
2023-01-28 12:17:01.584 +02:00 [DBG] Sending tile
2023-01-28 12:17:01.591 +02:00 [DBG] True
2023-01-28 12:17:01.595 +02:00 [DBG] Sending tile
2023-01-28 12:17:01.599 +02:00 [DBG] True
2023-01-28 12:17:01.603 +02:00 [DBG] Sending tile
2023-01-28 12:17:01.612 +02:00 [DBG] True
2023-01-28 12:17:01.617 +02:00 [DBG] Sending tile
2023-01-28 12:17:01.624 +02:00 [DBG] True
2023-01-28 12:17:01.628 +02:00 [DBG] Sending tile
2023-01-28 12:17:01.633 +02:00 [DBG] True
2023-01-28 12:17:01.638 +02:00 [DBG] Sending tile
2023-01-28 12:17:01.643 +02:00 [DBG] True
2023-01-28 12:17:01.648 +02:00 [DBG] Sending tile
2023-01-28 12:17:01.655 +02:00 [DBG] True
2023-01-28 12:17:01.660 +02:00 [DBG] Sending tile
2023-01-28 12:17:01.670 +02:00 [DBG] True
2023-01-28 12:17:01.678 +02:00 [DBG] Sending tile
2023-01-28 12:17:01.687 +02:00 [DBG] True
2023-01-28 12:17:01.693 +02:00 [DBG] Sending tile
2023-01-28 12:17:01.698 +02:00 [DBG] True
2023-01-28 12:17:01.705 +02:00 [DBG] Sending tile
2023-01-28 12:17:01.712 +02:00 [DBG] True
2023-01-28 12:17:01.718 +02:00 [DBG] Sending tile
2023-01-28 12:17:01.732 +02:00 [DBG] True
2023-01-28 12:17:01.739 +02:00 [DBG] Sending tile
2023-01-28 12:17:01.747 +02:00 [DBG] True
2023-01-28 12:17:01.763 +02:00 [DBG] Sending tile
2023-01-28 12:17:01.772 +02:00 [DBG] True
2023-01-28 12:17:01.778 +02:00 [DBG] Sending tile
2023-01-28 12:17:01.789 +02:00 [DBG] True
2023-01-28 12:17:01.794 +02:00 [DBG] Sending tile
2023-01-28 12:17:01.799 +02:00 [DBG] True
2023-01-28 12:17:01.806 +02:00 [DBG] Sending tile
2023-01-28 12:17:01.812 +02:00 [DBG] True
2023-01-28 12:17:01.817 +02:00 [DBG] Sending tile
2023-01-28 12:17:01.825 +02:00 [DBG] True
2023-01-28 12:17:01.829 +02:00 [DBG] Sending tile
2023-01-28 12:17:01.837 +02:00 [DBG] True
2023-01-28 12:17:01.843 +02:00 [DBG] Sending tile
2023-01-28 12:17:01.847 +02:00 [DBG] True
2023-01-28 12:17:01.850 +02:00 [DBG] Sending tile
2023-01-28 12:17:01.857 +02:00 [DBG] True
2023-01-28 12:17:01.860 +02:00 [DBG] Sending tile
2023-01-28 12:17:01.866 +02:00 [DBG] True
2023-01-28 12:17:01.874 +02:00 [DBG] Sending tile
2023-01-28 12:17:01.881 +02:00 [DBG] True
2023-01-28 12:17:01.885 +02:00 [DBG] Sending tile
2023-01-28 12:17:01.893 +02:00 [DBG] True
2023-01-28 12:17:01.897 +02:00 [DBG] Sending tile
2023-01-28 12:17:01.910 +02:00 [DBG] True
2023-01-28 12:17:01.913 +02:00 [DBG] Sending tile
2023-01-28 12:17:01.924 +02:00 [DBG] True
2023-01-28 12:17:01.928 +02:00 [DBG] Sending tile
2023-01-28 12:17:01.941 +02:00 [DBG] True
2023-01-28 12:17:01.946 +02:00 [DBG] Sending tile
2023-01-28 12:17:01.957 +02:00 [DBG] True
2023-01-28 12:17:01.961 +02:00 [DBG] Sending tile
2023-01-28 12:17:01.976 +02:00 [DBG] True
2023-01-28 12:17:01.979 +02:00 [DBG] Sending tile
2023-01-28 12:17:01.991 +02:00 [DBG] True
2023-01-28 12:17:01.996 +02:00 [DBG] Sending tile
2023-01-28 12:17:02.008 +02:00 [DBG] True
2023-01-28 12:17:02.012 +02:00 [DBG] Sending tile
2023-01-28 12:17:02.024 +02:00 [DBG] True
2023-01-28 12:17:02.031 +02:00 [DBG] Sending tile
2023-01-28 12:17:02.042 +02:00 [DBG] True
2023-01-28 12:17:02.046 +02:00 [DBG] Sending tile
2023-01-28 12:17:02.060 +02:00 [DBG] True
2023-01-28 12:17:02.063 +02:00 [DBG] Sending tile
2023-01-28 12:17:02.074 +02:00 [DBG] True
2023-01-28 12:17:02.078 +02:00 [DBG] Sending tile
2023-01-28 12:17:02.090 +02:00 [DBG] True
2023-01-28 12:17:02.093 +02:00 [DBG] Sending tile
2023-01-28 12:17:02.108 +02:00 [DBG] True
2023-01-28 12:17:02.112 +02:00 [DBG] Sending tile
2023-01-28 12:17:02.125 +02:00 [DBG] True
2023-01-28 12:17:02.129 +02:00 [DBG] Sending tile
2023-01-28 12:17:02.142 +02:00 [DBG] True
2023-01-28 12:17:02.146 +02:00 [DBG] Sending tile
2023-01-28 12:17:02.159 +02:00 [DBG] True
2023-01-28 12:17:02.162 +02:00 [DBG] Sending tile
2023-01-28 12:17:02.174 +02:00 [DBG] True
2023-01-28 12:17:02.178 +02:00 [DBG] Sending tile
2023-01-28 12:17:02.190 +02:00 [DBG] True
2023-01-28 12:17:02.194 +02:00 [DBG] Sending tile
2023-01-28 12:17:02.206 +02:00 [DBG] True
2023-01-28 12:17:02.211 +02:00 [DBG] Sending tile
2023-01-28 12:17:02.225 +02:00 [DBG] True
2023-01-28 12:17:02.229 +02:00 [DBG] Sending tile
2023-01-28 12:17:02.241 +02:00 [DBG] True
2023-01-28 12:17:02.247 +02:00 [DBG] Sending tile
2023-01-28 12:17:02.260 +02:00 [DBG] True
2023-01-28 12:17:02.263 +02:00 [DBG] Sending tile
2023-01-28 12:17:02.275 +02:00 [DBG] True
2023-01-28 12:17:02.279 +02:00 [DBG] Sending tile
2023-01-28 12:17:02.290 +02:00 [DBG] True
2023-01-28 12:17:02.294 +02:00 [DBG] Sending tile
2023-01-28 12:17:02.307 +02:00 [DBG] True
2023-01-28 12:17:02.313 +02:00 [DBG] Sending tile
2023-01-28 12:17:02.324 +02:00 [DBG] True
2023-01-28 12:17:02.328 +02:00 [DBG] Sending tile
2023-01-28 12:17:02.341 +02:00 [DBG] True
2023-01-28 12:17:02.347 +02:00 [DBG] Sending tile
2023-01-28 12:17:02.360 +02:00 [DBG] True
2023-01-28 12:17:02.362 +02:00 [DBG] Sending tile
2023-01-28 12:17:02.374 +02:00 [DBG] True
2023-01-28 12:17:02.378 +02:00 [DBG] Sending tile
2023-01-28 12:17:02.389 +02:00 [DBG] True
2023-01-28 12:17:02.392 +02:00 [DBG] Sending tile
2023-01-28 12:17:02.408 +02:00 [DBG] True
2023-01-28 12:17:02.412 +02:00 [DBG] Sending tile
2023-01-28 12:17:02.423 +02:00 [DBG] True
2023-01-28 12:17:02.429 +02:00 [DBG] Sending tile
2023-01-28 12:17:02.442 +02:00 [DBG] True
2023-01-28 12:17:02.446 +02:00 [DBG] Sending tile
2023-01-28 12:17:02.459 +02:00 [DBG] True
2023-01-28 12:17:02.466 +02:00 [DBG] Sending tile
2023-01-28 12:17:02.478 +02:00 [DBG] True
2023-01-28 12:17:02.482 +02:00 [DBG] Sending tile
2023-01-28 12:17:02.491 +02:00 [DBG] True
2023-01-28 12:17:02.496 +02:00 [DBG] Sending tile
2023-01-28 12:17:02.508 +02:00 [DBG] True
2023-01-28 12:17:02.511 +02:00 [DBG] Sending tile
2023-01-28 12:17:02.524 +02:00 [DBG] True
2023-01-28 12:17:02.531 +02:00 [DBG] Sending tile
2023-01-28 12:17:02.542 +02:00 [DBG] True
2023-01-28 12:17:02.546 +02:00 [DBG] Sending tile
2023-01-28 12:17:02.560 +02:00 [DBG] True
2023-01-28 12:17:02.565 +02:00 [DBG] Sending tile
2023-01-28 12:17:02.579 +02:00 [DBG] True
2023-01-28 12:17:02.585 +02:00 [DBG] Sending tile
2023-01-28 12:17:02.596 +02:00 [DBG] True
2023-01-28 12:17:02.600 +02:00 [DBG] Sending tile
2023-01-28 12:17:02.608 +02:00 [DBG] True
2023-01-28 12:17:02.612 +02:00 [DBG] Sending tile
2023-01-28 12:17:02.624 +02:00 [DBG] True
2023-01-28 12:17:02.628 +02:00 [DBG] Sending tile
2023-01-28 12:17:02.640 +02:00 [DBG] True
2023-01-28 12:17:02.646 +02:00 [DBG] Sending tile
2023-01-28 12:17:02.658 +02:00 [DBG] True
2023-01-28 12:17:02.662 +02:00 [DBG] Sending tile
2023-01-28 12:17:02.678 +02:00 [DBG] True
2023-01-28 12:17:02.688 +02:00 [DBG] Sending tile
2023-01-28 12:17:02.697 +02:00 [DBG] True
2023-01-28 12:17:02.700 +02:00 [DBG] Sending tile
2023-01-28 12:17:02.710 +02:00 [DBG] True
2023-01-28 12:17:02.715 +02:00 [DBG] Sending tile
2023-01-28 12:17:02.731 +02:00 [DBG] True
2023-01-28 12:17:02.736 +02:00 [DBG] Sending tile
2023-01-28 12:17:02.751 +02:00 [DBG] True
2023-01-28 12:17:02.761 +02:00 [DBG] Sending tile
2023-01-28 12:17:02.778 +02:00 [DBG] True
2023-01-28 12:17:02.784 +02:00 [DBG] Sending tile
2023-01-28 12:17:02.793 +02:00 [DBG] True
2023-01-28 12:17:02.796 +02:00 [DBG] Sending tile
2023-01-28 12:17:02.802 +02:00 [DBG] True
2023-01-28 12:17:02.809 +02:00 [DBG] Sending tile
2023-01-28 12:17:02.814 +02:00 [DBG] True
2023-01-28 12:17:02.817 +02:00 [DBG] Sending tile
2023-01-28 12:17:02.827 +02:00 [DBG] True
2023-01-28 12:17:02.831 +02:00 [DBG] Sending tile
2023-01-28 12:17:02.842 +02:00 [DBG] True
2023-01-28 12:17:02.845 +02:00 [DBG] Sending tile
2023-01-28 12:17:02.859 +02:00 [DBG] True
2023-01-28 12:17:02.863 +02:00 [DBG] Sending tile
2023-01-28 12:17:02.875 +02:00 [DBG] True
2023-01-28 12:17:02.879 +02:00 [DBG] Sending tile
2023-01-28 12:17:02.892 +02:00 [DBG] True
2023-01-28 12:17:02.896 +02:00 [DBG] Sending tile
2023-01-28 12:17:02.907 +02:00 [DBG] True
2023-01-28 12:17:02.911 +02:00 [DBG] Sending tile
2023-01-28 12:17:02.970 +02:00 [DBG] True
2023-01-28 12:17:02.974 +02:00 [DBG] Sending tile
2023-01-28 12:17:02.980 +02:00 [DBG] True
2023-01-28 12:17:02.984 +02:00 [DBG] Sending tile
2023-01-28 12:17:02.990 +02:00 [DBG] True
2023-01-28 12:17:02.994 +02:00 [DBG] Sending tile
2023-01-28 12:17:02.999 +02:00 [DBG] True
2023-01-28 12:17:03.003 +02:00 [DBG] Sending tile
2023-01-28 12:17:03.014 +02:00 [DBG] True
2023-01-28 12:17:03.018 +02:00 [DBG] Sending tile
2023-01-28 12:17:03.025 +02:00 [DBG] True
2023-01-28 12:17:03.029 +02:00 [DBG] Sending tile
2023-01-28 12:17:03.042 +02:00 [DBG] True
2023-01-28 12:17:03.048 +02:00 [DBG] Sending tile
2023-01-28 12:17:03.053 +02:00 [DBG] True
2023-01-28 12:17:03.060 +02:00 [DBG] Sending tile
2023-01-28 12:17:03.067 +02:00 [DBG] True
2023-01-28 12:17:03.074 +02:00 [DBG] Sending tile
2023-01-28 12:17:03.080 +02:00 [DBG] True
2023-01-28 12:17:03.085 +02:00 [DBG] Sending tile
2023-01-28 12:17:03.093 +02:00 [DBG] True
2023-01-28 12:17:03.098 +02:00 [DBG] Sending tile
2023-01-28 12:17:03.108 +02:00 [DBG] True
2023-01-28 12:17:03.112 +02:00 [DBG] Sending tile
2023-01-28 12:17:03.123 +02:00 [DBG] True
2023-01-28 12:17:03.129 +02:00 [DBG] Sending tile
2023-01-28 12:17:03.142 +02:00 [DBG] True
2023-01-28 12:17:03.145 +02:00 [DBG] Sending tile
2023-01-28 12:17:03.159 +02:00 [DBG] True
2023-01-28 12:17:03.164 +02:00 [DBG] Sending tile
2023-01-28 12:17:03.177 +02:00 [DBG] True
2023-01-28 12:17:03.180 +02:00 [DBG] Sending tile
2023-01-28 12:17:03.192 +02:00 [DBG] True
2023-01-28 12:17:03.196 +02:00 [DBG] Sending tile
2023-01-28 12:17:03.210 +02:00 [DBG] True
2023-01-28 12:17:03.213 +02:00 [DBG] Sending tile
2023-01-28 12:17:03.226 +02:00 [DBG] True
2023-01-28 12:17:03.229 +02:00 [DBG] Sending tile
2023-01-28 12:17:03.244 +02:00 [DBG] True
2023-01-28 12:17:03.248 +02:00 [DBG] Sending tile
2023-01-28 12:17:03.260 +02:00 [DBG] True
2023-01-28 12:17:03.263 +02:00 [DBG] Sending tile
2023-01-28 12:17:03.274 +02:00 [DBG] True
2023-01-28 12:17:03.278 +02:00 [DBG] Sending tile
2023-01-28 12:17:03.291 +02:00 [DBG] True
2023-01-28 12:17:03.294 +02:00 [DBG] Sending tile
2023-01-28 12:17:03.308 +02:00 [DBG] True
2023-01-28 12:17:03.316 +02:00 [DBG] Sending tile
2023-01-28 12:17:03.327 +02:00 [DBG] True
2023-01-28 12:17:03.332 +02:00 [DBG] Sending tile
2023-01-28 12:17:03.342 +02:00 [DBG] True
2023-01-28 12:17:03.347 +02:00 [DBG] Sending tile
2023-01-28 12:17:03.359 +02:00 [DBG] True
2023-01-28 12:17:03.364 +02:00 [DBG] Sending tile
2023-01-28 12:17:03.377 +02:00 [DBG] True
2023-01-28 12:17:03.381 +02:00 [DBG] Sending tile
2023-01-28 12:17:03.392 +02:00 [DBG] True
2023-01-28 12:17:03.395 +02:00 [DBG] Sending tile
2023-01-28 12:17:03.407 +02:00 [DBG] True
2023-01-28 12:17:03.412 +02:00 [DBG] Sending tile
2023-01-28 12:17:03.427 +02:00 [DBG] True
2023-01-28 12:17:03.431 +02:00 [DBG] Sending tile
2023-01-28 12:17:03.442 +02:00 [DBG] True
2023-01-28 12:17:03.447 +02:00 [DBG] Sending tile
2023-01-28 12:17:03.461 +02:00 [DBG] True
2023-01-28 12:17:03.464 +02:00 [DBG] Sending tile
2023-01-28 12:17:03.477 +02:00 [DBG] True
2023-01-28 12:17:03.481 +02:00 [DBG] Sending tile
2023-01-28 12:17:03.491 +02:00 [DBG] True
2023-01-28 12:17:03.495 +02:00 [DBG] Sending tile
2023-01-28 12:17:03.507 +02:00 [DBG] True
2023-01-28 12:17:03.511 +02:00 [DBG] Sending tile
2023-01-28 12:17:03.524 +02:00 [DBG] True
2023-01-28 12:17:03.529 +02:00 [DBG] Sending tile
2023-01-28 12:17:03.542 +02:00 [DBG] True
2023-01-28 12:17:03.545 +02:00 [DBG] Sending tile
2023-01-28 12:17:03.560 +02:00 [DBG] True
2023-01-28 12:17:03.563 +02:00 [DBG] Sending tile
2023-01-28 12:17:03.575 +02:00 [DBG] True
2023-01-28 12:17:03.579 +02:00 [DBG] Sending tile
2023-01-28 12:17:03.590 +02:00 [DBG] True
2023-01-28 12:17:03.593 +02:00 [DBG] Sending tile
2023-01-28 12:17:03.608 +02:00 [DBG] True
2023-01-28 12:17:03.614 +02:00 [DBG] Sending tile
2023-01-28 12:17:03.625 +02:00 [DBG] True
2023-01-28 12:17:03.630 +02:00 [DBG] Sending tile
2023-01-28 12:17:03.642 +02:00 [DBG] True
2023-01-28 12:17:03.649 +02:00 [DBG] Sending tile
2023-01-28 12:17:03.659 +02:00 [DBG] True
2023-01-28 12:17:03.663 +02:00 [DBG] Sending tile
2023-01-28 12:17:03.682 +02:00 [DBG] True
2023-01-28 12:17:03.685 +02:00 [DBG] Sending tile
2023-01-28 12:17:03.693 +02:00 [DBG] True
2023-01-28 12:17:03.697 +02:00 [DBG] Sending tile
2023-01-28 12:17:03.708 +02:00 [DBG] True
2023-01-28 12:17:03.712 +02:00 [DBG] Sending tile
2023-01-28 12:17:03.726 +02:00 [DBG] True
2023-01-28 12:17:03.756 +02:00 [DBG] Sending tile
2023-01-28 12:17:03.765 +02:00 [DBG] True
2023-01-28 12:17:03.779 +02:00 [DBG] Sending tile
2023-01-28 12:17:03.788 +02:00 [DBG] True
2023-01-28 12:17:03.796 +02:00 [DBG] Sending tile
2023-01-28 12:17:03.802 +02:00 [DBG] True
2023-01-28 12:17:03.813 +02:00 [DBG] Sending tile
2023-01-28 12:17:03.818 +02:00 [DBG] True
2023-01-28 12:17:03.824 +02:00 [DBG] Sending tile
2023-01-28 12:17:03.876 +02:00 [DBG] True
2023-01-28 12:17:03.881 +02:00 [DBG] Sending tile
2023-01-28 12:17:03.893 +02:00 [DBG] True
2023-01-28 12:17:03.898 +02:00 [DBG] Sending tile
2023-01-28 12:17:03.908 +02:00 [DBG] True
2023-01-28 12:17:03.913 +02:00 [DBG] Sending tile
2023-01-28 12:17:03.918 +02:00 [DBG] True
2023-01-28 12:17:03.923 +02:00 [DBG] Sending tile
2023-01-28 12:17:03.928 +02:00 [DBG] True
2023-01-28 12:17:03.931 +02:00 [DBG] Sending tile
2023-01-28 12:17:03.937 +02:00 [DBG] True
2023-01-28 12:17:03.943 +02:00 [DBG] Sending tile
2023-01-28 12:17:03.950 +02:00 [DBG] True
2023-01-28 12:17:03.959 +02:00 [DBG] Sending tile
2023-01-28 12:17:03.964 +02:00 [DBG] True
2023-01-28 12:17:03.970 +02:00 [DBG] Sending tile
2023-01-28 12:17:03.978 +02:00 [DBG] True
2023-01-28 12:17:03.982 +02:00 [DBG] Sending tile
2023-01-28 12:17:03.998 +02:00 [DBG] True
2023-01-28 12:17:04.008 +02:00 [DBG] Sending tile
2023-01-28 12:17:04.013 +02:00 [DBG] True
2023-01-28 12:17:04.017 +02:00 [DBG] Sending tile
2023-01-28 12:17:04.024 +02:00 [DBG] True
2023-01-28 12:17:04.027 +02:00 [DBG] Sending tile
2023-01-28 12:17:04.036 +02:00 [DBG] True
2023-01-28 12:17:04.042 +02:00 [DBG] Sending tile
2023-01-28 12:17:04.046 +02:00 [DBG] True
2023-01-28 12:17:04.049 +02:00 [DBG] Sending tile
2023-01-28 12:17:04.054 +02:00 [DBG] True
2023-01-28 12:17:04.057 +02:00 [DBG] Sending tile
2023-01-28 12:17:04.066 +02:00 [DBG] True
2023-01-28 12:17:04.069 +02:00 [DBG] Sending tile
2023-01-28 12:17:04.078 +02:00 [DBG] True
2023-01-28 12:17:04.082 +02:00 [DBG] Sending tile
2023-01-28 12:17:04.090 +02:00 [DBG] True
2023-01-28 12:17:04.097 +02:00 [DBG] Sending tile
2023-01-28 12:17:04.111 +02:00 [DBG] True
2023-01-28 12:17:04.115 +02:00 [DBG] Sending tile
2023-01-28 12:17:04.128 +02:00 [DBG] True
2023-01-28 12:17:04.131 +02:00 [DBG] Sending tile
2023-01-28 12:17:04.142 +02:00 [DBG] True
2023-01-28 12:17:04.145 +02:00 [DBG] Sending tile
2023-01-28 12:17:04.158 +02:00 [DBG] True
2023-01-28 12:17:04.162 +02:00 [DBG] Sending tile
2023-01-28 12:17:04.175 +02:00 [DBG] True
2023-01-28 12:17:04.179 +02:00 [DBG] Sending tile
2023-01-28 12:17:04.194 +02:00 [DBG] True
2023-01-28 12:17:04.197 +02:00 [DBG] Sending tile
2023-01-28 12:17:04.208 +02:00 [DBG] True
2023-01-28 12:17:04.214 +02:00 [DBG] Sending tile
2023-01-28 12:17:04.228 +02:00 [DBG] True
2023-01-28 12:17:04.232 +02:00 [DBG] Sending tile
2023-01-28 12:17:04.243 +02:00 [DBG] True
2023-01-28 12:17:04.247 +02:00 [DBG] Sending tile
2023-01-28 12:17:04.258 +02:00 [DBG] True
2023-01-28 12:17:04.262 +02:00 [DBG] Sending tile
2023-01-28 12:17:04.274 +02:00 [DBG] True
2023-01-28 12:17:04.279 +02:00 [DBG] Sending tile
2023-01-28 12:17:04.294 +02:00 [DBG] True
2023-01-28 12:17:04.298 +02:00 [DBG] Sending tile
2023-01-28 12:17:04.309 +02:00 [DBG] True
2023-01-28 12:17:04.314 +02:00 [DBG] Sending tile
2023-01-28 12:17:04.327 +02:00 [DBG] True
2023-01-28 12:17:04.330 +02:00 [DBG] Sending tile
2023-01-28 12:17:04.346 +02:00 [DBG] True
2023-01-28 12:17:04.348 +02:00 [DBG] Sending tile
2023-01-28 12:17:04.358 +02:00 [DBG] True
2023-01-28 12:17:04.363 +02:00 [DBG] Sending tile
2023-01-28 12:17:04.374 +02:00 [DBG] True
2023-01-28 12:17:04.378 +02:00 [DBG] Sending tile
2023-01-28 12:17:04.392 +02:00 [DBG] True
2023-01-28 12:17:04.398 +02:00 [DBG] Sending tile
2023-01-28 12:17:04.411 +02:00 [DBG] True
2023-01-28 12:17:04.415 +02:00 [DBG] Sending tile
2023-01-28 12:17:04.425 +02:00 [DBG] True
2023-01-28 12:17:04.428 +02:00 [DBG] Sending tile
2023-01-28 12:17:04.442 +02:00 [DBG] True
2023-01-28 12:17:04.447 +02:00 [DBG] Sending tile
2023-01-28 12:17:04.457 +02:00 [DBG] True
2023-01-28 12:17:04.462 +02:00 [DBG] Sending tile
2023-01-28 12:17:04.476 +02:00 [DBG] True
2023-01-28 12:17:04.481 +02:00 [DBG] Sending tile
2023-01-28 12:17:04.492 +02:00 [DBG] True
2023-01-28 12:17:04.497 +02:00 [DBG] Sending tile
2023-01-28 12:17:04.509 +02:00 [DBG] True
2023-01-28 12:17:04.515 +02:00 [DBG] Sending tile
2023-01-28 12:17:04.528 +02:00 [DBG] True
2023-01-28 12:17:04.532 +02:00 [DBG] Sending tile
2023-01-28 12:17:04.542 +02:00 [DBG] True
2023-01-28 12:17:04.546 +02:00 [DBG] Sending tile
2023-01-28 12:17:04.558 +02:00 [DBG] True
2023-01-28 12:17:04.563 +02:00 [DBG] Sending tile
2023-01-28 12:17:04.576 +02:00 [DBG] True
2023-01-28 12:17:04.581 +02:00 [DBG] Sending tile
2023-01-28 12:17:04.594 +02:00 [DBG] True
2023-01-28 12:17:04.598 +02:00 [DBG] Sending tile
2023-01-28 12:17:04.608 +02:00 [DBG] True
2023-01-28 12:17:04.611 +02:00 [DBG] Sending tile
2023-01-28 12:17:04.624 +02:00 [DBG] True
2023-01-28 12:17:04.628 +02:00 [DBG] Sending tile
2023-01-28 12:17:04.642 +02:00 [DBG] True
2023-01-28 12:17:04.646 +02:00 [DBG] Sending tile
2023-01-28 12:17:04.659 +02:00 [DBG] True
2023-01-28 12:17:04.663 +02:00 [DBG] Sending tile
2023-01-28 12:17:04.677 +02:00 [DBG] True
2023-01-28 12:17:04.684 +02:00 [DBG] Sending tile
2023-01-28 12:17:04.693 +02:00 [DBG] True
2023-01-28 12:17:04.700 +02:00 [DBG] Sending tile
2023-01-28 12:17:04.712 +02:00 [DBG] True
2023-01-28 12:17:04.718 +02:00 [DBG] Sending tile
2023-01-28 12:17:04.732 +02:00 [DBG] True
2023-01-28 12:17:04.740 +02:00 [DBG] Sending tile
2023-01-28 12:17:04.751 +02:00 [DBG] True
2023-01-28 12:17:04.759 +02:00 [DBG] Sending tile
2023-01-28 12:17:04.775 +02:00 [DBG] True
2023-01-28 12:17:04.779 +02:00 [DBG] Sending tile
2023-01-28 12:17:04.788 +02:00 [DBG] True
2023-01-28 12:17:04.792 +02:00 [DBG] Sending tile
2023-01-28 12:17:04.800 +02:00 [DBG] True
2023-01-28 12:17:04.808 +02:00 [DBG] Sending tile
2023-01-28 12:17:04.815 +02:00 [DBG] True
2023-01-28 12:17:04.819 +02:00 [DBG] Sending tile
2023-01-28 12:17:04.827 +02:00 [DBG] True
2023-01-28 12:17:04.831 +02:00 [DBG] Sending tile
2023-01-28 12:17:04.843 +02:00 [DBG] True
2023-01-28 12:17:04.848 +02:00 [DBG] Sending tile
2023-01-28 12:17:04.861 +02:00 [DBG] True
2023-01-28 12:17:04.864 +02:00 [DBG] Sending tile
2023-01-28 12:17:04.876 +02:00 [DBG] True
2023-01-28 12:17:04.879 +02:00 [DBG] Sending tile
2023-01-28 12:17:04.891 +02:00 [DBG] True
2023-01-28 12:17:04.895 +02:00 [DBG] Sending tile
2023-01-28 12:17:04.910 +02:00 [DBG] True
2023-01-28 12:17:04.916 +02:00 [DBG] Sending tile
2023-01-28 12:17:04.928 +02:00 [DBG] True
2023-01-28 12:17:04.932 +02:00 [DBG] Sending tile
2023-01-28 12:17:04.942 +02:00 [DBG] True
2023-01-28 12:17:04.945 +02:00 [DBG] Sending tile
2023-01-28 12:17:04.957 +02:00 [DBG] True
2023-01-28 12:17:04.961 +02:00 [DBG] Sending tile
2023-01-28 12:17:04.975 +02:00 [DBG] True
2023-01-28 12:17:04.979 +02:00 [DBG] Sending tile
2023-01-28 12:17:04.991 +02:00 [DBG] True
2023-01-28 12:17:04.997 +02:00 [DBG] Sending tile
2023-01-28 12:17:05.009 +02:00 [DBG] True
2023-01-28 12:17:05.013 +02:00 [DBG] Sending tile
2023-01-28 12:17:05.025 +02:00 [DBG] True
2023-01-28 12:17:05.031 +02:00 [DBG] Sending tile
2023-01-28 12:17:05.044 +02:00 [DBG] True
2023-01-28 12:17:05.047 +02:00 [DBG] Sending tile
2023-01-28 12:17:05.059 +02:00 [DBG] True
2023-01-28 12:17:05.064 +02:00 [DBG] Sending tile
2023-01-28 12:17:05.075 +02:00 [DBG] True
2023-01-28 12:17:05.079 +02:00 [DBG] Sending tile
2023-01-28 12:17:05.092 +02:00 [DBG] True
2023-01-28 12:17:05.097 +02:00 [DBG] Sending tile
2023-01-28 12:17:05.111 +02:00 [DBG] True
2023-01-28 12:17:05.114 +02:00 [DBG] Sending tile
2023-01-28 12:17:05.126 +02:00 [DBG] True
2023-01-28 12:17:05.129 +02:00 [DBG] Sending tile
2023-01-28 12:17:05.142 +02:00 [DBG] True
2023-01-28 12:17:05.146 +02:00 [DBG] Sending tile
2023-01-28 12:17:05.161 +02:00 [DBG] True
2023-01-28 12:17:05.165 +02:00 [DBG] Sending tile
2023-01-28 12:17:05.176 +02:00 [DBG] True
2023-01-28 12:17:05.179 +02:00 [DBG] Sending tile
2023-01-28 12:17:05.192 +02:00 [DBG] True
2023-01-28 12:17:05.197 +02:00 [DBG] Sending tile
2023-01-28 12:17:05.210 +02:00 [DBG] True
2023-01-28 12:17:05.214 +02:00 [DBG] Sending tile
2023-01-28 12:17:05.236 +02:00 [DBG] True
2023-01-28 12:17:05.240 +02:00 [DBG] Sending tile
2023-01-28 12:17:05.246 +02:00 [DBG] True
2023-01-28 12:17:05.251 +02:00 [DBG] Sending tile
2023-01-28 12:17:05.261 +02:00 [DBG] True
2023-01-28 12:17:05.265 +02:00 [DBG] Sending tile
2023-01-28 12:17:05.276 +02:00 [DBG] True
2023-01-28 12:17:05.281 +02:00 [DBG] Sending tile
2023-01-28 12:17:05.292 +02:00 [DBG] True
2023-01-28 12:17:05.298 +02:00 [DBG] Sending tile
2023-01-28 12:17:05.311 +02:00 [DBG] True
2023-01-28 12:17:05.315 +02:00 [DBG] Sending tile
2023-01-28 12:17:05.326 +02:00 [DBG] True
2023-01-28 12:17:05.329 +02:00 [DBG] Sending tile
2023-01-28 12:17:05.342 +02:00 [DBG] True
2023-01-28 12:17:05.346 +02:00 [DBG] Sending tile
2023-01-28 12:17:05.359 +02:00 [DBG] True
2023-01-28 12:17:05.362 +02:00 [DBG] Sending tile
2023-01-28 12:17:05.375 +02:00 [DBG] True
2023-01-28 12:17:05.379 +02:00 [DBG] Sending tile
2023-01-28 12:17:05.393 +02:00 [DBG] True
2023-01-28 12:17:05.397 +02:00 [DBG] Sending tile
2023-01-28 12:17:05.410 +02:00 [DBG] True
2023-01-28 12:17:05.414 +02:00 [DBG] Sending tile
2023-01-28 12:17:05.427 +02:00 [DBG] True
2023-01-28 12:17:05.431 +02:00 [DBG] Sending tile
2023-01-28 12:17:05.444 +02:00 [DBG] True
2023-01-28 12:17:05.448 +02:00 [DBG] Sending tile
2023-01-28 12:17:05.459 +02:00 [DBG] True
2023-01-28 12:17:05.463 +02:00 [DBG] Sending tile
2023-01-28 12:17:05.475 +02:00 [DBG] True
2023-01-28 12:17:05.480 +02:00 [DBG] Sending tile
2023-01-28 12:17:05.492 +02:00 [DBG] True
2023-01-28 12:17:05.498 +02:00 [DBG] Sending tile
2023-01-28 12:17:05.510 +02:00 [DBG] True
2023-01-28 12:17:05.516 +02:00 [DBG] Sending tile
2023-01-28 12:17:05.526 +02:00 [DBG] True
2023-01-28 12:17:05.531 +02:00 [DBG] Sending tile
2023-01-28 12:17:05.543 +02:00 [DBG] True
2023-01-28 12:17:05.549 +02:00 [DBG] Sending tile
2023-01-28 12:17:05.560 +02:00 [DBG] True
2023-01-28 12:17:05.565 +02:00 [DBG] Sending tile
2023-01-28 12:17:05.576 +02:00 [DBG] True
2023-01-28 12:17:05.579 +02:00 [DBG] Sending tile
2023-01-28 12:17:05.591 +02:00 [DBG] True
2023-01-28 12:17:05.594 +02:00 [DBG] Sending tile
2023-01-28 12:17:05.608 +02:00 [DBG] True
2023-01-28 12:17:05.613 +02:00 [DBG] Sending tile
2023-01-28 12:17:05.627 +02:00 [DBG] True
2023-01-28 12:17:05.631 +02:00 [DBG] Sending tile
2023-01-28 12:17:05.642 +02:00 [DBG] True
2023-01-28 12:17:05.647 +02:00 [DBG] Sending tile
2023-01-28 12:17:05.660 +02:00 [DBG] True
2023-01-28 12:17:05.665 +02:00 [DBG] Sending tile
2023-01-28 12:17:05.686 +02:00 [DBG] True
2023-01-28 12:17:05.692 +02:00 [DBG] Sending tile
2023-01-28 12:17:05.699 +02:00 [DBG] True
2023-01-28 12:17:05.703 +02:00 [DBG] Sending tile
2023-01-28 12:17:05.712 +02:00 [DBG] True
2023-01-28 12:17:05.717 +02:00 [DBG] Sending tile
2023-01-28 12:17:05.727 +02:00 [DBG] True
2023-01-28 12:17:05.732 +02:00 [DBG] Sending tile
2023-01-28 12:17:05.744 +02:00 [DBG] True
2023-01-28 12:17:05.749 +02:00 [DBG] Sending tile
2023-01-28 12:17:05.760 +02:00 [DBG] True
2023-01-28 12:17:05.766 +02:00 [DBG] Sending tile
2023-01-28 12:17:05.777 +02:00 [DBG] True
2023-01-28 12:17:05.784 +02:00 [DBG] Sending tile
2023-01-28 12:17:05.795 +02:00 [DBG] True
2023-01-28 12:17:05.799 +02:00 [DBG] Sending tile
2023-01-28 12:17:05.811 +02:00 [DBG] True
2023-01-28 12:17:05.815 +02:00 [DBG] Sending tile
