2023-01-28 12:48:11.516 +02:00 [INF] E:\desktop\Projects\BuildingGame\bin\Debug\net6.0-windows\Logs/Latest.log
2023-01-28 12:48:12.469 +02:00 [INF] Hello from game!
2023-01-28 12:48:17.026 +02:00 [INF] Subscribed packet of type TileAction
2023-01-28 12:48:17.029 +02:00 [DBG] Client ready to use
2023-01-28 12:48:17.044 +02:00 [DBG] Trying connect to 127.0.0.1:1928...
2023-01-28 12:48:17.087 +02:00 [INF] Packet PlayerConnect received
2023-01-28 12:48:17.095 +02:00 [INF] Packet PlayerConnect received
2023-01-28 12:51:49.249 +02:00 [INF] E:\desktop\Projects\BuildingGame\bin\Debug\net6.0-windows\Logs/Latest.log
2023-01-28 12:51:50.725 +02:00 [INF] Hello from game!
2023-01-28 12:51:54.813 +02:00 [DBG] Server will be hosted at 127.0.0.1:1928
2023-01-28 12:51:54.818 +02:00 [INF] Subscribed packet of type TileAction
2023-01-28 12:51:54.824 +02:00 [DBG] Client ready to use
2023-01-28 12:51:54.827 +02:00 [DBG] Client info:
	- Username: player
	- Server: 127.0.0.1:1928
2023-01-28 12:51:54.834 +02:00 [DBG] Server listening at 127.0.0.1:1928
2023-01-28 12:51:54.868 +02:00 [DBG] Trying connect to 127.0.0.1:1928...
2023-01-28 12:51:54.924 +02:00 [DBG] PlayerConnect
2023-01-28 12:51:54.928 +02:00 [INF] Packet PlayerConnect received
2023-01-28 12:51:54.937 +02:00 [DBG] Resending PlayerConnect
2023-01-28 12:51:54.946 +02:00 [INF] Packet PlayerConnect received
2023-01-28 12:52:04.199 +02:00 [DBG] TileAction
2023-01-28 12:52:04.205 +02:00 [INF] Packet TileAction received
2023-01-28 12:52:04.208 +02:00 [DBG] Resending TileAction
2023-01-28 12:52:04.213 +02:00 [DBG] Resending TileAction
2023-01-28 12:52:04.220 +02:00 [DBG] PlayerConnect
2023-01-28 12:52:04.224 +02:00 [INF] Packet PlayerConnect received
2023-01-28 12:52:04.227 +02:00 [DBG] Resending PlayerConnect
2023-01-28 12:52:04.231 +02:00 [DBG] Resending PlayerConnect
2023-01-28 12:52:04.240 +02:00 [INF] Packet TileAction received
2023-01-28 12:52:04.252 +02:00 [DBG] 0
2023-01-28 12:52:04.257 +02:00 [INF] Packet TileAction received
2023-01-28 12:52:04.260 +02:00 [DBG] 0
