2023-01-28 13:29:29.711 +02:00 [INF] E:\desktop\Projects\BuildingGame\bin\Debug\net6.0-windows\Logs/Latest.log
2023-01-28 13:29:30.750 +02:00 [INF] Hello from game!
2023-01-28 13:32:06.743 +02:00 [INF] E:\desktop\Projects\BuildingGame\bin\Debug\net6.0-windows\Logs/Latest.log
2023-01-28 13:32:07.753 +02:00 [INF] Hello from game!
2023-01-28 13:32:20.829 +02:00 [DBG] Server will be hosted at 127.0.0.1:1928
2023-01-28 13:32:20.833 +02:00 [INF] Subscribed packet of type TileAction
2023-01-28 13:32:20.839 +02:00 [DBG] Client ready to use
2023-01-28 13:32:20.841 +02:00 [DBG] Client info:
	- Username: player
	- Server: 127.0.0.1:1928
2023-01-28 13:32:20.853 +02:00 [DBG] Server listening at 127.0.0.1:1928
2023-01-28 13:32:20.877 +02:00 [DBG] Trying connect to 127.0.0.1:1928...
2023-01-28 13:32:20.929 +02:00 [DBG] PlayerConnect
2023-01-28 13:32:20.934 +02:00 [INF] Packet PlayerConnect received
2023-01-28 13:32:20.946 +02:00 [DBG] Resending PlayerConnect
2023-01-28 13:32:20.961 +02:00 [INF] Packet PlayerConnect received
2023-01-28 13:32:27.751 +02:00 [DBG] TileAction
2023-01-28 13:32:27.755 +02:00 [INF] Packet TileAction received
2023-01-28 13:32:27.758 +02:00 [DBG] Resending TileAction
2023-01-28 13:32:27.763 +02:00 [DBG] Resending TileAction
2023-01-28 13:32:27.765 +02:00 [DBG] PlayerConnect
2023-01-28 13:32:27.768 +02:00 [INF] Packet PlayerConnect received
2023-01-28 13:32:27.771 +02:00 [DBG] Resending PlayerConnect
2023-01-28 13:32:27.776 +02:00 [DBG] Resending PlayerConnect
2023-01-28 13:32:27.779 +02:00 [INF] Packet TileAction received
2023-01-28 13:32:27.787 +02:00 [INF] Packet TileAction received
