2023-01-21 10:52:49.774 +02:00 [INF] E:\desktop\Projects\BuildingGame\bin\Debug\net6.0-windows\Logs/Latest.log
2023-01-21 10:53:35.452 +02:00 [INF] E:\desktop\Projects\BuildingGame\bin\Debug\net6.0-windows\Logs/Latest.log
2023-01-21 10:53:36.519 +02:00 [INF] Hello from game!
2023-01-21 10:54:53.720 +02:00 [INF] E:\desktop\Projects\BuildingGame\bin\Debug\net6.0-windows\Logs/Latest.log
2023-01-21 10:54:54.815 +02:00 [INF] Hello from game!
2023-01-21 10:56:45.604 +02:00 [INF] E:\desktop\Projects\BuildingGame\bin\Debug\net6.0-windows\Logs/Latest.log
2023-01-21 10:57:16.501 +02:00 [INF] E:\desktop\Projects\BuildingGame\bin\Debug\net6.0-windows\Logs/Latest.log
2023-01-21 10:57:18.002 +02:00 [INF] Hello from game!
2023-01-21 10:59:12.916 +02:00 [INF] E:\desktop\Projects\BuildingGame\bin\Debug\net6.0-windows\Logs/Latest.log
2023-01-21 10:59:14.137 +02:00 [INF] Hello from game!
2023-01-21 11:20:23.329 +02:00 [INF] E:\desktop\Projects\BuildingGame\bin\Debug\net6.0-windows\Logs/Latest.log
2023-01-21 11:20:24.940 +02:00 [INF] Hello from game!
2023-01-21 11:22:20.887 +02:00 [INF] E:\desktop\Projects\BuildingGame\bin\Debug\net6.0-windows\Logs/Latest.log
2023-01-21 11:22:22.171 +02:00 [INF] Hello from game!
2023-01-21 11:24:20.935 +02:00 [INF] E:\desktop\Projects\BuildingGame\bin\Debug\net6.0-windows\Logs/Latest.log
2023-01-21 11:24:22.195 +02:00 [INF] Hello from game!
2023-01-21 11:26:47.095 +02:00 [INF] E:\desktop\Projects\BuildingGame\bin\Debug\net6.0-windows\Logs/Latest.log
2023-01-21 11:26:48.166 +02:00 [INF] Hello from game!
2023-01-21 11:30:09.422 +02:00 [INF] E:\desktop\Projects\BuildingGame\bin\Debug\net6.0-windows\Logs/Latest.log
2023-01-21 11:30:11.266 +02:00 [INF] Hello from game!
2023-01-21 11:30:45.919 +02:00 [INF] E:\desktop\Projects\BuildingGame\bin\Debug\net6.0-windows\Logs/Latest.log
2023-01-21 11:30:47.064 +02:00 [INF] Hello from game!
2023-01-21 11:33:16.675 +02:00 [INF] E:\desktop\Projects\BuildingGame\bin\Debug\net6.0-windows\Logs/Latest.log
2023-01-21 11:33:17.779 +02:00 [INF] Hello from game!
2023-01-21 11:34:26.681 +02:00 [INF] E:\desktop\Projects\BuildingGame\bin\Debug\net6.0-windows\Logs/Latest.log
2023-01-21 11:34:28.273 +02:00 [INF] Hello from game!
2023-01-21 11:38:26.510 +02:00 [INF] E:\desktop\Projects\BuildingGame\bin\Debug\net6.0-windows\Logs/Latest.log
2023-01-21 11:38:28.581 +02:00 [INF] Hello from game!
2023-01-21 11:39:48.564 +02:00 [INF] E:\desktop\Projects\BuildingGame\bin\Debug\net6.0-windows\Logs/Latest.log
2023-01-21 11:39:49.646 +02:00 [INF] Hello from game!
2023-01-21 11:39:52.489 +02:00 [INF] Subscribed packet of type PlayerConnect
2023-01-21 11:39:52.521 +02:00 [DBG] Server will be hosted at 127.0.0.1:1928
2023-01-21 11:39:52.535 +02:00 [INF] Subscribed packet of type TileAction
2023-01-21 11:39:52.539 +02:00 [DBG] Client ready to use
2023-01-21 11:39:52.546 +02:00 [DBG] Client info:
	- Username: player
	- Server: 127.0.0.1:1928
2023-01-21 11:39:52.596 +02:00 [DBG] Server listening at 127.0.0.1:1928
2023-01-21 11:39:52.637 +02:00 [DBG] Trying connect to 127.0.0.1:1928...
