2023-01-28 22:12:15.235 +02:00 [INF] E:\desktop\Projects\BuildingGame\bin\Debug\net6.0-windows\Logs/Latest.log
2023-01-28 22:12:16.734 +02:00 [INF] Hello from game!
2023-01-28 22:12:20.358 +02:00 [DBG] Server will be hosted at 127.0.0.1:1928
2023-01-28 22:12:20.360 +02:00 [INF] Subscribed packet of type TileAction
2023-01-28 22:12:20.366 +02:00 [DBG] Client ready to use
2023-01-28 22:12:20.367 +02:00 [DBG] Client info:
	- Username: player
	- Server: 127.0.0.1:1928
2023-01-28 22:12:32.276 +02:00 [INF] E:\desktop\Projects\BuildingGame\bin\Debug\net6.0-windows\Logs/Latest.log
2023-01-28 22:12:33.096 +02:00 [INF] Hello from game!
2023-01-28 22:12:36.388 +02:00 [INF] Subscribed packet of type TileAction
2023-01-28 22:12:36.394 +02:00 [DBG] Client ready to use
2023-01-28 22:12:36.399 +02:00 [DBG] Must send packet PlayerConnect
2023-01-28 22:12:36.400 +02:00 [DBG] Trying connect to 127.0.0.1:1928...
2023-01-28 22:12:36.429 +02:00 [INF] Packet TileAction received
2023-01-28 22:12:36.443 +02:00 [INF] Packet TileAction received
2023-01-28 22:12:36.443 +02:00 [INF] Packet Empty received
2023-01-28 22:12:36.443 +02:00 [INF] Packet Empty received
2023-01-28 22:12:36.471 +02:00 [INF] Packet Empty received
2023-01-28 22:12:36.473 +02:00 [INF] Packet Empty received
2023-01-28 22:12:36.491 +02:00 [INF] Packet Empty received
2023-01-28 22:12:36.507 +02:00 [INF] Packet Empty received
2023-01-28 22:12:36.525 +02:00 [INF] Packet Empty received
2023-01-28 22:12:36.540 +02:00 [INF] Packet Empty received
2023-01-28 22:12:36.558 +02:00 [INF] Packet Empty received
2023-01-28 22:12:37.768 +02:00 [DBG] Must send packet TileAction
2023-01-28 22:12:37.776 +02:00 [DBG] Must send packet TileAction
2023-01-28 22:12:37.794 +02:00 [DBG] Must send packet TileAction
2023-01-28 22:12:37.809 +02:00 [DBG] Must send packet TileAction
2023-01-28 22:12:37.827 +02:00 [DBG] Must send packet TileAction
2023-01-28 22:12:37.842 +02:00 [DBG] Must send packet TileAction
2023-01-28 22:12:37.859 +02:00 [DBG] Must send packet TileAction
2023-01-28 22:12:38.179 +02:00 [DBG] Must send packet TileAction
2023-01-28 22:12:38.192 +02:00 [DBG] Must send packet TileAction
2023-01-28 22:12:38.210 +02:00 [DBG] Must send packet TileAction
2023-01-28 22:12:38.226 +02:00 [DBG] Must send packet TileAction
2023-01-28 22:12:38.243 +02:00 [DBG] Must send packet TileAction
2023-01-28 22:12:38.260 +02:00 [DBG] Must send packet TileAction
2023-01-28 22:12:38.276 +02:00 [DBG] Must send packet TileAction
2023-01-28 22:12:38.292 +02:00 [DBG] Must send packet TileAction
2023-01-28 22:12:38.310 +02:00 [DBG] Must send packet TileAction
2023-01-28 22:12:38.327 +02:00 [DBG] Must send packet TileAction
2023-01-28 22:12:38.342 +02:00 [DBG] Must send packet TileAction
2023-01-28 22:12:38.360 +02:00 [DBG] Must send packet TileAction
2023-01-28 22:12:38.375 +02:00 [DBG] Must send packet TileAction
2023-01-28 22:12:38.394 +02:00 [DBG] Must send packet TileAction
2023-01-28 22:12:38.408 +02:00 [DBG] Must send packet TileAction
2023-01-28 22:12:38.426 +02:00 [DBG] Must send packet TileAction
2023-01-28 22:12:38.442 +02:00 [DBG] Must send packet TileAction
2023-01-28 22:12:38.460 +02:00 [DBG] Must send packet TileAction
2023-01-28 22:12:38.475 +02:00 [DBG] Must send packet TileAction
2023-01-28 22:12:38.494 +02:00 [DBG] Must send packet TileAction
2023-01-28 22:12:38.508 +02:00 [DBG] Must send packet TileAction
2023-01-28 22:12:38.527 +02:00 [DBG] Must send packet TileAction
2023-01-28 22:12:38.542 +02:00 [DBG] Must send packet TileAction
2023-01-28 22:12:39.027 +02:00 [DBG] Must send packet TileAction
2023-01-28 22:12:39.042 +02:00 [DBG] Must send packet TileAction
2023-01-28 22:12:39.058 +02:00 [DBG] Must send packet TileAction
2023-01-28 22:12:39.076 +02:00 [DBG] Must send packet TileAction
2023-01-28 22:12:39.092 +02:00 [DBG] Must send packet TileAction
2023-01-28 22:12:39.109 +02:00 [DBG] Must send packet TileAction
2023-01-28 22:12:39.125 +02:00 [DBG] Must send packet TileAction
2023-01-28 22:12:39.142 +02:00 [DBG] Must send packet TileAction
2023-01-28 22:12:39.160 +02:00 [DBG] Must send packet TileAction
2023-01-28 22:12:39.176 +02:00 [DBG] Must send packet TileAction
2023-01-28 22:12:39.192 +02:00 [DBG] Must send packet TileAction
2023-01-28 22:12:39.209 +02:00 [DBG] Must send packet TileAction
2023-01-28 22:12:39.226 +02:00 [DBG] Must send packet TileAction
2023-01-28 22:12:39.242 +02:00 [DBG] Must send packet TileAction
2023-01-28 22:12:39.259 +02:00 [DBG] Must send packet TileAction
2023-01-28 22:12:39.276 +02:00 [DBG] Must send packet TileAction
2023-01-28 22:12:39.293 +02:00 [DBG] Must send packet TileAction
2023-01-28 22:12:39.308 +02:00 [DBG] Must send packet TileAction
2023-01-28 22:12:39.326 +02:00 [DBG] Must send packet TileAction
2023-01-28 22:12:39.341 +02:00 [DBG] Must send packet TileAction
2023-01-28 22:12:39.360 +02:00 [DBG] Must send packet TileAction
2023-01-28 22:12:39.375 +02:00 [DBG] Must send packet TileAction
2023-01-28 22:12:39.393 +02:00 [DBG] Must send packet TileAction
2023-01-28 22:12:39.408 +02:00 [DBG] Must send packet TileAction
2023-01-28 22:12:39.426 +02:00 [DBG] Must send packet TileAction
2023-01-28 22:12:39.443 +02:00 [DBG] Must send packet TileAction
2023-01-28 22:12:39.460 +02:00 [DBG] Must send packet TileAction
2023-01-28 22:12:39.475 +02:00 [DBG] Must send packet TileAction
2023-01-28 22:12:39.493 +02:00 [DBG] Must send packet TileAction
2023-01-28 22:12:39.509 +02:00 [DBG] Must send packet TileAction
2023-01-28 22:12:39.525 +02:00 [DBG] Must send packet TileAction
2023-01-28 22:12:39.543 +02:00 [DBG] Must send packet TileAction
2023-01-28 22:12:39.559 +02:00 [DBG] Must send packet TileAction
2023-01-28 22:12:39.576 +02:00 [DBG] Must send packet TileAction
2023-01-28 22:12:39.592 +02:00 [DBG] Must send packet TileAction
2023-01-28 22:12:39.609 +02:00 [DBG] Must send packet TileAction
2023-01-28 22:12:39.625 +02:00 [DBG] Must send packet TileAction
2023-01-28 22:12:39.642 +02:00 [DBG] Must send packet TileAction
2023-01-28 22:12:39.659 +02:00 [DBG] Must send packet TileAction
2023-01-28 22:12:39.676 +02:00 [DBG] Must send packet TileAction
2023-01-28 22:12:39.693 +02:00 [DBG] Must send packet TileAction
2023-01-28 22:12:39.711 +02:00 [DBG] Must send packet TileAction
2023-01-28 22:12:39.726 +02:00 [DBG] Must send packet TileAction
2023-01-28 22:12:39.745 +02:00 [DBG] Must send packet TileAction
2023-01-28 22:12:39.761 +02:00 [DBG] Must send packet TileAction
2023-01-28 22:12:39.776 +02:00 [DBG] Must send packet TileAction
2023-01-28 22:12:39.793 +02:00 [DBG] Must send packet TileAction
2023-01-28 22:12:39.808 +02:00 [DBG] Must send packet TileAction
2023-01-28 22:12:39.826 +02:00 [DBG] Must send packet TileAction
2023-01-28 22:12:39.842 +02:00 [DBG] Must send packet TileAction
2023-01-28 22:12:39.861 +02:00 [DBG] Must send packet TileAction
2023-01-28 22:12:39.876 +02:00 [DBG] Must send packet TileAction
2023-01-28 22:12:39.893 +02:00 [DBG] Must send packet TileAction
2023-01-28 22:12:39.909 +02:00 [DBG] Must send packet TileAction
2023-01-28 22:12:39.927 +02:00 [DBG] Must send packet TileAction
2023-01-28 22:12:39.942 +02:00 [DBG] Must send packet TileAction
2023-01-28 22:12:39.960 +02:00 [DBG] Must send packet TileAction
2023-01-28 22:12:39.976 +02:00 [DBG] Must send packet TileAction
2023-01-28 22:12:39.992 +02:00 [DBG] Must send packet TileAction
2023-01-28 22:12:40.009 +02:00 [DBG] Must send packet TileAction
2023-01-28 22:12:40.026 +02:00 [DBG] Must send packet TileAction
2023-01-28 22:12:40.043 +02:00 [DBG] Must send packet TileAction
2023-01-28 22:12:40.059 +02:00 [DBG] Must send packet TileAction
2023-01-28 22:12:40.076 +02:00 [DBG] Must send packet TileAction
2023-01-28 22:12:40.092 +02:00 [DBG] Must send packet TileAction
2023-01-28 22:12:40.110 +02:00 [DBG] Must send packet TileAction
2023-01-28 22:12:40.126 +02:00 [DBG] Must send packet TileAction
2023-01-28 22:12:40.143 +02:00 [DBG] Must send packet TileAction
2023-01-28 22:12:40.159 +02:00 [DBG] Must send packet TileAction
2023-01-28 22:12:40.176 +02:00 [DBG] Must send packet TileAction
2023-01-28 22:12:40.193 +02:00 [DBG] Must send packet TileAction
2023-01-28 22:12:40.209 +02:00 [DBG] Must send packet TileAction
2023-01-28 22:12:40.227 +02:00 [DBG] Must send packet TileAction
2023-01-28 22:12:40.242 +02:00 [DBG] Must send packet TileAction
2023-01-28 22:12:40.260 +02:00 [DBG] Must send packet TileAction
2023-01-28 22:12:40.275 +02:00 [DBG] Must send packet TileAction
2023-01-28 22:12:40.293 +02:00 [DBG] Must send packet TileAction
2023-01-28 22:12:40.308 +02:00 [DBG] Must send packet TileAction
2023-01-28 22:12:40.327 +02:00 [DBG] Must send packet TileAction
2023-01-28 22:12:40.341 +02:00 [DBG] Must send packet TileAction
2023-01-28 22:12:40.360 +02:00 [DBG] Must send packet TileAction
2023-01-28 22:12:40.375 +02:00 [DBG] Must send packet TileAction
2023-01-28 22:12:40.393 +02:00 [DBG] Must send packet TileAction
2023-01-28 22:12:40.409 +02:00 [DBG] Must send packet TileAction
2023-01-28 22:12:40.426 +02:00 [DBG] Must send packet TileAction
2023-01-28 22:12:40.442 +02:00 [DBG] Must send packet TileAction
2023-01-28 22:12:40.460 +02:00 [DBG] Must send packet TileAction
2023-01-28 22:12:40.476 +02:00 [DBG] Must send packet TileAction
2023-01-28 22:12:40.492 +02:00 [DBG] Must send packet TileAction
2023-01-28 22:12:40.510 +02:00 [DBG] Must send packet TileAction
2023-01-28 22:12:40.526 +02:00 [DBG] Must send packet TileAction
2023-01-28 22:12:40.543 +02:00 [DBG] Must send packet TileAction
2023-01-28 22:12:40.559 +02:00 [DBG] Must send packet TileAction
2023-01-28 22:12:40.577 +02:00 [DBG] Must send packet TileAction
2023-01-28 22:12:40.592 +02:00 [DBG] Must send packet TileAction
2023-01-28 22:12:40.610 +02:00 [DBG] Must send packet TileAction
2023-01-28 22:12:40.626 +02:00 [DBG] Must send packet TileAction
2023-01-28 22:12:40.643 +02:00 [DBG] Must send packet TileAction
2023-01-28 22:12:40.660 +02:00 [DBG] Must send packet TileAction
2023-01-28 22:12:40.676 +02:00 [DBG] Must send packet TileAction
2023-01-28 22:12:40.693 +02:00 [DBG] Must send packet TileAction
2023-01-28 22:12:40.712 +02:00 [DBG] Must send packet TileAction
2023-01-28 22:12:40.728 +02:00 [DBG] Must send packet TileAction
2023-01-28 22:12:40.743 +02:00 [DBG] Must send packet TileAction
2023-01-28 22:12:40.760 +02:00 [DBG] Must send packet TileAction
2023-01-28 22:12:40.775 +02:00 [DBG] Must send packet TileAction
2023-01-28 22:12:40.793 +02:00 [DBG] Must send packet TileAction
2023-01-28 22:12:40.808 +02:00 [DBG] Must send packet TileAction
2023-01-28 22:12:40.827 +02:00 [DBG] Must send packet TileAction
2023-01-28 22:12:40.842 +02:00 [DBG] Must send packet TileAction
2023-01-28 22:12:40.860 +02:00 [DBG] Must send packet TileAction
2023-01-28 22:12:40.876 +02:00 [DBG] Must send packet TileAction
2023-01-28 22:12:40.893 +02:00 [DBG] Must send packet TileAction
2023-01-28 22:12:40.910 +02:00 [DBG] Must send packet TileAction
2023-01-28 22:12:40.927 +02:00 [DBG] Must send packet TileAction
2023-01-28 22:12:40.943 +02:00 [DBG] Must send packet TileAction
2023-01-28 22:12:40.961 +02:00 [DBG] Must send packet TileAction
2023-01-28 22:12:40.976 +02:00 [DBG] Must send packet TileAction
2023-01-28 22:12:40.992 +02:00 [DBG] Must send packet TileAction
2023-01-28 22:14:25.272 +02:00 [INF] E:\desktop\Projects\BuildingGame\bin\Debug\net6.0-windows\Logs/Latest.log
2023-01-28 22:14:27.614 +02:00 [INF] Hello from game!
2023-01-28 22:14:31.032 +02:00 [DBG] Server will be hosted at 127.0.0.1:1928
2023-01-28 22:14:31.036 +02:00 [INF] Subscribed packet of type TileAction
2023-01-28 22:14:31.045 +02:00 [DBG] Client ready to use
2023-01-28 22:14:31.048 +02:00 [DBG] Client info:
	- Username: player
	- Server: 127.0.0.1:1928
2023-01-28 22:14:31.058 +02:00 [DBG] Server listening at 127.0.0.1:1928
2023-01-28 22:14:31.069 +02:00 [DBG] Must send packet PlayerConnect
2023-01-28 22:14:31.079 +02:00 [DBG] Sended packet to server
2023-01-28 22:14:31.083 +02:00 [DBG] Trying connect to 127.0.0.1:1928...
2023-01-28 22:14:31.218 +02:00 [DBG] PlayerConnect
2023-01-28 22:14:31.225 +02:00 [INF] Packet PlayerConnect received
2023-01-28 22:14:31.236 +02:00 [DBG] Resending PlayerConnect
2023-01-28 22:14:31.253 +02:00 [INF] Packet PlayerConnect received
2023-01-28 22:14:31.643 +02:00 [DBG] Must send packet TileAction
2023-01-28 22:14:31.649 +02:00 [DBG] Sended packet to server
2023-01-28 22:14:31.660 +02:00 [DBG] Must send packet TileAction
2023-01-28 22:14:31.663 +02:00 [DBG] Sended packet to server
2023-01-28 22:14:31.676 +02:00 [DBG] Must send packet TileAction
2023-01-28 22:14:31.681 +02:00 [DBG] Sended packet to server
2023-01-28 22:14:31.694 +02:00 [DBG] Must send packet TileAction
2023-01-28 22:14:31.697 +02:00 [DBG] Sended packet to server
2023-01-28 22:14:31.713 +02:00 [DBG] Must send packet TileAction
2023-01-28 22:14:31.716 +02:00 [DBG] Sended packet to server
2023-01-28 22:14:31.731 +02:00 [DBG] Must send packet TileAction
2023-01-28 22:14:31.746 +02:00 [DBG] Sended packet to server
2023-01-28 22:14:31.754 +02:00 [DBG] Must send packet TileAction
2023-01-28 22:14:31.761 +02:00 [DBG] Sended packet to server
2023-01-28 22:14:31.766 +02:00 [DBG] Must send packet TileAction
2023-01-28 22:14:31.770 +02:00 [DBG] Sended packet to server
2023-01-28 22:14:31.780 +02:00 [DBG] Must send packet TileAction
2023-01-28 22:14:31.788 +02:00 [DBG] Sended packet to server
2023-01-28 22:14:31.798 +02:00 [DBG] Must send packet TileAction
2023-01-28 22:14:31.802 +02:00 [DBG] Sended packet to server
2023-01-28 22:14:31.817 +02:00 [DBG] Must send packet TileAction
2023-01-28 22:14:31.821 +02:00 [DBG] Sended packet to server
2023-01-28 22:14:31.830 +02:00 [DBG] Must send packet TileAction
2023-01-28 22:14:31.833 +02:00 [DBG] Sended packet to server
2023-01-28 22:14:31.839 +02:00 [DBG] Must send packet TileAction
2023-01-28 22:14:31.848 +02:00 [DBG] Sended packet to server
2023-01-28 22:14:31.856 +02:00 [DBG] Must send packet TileAction
2023-01-28 22:14:31.865 +02:00 [DBG] Sended packet to server
2023-01-28 22:14:31.878 +02:00 [DBG] Must send packet TileAction
2023-01-28 22:14:31.883 +02:00 [DBG] Sended packet to server
2023-01-28 22:14:31.896 +02:00 [DBG] Must send packet TileAction
2023-01-28 22:14:31.899 +02:00 [DBG] Sended packet to server
2023-01-28 22:14:31.914 +02:00 [DBG] Must send packet TileAction
2023-01-28 22:14:31.918 +02:00 [DBG] Sended packet to server
2023-01-28 22:14:31.930 +02:00 [DBG] Must send packet TileAction
2023-01-28 22:14:31.937 +02:00 [DBG] Sended packet to server
2023-01-28 22:14:31.948 +02:00 [DBG] Must send packet TileAction
2023-01-28 22:14:31.952 +02:00 [DBG] Sended packet to server
2023-01-28 22:14:31.964 +02:00 [DBG] Must send packet TileAction
2023-01-28 22:14:31.968 +02:00 [DBG] Sended packet to server
2023-01-28 22:14:31.979 +02:00 [DBG] Must send packet TileAction
2023-01-28 22:14:31.982 +02:00 [DBG] Sended packet to server
2023-01-28 22:14:31.993 +02:00 [DBG] Must send packet TileAction
2023-01-28 22:14:31.997 +02:00 [DBG] Sended packet to server
2023-01-28 22:14:32.012 +02:00 [DBG] Must send packet TileAction
2023-01-28 22:14:32.017 +02:00 [DBG] Sended packet to server
2023-01-28 22:14:39.705 +02:00 [DBG] Must send packet TileAction
2023-01-28 22:14:39.710 +02:00 [DBG] Sended packet to server
2023-01-28 22:14:39.720 +02:00 [DBG] Must send packet TileAction
2023-01-28 22:14:39.723 +02:00 [DBG] Sended packet to server
2023-01-28 22:14:39.733 +02:00 [DBG] Must send packet TileAction
2023-01-28 22:14:39.737 +02:00 [DBG] Sended packet to server
2023-01-28 22:14:39.741 +02:00 [DBG] Must send packet TileAction
2023-01-28 22:14:39.752 +02:00 [DBG] Sended packet to server
2023-01-28 22:14:39.755 +02:00 [DBG] Must send packet TileAction
2023-01-28 22:14:39.759 +02:00 [DBG] Sended packet to server
2023-01-28 22:14:39.769 +02:00 [DBG] Must send packet TileAction
2023-01-28 22:14:39.774 +02:00 [DBG] Sended packet to server
2023-01-28 22:14:39.821 +02:00 [DBG] Must send packet TileAction
2023-01-28 22:14:39.825 +02:00 [DBG] Sended packet to server
2023-01-28 22:14:39.850 +02:00 [DBG] Must send packet TileAction
2023-01-28 22:14:39.853 +02:00 [DBG] Sended packet to server
2023-01-28 22:14:39.864 +02:00 [DBG] Must send packet TileAction
2023-01-28 22:14:39.871 +02:00 [DBG] Sended packet to server
2023-01-28 22:14:39.884 +02:00 [DBG] Must send packet TileAction
2023-01-28 22:14:39.889 +02:00 [DBG] Sended packet to server
2023-01-28 22:14:39.901 +02:00 [DBG] Must send packet TileAction
2023-01-28 22:14:39.904 +02:00 [DBG] Sended packet to server
2023-01-28 22:14:39.915 +02:00 [DBG] Must send packet TileAction
2023-01-28 22:14:39.920 +02:00 [DBG] Sended packet to server
2023-01-28 22:14:39.927 +02:00 [DBG] Must send packet TileAction
2023-01-28 22:14:39.933 +02:00 [DBG] Sended packet to server
2023-01-28 22:14:39.938 +02:00 [DBG] Must send packet TileAction
2023-01-28 22:14:39.945 +02:00 [DBG] Sended packet to server
2023-01-28 22:14:39.953 +02:00 [DBG] Must send packet TileAction
2023-01-28 22:14:39.958 +02:00 [DBG] Sended packet to server
2023-01-28 22:14:39.970 +02:00 [DBG] Must send packet TileAction
2023-01-28 22:14:39.973 +02:00 [DBG] Sended packet to server
2023-01-28 22:14:39.985 +02:00 [DBG] Must send packet TileAction
2023-01-28 22:14:39.989 +02:00 [DBG] Sended packet to server
2023-01-28 22:14:39.997 +02:00 [DBG] Must send packet TileAction
2023-01-28 22:14:40.001 +02:00 [DBG] Sended packet to server
2023-01-28 22:14:40.005 +02:00 [DBG] Must send packet TileAction
2023-01-28 22:14:40.010 +02:00 [DBG] Sended packet to server
2023-01-28 22:14:40.019 +02:00 [DBG] Must send packet TileAction
2023-01-28 22:14:40.022 +02:00 [DBG] Sended packet to server
2023-01-28 22:14:40.031 +02:00 [DBG] Must send packet TileAction
2023-01-28 22:14:40.034 +02:00 [DBG] Sended packet to server
2023-01-28 22:14:40.039 +02:00 [DBG] Must send packet TileAction
2023-01-28 22:14:40.044 +02:00 [DBG] Sended packet to server
2023-01-28 22:14:40.051 +02:00 [DBG] Must send packet TileAction
2023-01-28 22:14:40.055 +02:00 [DBG] Sended packet to server
2023-01-28 22:14:40.062 +02:00 [DBG] Must send packet TileAction
2023-01-28 22:14:40.067 +02:00 [DBG] Sended packet to server
2023-01-28 22:14:40.103 +02:00 [DBG] Must send packet TileAction
2023-01-28 22:14:40.119 +02:00 [DBG] Sended packet to server
2023-01-28 22:14:40.136 +02:00 [DBG] Must send packet TileAction
2023-01-28 22:14:40.152 +02:00 [DBG] Sended packet to server
2023-01-28 22:14:40.164 +02:00 [DBG] Must send packet TileAction
2023-01-28 22:14:40.169 +02:00 [DBG] Sended packet to server
2023-01-28 22:14:40.174 +02:00 [DBG] Must send packet TileAction
2023-01-28 22:14:40.183 +02:00 [DBG] Sended packet to server
2023-01-28 22:14:40.189 +02:00 [DBG] Must send packet TileAction
2023-01-28 22:14:40.195 +02:00 [DBG] Sended packet to server
2023-01-28 22:14:40.204 +02:00 [DBG] Must send packet TileAction
2023-01-28 22:14:40.208 +02:00 [DBG] Sended packet to server
2023-01-28 22:14:40.250 +02:00 [DBG] Must send packet TileAction
2023-01-28 22:14:40.254 +02:00 [DBG] Sended packet to server
2023-01-28 22:14:40.259 +02:00 [DBG] Must send packet TileAction
2023-01-28 22:14:40.264 +02:00 [DBG] Sended packet to server
2023-01-28 22:14:40.272 +02:00 [DBG] Must send packet TileAction
2023-01-28 22:14:40.282 +02:00 [DBG] Sended packet to server
2023-01-28 22:14:40.287 +02:00 [DBG] Must send packet TileAction
2023-01-28 22:14:40.291 +02:00 [DBG] Sended packet to server
2023-01-28 22:14:40.301 +02:00 [DBG] Must send packet TileAction
2023-01-28 22:14:40.308 +02:00 [DBG] Sended packet to server
2023-01-28 22:14:40.321 +02:00 [DBG] Must send packet TileAction
2023-01-28 22:14:40.325 +02:00 [DBG] Sended packet to server
2023-01-28 22:14:40.335 +02:00 [DBG] Must send packet TileAction
2023-01-28 22:14:40.339 +02:00 [DBG] Sended packet to server
2023-01-28 22:14:40.349 +02:00 [DBG] Must send packet TileAction
2023-01-28 22:14:40.352 +02:00 [DBG] Sended packet to server
2023-01-28 22:14:40.356 +02:00 [DBG] Must send packet TileAction
2023-01-28 22:14:40.364 +02:00 [DBG] Sended packet to server
2023-01-28 22:14:43.266 +02:00 [DBG] TileAction
2023-01-28 22:14:43.270 +02:00 [INF] Packet TileAction received
2023-01-28 22:14:43.277 +02:00 [DBG] Resending TileAction
2023-01-28 22:14:43.290 +02:00 [DBG] Resending TileAction
2023-01-28 22:14:43.297 +02:00 [DBG] PlayerConnect
2023-01-28 22:14:43.302 +02:00 [INF] Packet PlayerConnect received
2023-01-28 22:14:43.306 +02:00 [DBG] Resending PlayerConnect
2023-01-28 22:14:43.312 +02:00 [DBG] Resending PlayerConnect
2023-01-28 22:14:43.318 +02:00 [INF] Packet TileAction received
2023-01-28 22:14:43.331 +02:00 [INF] Packet TileAction received
